Command line invocation:
    /Applications/Xcode.app/Contents/Developer/usr/bin/xcodebuild -project LeafClinicWalkthrough.xcodeproj -scheme LeafClinicWalkthrough -configuration Debug -destination "platform=iOS Simulator,name=iPhone 17 Pro,OS=26.5" -derivedDataPath .build/xcode-derived build

2026-07-08 22:37:47.508 xcodebuild[85607:268454058] [MT] IDERunDestination: Supported platforms for the buildables in the current scheme is empty.
ComputePackagePrebuildTargetDependencyGraph

Prepare packages

CreateBuildRequest

SendProjectDescription

CreateBuildOperation

ComputeTargetDependencyGraph
note: Building targets in dependency order
note: Target dependency graph (1 target)
    Target 'LeafClinicWalkthrough' in project 'LeafClinicWalkthrough' (no dependencies)

GatherProvisioningInputs

CreateBuildDescription

ExecuteExternalTool /Applications/Xcode.app/Contents/Developer/Toolchains/XcodeDefault.xctoolchain/usr/bin/clang -v -E -dM -isysroot /Applications/Xcode.app/Contents/Developer/Platforms/iPhoneSimulator.platform/Developer/SDKs/iPhoneSimulator26.5.sdk -x c -c /dev/null

ExecuteExternalTool /Applications/Xcode.app/Contents/Developer/Toolchains/XcodeDefault.xctoolchain/usr/bin/swiftc --version

ExecuteExternalTool /Applications/Xcode.app/Contents/Developer/Toolchains/XcodeDefault.xctoolchain/usr/bin/ld -version_details

Build description signature: b039e729b5dc3c536abc7e8af7042cf9
Build description path: /Users/wangrenzhu/work/LeafClinicWalkthrough/.build/xcode-derived/Build/Intermediates.noindex/XCBuildData/b039e729b5dc3c536abc7e8af7042cf9.xcbuilddata
CreateBuildDirectory /Users/wangrenzhu/work/LeafClinicWalkthrough/.build/xcode-derived/Build/Products
    cd /Users/wangrenzhu/work/LeafClinicWalkthrough/LeafClinicWalkthrough.xcodeproj
    builtin-create-build-directory /Users/wangrenzhu/work/LeafClinicWalkthrough/.build/xcode-derived/Build/Products

CreateBuildDirectory /Users/wangrenzhu/work/LeafClinicWalkthrough/.build/xcode-derived/Build/Intermediates.noindex
    cd /Users/wangrenzhu/work/LeafClinicWalkthrough/LeafClinicWalkthrough.xcodeproj
    builtin-create-build-directory /Users/wangrenzhu/work/LeafClinicWalkthrough/.build/xcode-derived/Build/Intermediates.noindex

ClangStatCache /Applications/Xcode.app/Contents/Developer/Toolchains/XcodeDefault.xctoolchain/usr/bin/clang-stat-cache /Applications/Xcode.app/Contents/Developer/Platforms/iPhoneSimulator.platform/Developer/SDKs/iPhoneSimulator26.5.sdk /Users/wangrenzhu/work/LeafClinicWalkthrough/.build/xcode-derived/SDKStatCaches.noindex/iphonesimulator26.5-23F81a-6cfe768891a92b912361537c460fe42b.sdkstatcache
    cd /Users/wangrenzhu/work/LeafClinicWalkthrough/LeafClinicWalkthrough.xcodeproj
    /Applications/Xcode.app/Contents/Developer/Toolchains/XcodeDefault.xctoolchain/usr/bin/clang-stat-cache /Applications/Xcode.app/Contents/Developer/Platforms/iPhoneSimulator.platform/Developer/SDKs/iPhoneSimulator26.5.sdk -o /Users/wangrenzhu/work/LeafClinicWalkthrough/.build/xcode-derived/SDKStatCaches.noindex/iphonesimulator26.5-23F81a-6cfe768891a92b912361537c460fe42b.sdkstatcache

CreateBuildDirectory /Users/wangrenzhu/work/LeafClinicWalkthrough/.build/xcode-derived/Build/Intermediates.noindex/SwiftExplicitPrecompiledModules
    cd /Users/wangrenzhu/work/LeafClinicWalkthrough/LeafClinicWalkthrough.xcodeproj
    builtin-create-build-directory /Users/wangrenzhu/work/LeafClinicWalkthrough/.build/xcode-derived/Build/Intermediates.noindex/SwiftExplicitPrecompiledModules

CreateBuildDirectory /Users/wangrenzhu/work/LeafClinicWalkthrough/.build/xcode-derived/Build/Intermediates.noindex/ExplicitPrecompiledModules
    cd /Users/wangrenzhu/work/LeafClinicWalkthrough/LeafClinicWalkthrough.xcodeproj
    builtin-create-build-directory /Users/wangrenzhu/work/LeafClinicWalkthrough/.build/xcode-derived/Build/Intermediates.noindex/ExplicitPrecompiledModules

CreateBuildDirectory /Users/wangrenzhu/work/LeafClinicWalkthrough/.build/xcode-derived/Build/Intermediates.noindex/EagerLinkingTBDs/Debug-iphonesimulator
    cd /Users/wangrenzhu/work/LeafClinicWalkthrough/LeafClinicWalkthrough.xcodeproj
    builtin-create-build-directory /Users/wangrenzhu/work/LeafClinicWalkthrough/.build/xcode-derived/Build/Intermediates.noindex/EagerLinkingTBDs/Debug-iphonesimulator

WriteAuxiliaryFile /Users/wangrenzhu/work/LeafClinicWalkthrough/.build/xcode-derived/Build/Intermediates.noindex/LeafClinicWalkthrough.build/Debug-iphonesimulator/LeafClinicWalkthrough-57528cb62110a325383ccc235ce0d5ca-VFS-iphonesimulator/all-product-headers.yaml
    cd /Users/wangrenzhu/work/LeafClinicWalkthrough/LeafClinicWalkthrough.xcodeproj
    write-file /Users/wangrenzhu/work/LeafClinicWalkthrough/.build/xcode-derived/Build/Intermediates.noindex/LeafClinicWalkthrough.build/Debug-iphonesimulator/LeafClinicWalkthrough-57528cb62110a325383ccc235ce0d5ca-VFS-iphonesimulator/all-product-headers.yaml

CreateBuildDirectory /Users/wangrenzhu/work/LeafClinicWalkthrough/.build/xcode-derived/Build/Products/Debug-iphonesimulator
    cd /Users/wangrenzhu/work/LeafClinicWalkthrough/LeafClinicWalkthrough.xcodeproj
    builtin-create-build-directory /Users/wangrenzhu/work/LeafClinicWalkthrough/.build/xcode-derived/Build/Products/Debug-iphonesimulator

WriteAuxiliaryFile /Users/wangrenzhu/work/LeafClinicWalkthrough/.build/xcode-derived/Build/Intermediates.noindex/LeafClinicWalkthrough.build/Debug-iphonesimulator/LeafClinicWalkthrough.build/LeafClinicWalkthrough-project-headers.hmap (in target 'LeafClinicWalkthrough' from project 'LeafClinicWalkthrough')
    cd /Users/wangrenzhu/work/LeafClinicWalkthrough
    write-file /Users/wangrenzhu/work/LeafClinicWalkthrough/.build/xcode-derived/Build/Intermediates.noindex/LeafClinicWalkthrough.build/Debug-iphonesimulator/LeafClinicWalkthrough.build/LeafClinicWalkthrough-project-headers.hmap

WriteAuxiliaryFile /Users/wangrenzhu/work/LeafClinicWalkthrough/.build/xcode-derived/Build/Intermediates.noindex/LeafClinicWalkthrough.build/Debug-iphonesimulator/LeafClinicWalkthrough.build/LeafClinicWalkthrough-own-target-headers.hmap (in target 'LeafClinicWalkthrough' from project 'LeafClinicWalkthrough')
    cd /Users/wangrenzhu/work/LeafClinicWalkthrough
    write-file /Users/wangrenzhu/work/LeafClinicWalkthrough/.build/xcode-derived/Build/Intermediates.noindex/LeafClinicWalkthrough.build/Debug-iphonesimulator/LeafClinicWalkthrough.build/LeafClinicWalkthrough-own-target-headers.hmap

WriteAuxiliaryFile /Users/wangrenzhu/work/LeafClinicWalkthrough/.build/xcode-derived/Build/Intermediates.noindex/LeafClinicWalkthrough.build/Debug-iphonesimulator/LeafClinicWalkthrough.build/LeafClinicWalkthrough.hmap (in target 'LeafClinicWalkthrough' from project 'LeafClinicWalkthrough')
    cd /Users/wangrenzhu/work/LeafClinicWalkthrough
    write-file /Users/wangrenzhu/work/LeafClinicWalkthrough/.build/xcode-derived/Build/Intermediates.noindex/LeafClinicWalkthrough.build/Debug-iphonesimulator/LeafClinicWalkthrough.build/LeafClinicWalkthrough.hmap

WriteAuxiliaryFile /Users/wangrenzhu/work/LeafClinicWalkthrough/.build/xcode-derived/Build/Intermediates.noindex/LeafClinicWalkthrough.build/Debug-iphonesimulator/LeafClinicWalkthrough.build/empty-LeafClinicWalkthrough.plist (in target 'LeafClinicWalkthrough' from project 'LeafClinicWalkthrough')
    cd /Users/wangrenzhu/work/LeafClinicWalkthrough
    write-file /Users/wangrenzhu/work/LeafClinicWalkthrough/.build/xcode-derived/Build/Intermediates.noindex/LeafClinicWalkthrough.build/Debug-iphonesimulator/LeafClinicWalkthrough.build/empty-LeafClinicWalkthrough.plist

WriteAuxiliaryFile /Users/wangrenzhu/work/LeafClinicWalkthrough/.build/xcode-derived/Build/Intermediates.noindex/LeafClinicWalkthrough.build/Debug-iphonesimulator/LeafClinicWalkthrough.build/Objects-normal/arm64/LeafClinicWalkthrough.LinkFileList (in target 'LeafClinicWalkthrough' from project 'LeafClinicWalkthrough')
    cd /Users/wangrenzhu/work/LeafClinicWalkthrough
    write-file /Users/wangrenzhu/work/LeafClinicWalkthrough/.build/xcode-derived/Build/Intermediates.noindex/LeafClinicWalkthrough.build/Debug-iphonesimulator/LeafClinicWalkthrough.build/Objects-normal/arm64/LeafClinicWalkthrough.LinkFileList

WriteAuxiliaryFile /Users/wangrenzhu/work/LeafClinicWalkthrough/.build/xcode-derived/Build/Intermediates.noindex/LeafClinicWalkthrough.build/Debug-iphonesimulator/LeafClinicWalkthrough.build/Objects-normal/arm64/LeafClinicWalkthrough.SwiftFileList (in target 'LeafClinicWalkthrough' from project 'LeafClinicWalkthrough')
    cd /Users/wangrenzhu/work/LeafClinicWalkthrough
    write-file /Users/wangrenzhu/work/LeafClinicWalkthrough/.build/xcode-derived/Build/Intermediates.noindex/LeafClinicWalkthrough.build/Debug-iphonesimulator/LeafClinicWalkthrough.build/Objects-normal/arm64/LeafClinicWalkthrough.SwiftFileList

WriteAuxiliaryFile /Users/wangrenzhu/work/LeafClinicWalkthrough/.build/xcode-derived/Build/Intermediates.noindex/LeafClinicWalkthrough.build/Debug-iphonesimulator/LeafClinicWalkthrough.build/Objects-normal/arm64/LeafClinicWalkthrough_const_extract_protocols.json (in target 'LeafClinicWalkthrough' from project 'LeafClinicWalkthrough')
    cd /Users/wangrenzhu/work/LeafClinicWalkthrough
    write-file /Users/wangrenzhu/work/LeafClinicWalkthrough/.build/xcode-derived/Build/Intermediates.noindex/LeafClinicWalkthrough.build/Debug-iphonesimulator/LeafClinicWalkthrough.build/Objects-normal/arm64/LeafClinicWalkthrough_const_extract_protocols.json

WriteAuxiliaryFile /Users/wangrenzhu/work/LeafClinicWalkthrough/.build/xcode-derived/Build/Intermediates.noindex/LeafClinicWalkthrough.build/Debug-iphonesimulator/LeafClinicWalkthrough.build/Objects-normal/arm64/LeafClinicWalkthrough-OutputFileMap.json (in target 'LeafClinicWalkthrough' from project 'LeafClinicWalkthrough')
    cd /Users/wangrenzhu/work/LeafClinicWalkthrough
    write-file /Users/wangrenzhu/work/LeafClinicWalkthrough/.build/xcode-derived/Build/Intermediates.noindex/LeafClinicWalkthrough.build/Debug-iphonesimulator/LeafClinicWalkthrough.build/Objects-normal/arm64/LeafClinicWalkthrough-OutputFileMap.json

WriteAuxiliaryFile /Users/wangrenzhu/work/LeafClinicWalkthrough/.build/xcode-derived/Build/Intermediates.noindex/LeafClinicWalkthrough.build/Debug-iphonesimulator/LeafClinicWalkthrough.build/Objects-normal/arm64/LeafClinicWalkthrough.SwiftConstValuesFileList (in target 'LeafClinicWalkthrough' from project 'LeafClinicWalkthrough')
    cd /Users/wangrenzhu/work/LeafClinicWalkthrough
    write-file /Users/wangrenzhu/work/LeafClinicWalkthrough/.build/xcode-derived/Build/Intermediates.noindex/LeafClinicWalkthrough.build/Debug-iphonesimulator/LeafClinicWalkthrough.build/Objects-normal/arm64/LeafClinicWalkthrough.SwiftConstValuesFileList

WriteAuxiliaryFile /Users/wangrenzhu/work/LeafClinicWalkthrough/.build/xcode-derived/Build/Intermediates.noindex/LeafClinicWalkthrough.build/Debug-iphonesimulator/LeafClinicWalkthrough.build/LeafClinicWalkthrough.DependencyStaticMetadataFileList (in target 'LeafClinicWalkthrough' from project 'LeafClinicWalkthrough')
    cd /Users/wangrenzhu/work/LeafClinicWalkthrough
    write-file /Users/wangrenzhu/work/LeafClinicWalkthrough/.build/xcode-derived/Build/Intermediates.noindex/LeafClinicWalkthrough.build/Debug-iphonesimulator/LeafClinicWalkthrough.build/LeafClinicWalkthrough.DependencyStaticMetadataFileList

WriteAuxiliaryFile /Users/wangrenzhu/work/LeafClinicWalkthrough/.build/xcode-derived/Build/Intermediates.noindex/LeafClinicWalkthrough.build/Debug-iphonesimulator/LeafClinicWalkthrough.build/LeafClinicWalkthrough.DependencyMetadataFileList (in target 'LeafClinicWalkthrough' from project 'LeafClinicWalkthrough')
    cd /Users/wangrenzhu/work/LeafClinicWalkthrough
    write-file /Users/wangrenzhu/work/LeafClinicWalkthrough/.build/xcode-derived/Build/Intermediates.noindex/LeafClinicWalkthrough.build/Debug-iphonesimulator/LeafClinicWalkthrough.build/LeafClinicWalkthrough.DependencyMetadataFileList

WriteAuxiliaryFile /Users/wangrenzhu/work/LeafClinicWalkthrough/.build/xcode-derived/Build/Intermediates.noindex/LeafClinicWalkthrough.build/Debug-iphonesimulator/LeafClinicWalkthrough.build/LeafClinicWalkthrough-generated-files.hmap (in target 'LeafClinicWalkthrough' from project 'LeafClinicWalkthrough')
    cd /Users/wangrenzhu/work/LeafClinicWalkthrough
    write-file /Users/wangrenzhu/work/LeafClinicWalkthrough/.build/xcode-derived/Build/Intermediates.noindex/LeafClinicWalkthrough.build/Debug-iphonesimulator/LeafClinicWalkthrough.build/LeafClinicWalkthrough-generated-files.hmap

WriteAuxiliaryFile /Users/wangrenzhu/work/LeafClinicWalkthrough/.build/xcode-derived/Build/Intermediates.noindex/LeafClinicWalkthrough.build/Debug-iphonesimulator/LeafClinicWalkthrough.build/LeafClinicWalkthrough-all-target-headers.hmap (in target 'LeafClinicWalkthrough' from project 'LeafClinicWalkthrough')
    cd /Users/wangrenzhu/work/LeafClinicWalkthrough
    write-file /Users/wangrenzhu/work/LeafClinicWalkthrough/.build/xcode-derived/Build/Intermediates.noindex/LeafClinicWalkthrough.build/Debug-iphonesimulator/LeafClinicWalkthrough.build/LeafClinicWalkthrough-all-target-headers.hmap

WriteAuxiliaryFile /Users/wangrenzhu/work/LeafClinicWalkthrough/.build/xcode-derived/Build/Intermediates.noindex/LeafClinicWalkthrough.build/Debug-iphonesimulator/LeafClinicWalkthrough.build/LeafClinicWalkthrough-all-non-framework-target-headers.hmap (in target 'LeafClinicWalkthrough' from project 'LeafClinicWalkthrough')
    cd /Users/wangrenzhu/work/LeafClinicWalkthrough
    write-file /Users/wangrenzhu/work/LeafClinicWalkthrough/.build/xcode-derived/Build/Intermediates.noindex/LeafClinicWalkthrough.build/Debug-iphonesimulator/LeafClinicWalkthrough.build/LeafClinicWalkthrough-all-non-framework-target-headers.hmap

WriteAuxiliaryFile /Users/wangrenzhu/work/LeafClinicWalkthrough/.build/xcode-derived/Build/Intermediates.noindex/LeafClinicWalkthrough.build/Debug-iphonesimulator/LeafClinicWalkthrough.build/LeafClinicWalkthrough-DebugDylibPath-normal-arm64.txt (in target 'LeafClinicWalkthrough' from project 'LeafClinicWalkthrough')
    cd /Users/wangrenzhu/work/LeafClinicWalkthrough
    write-file /Users/wangrenzhu/work/LeafClinicWalkthrough/.build/xcode-derived/Build/Intermediates.noindex/LeafClinicWalkthrough.build/Debug-iphonesimulator/LeafClinicWalkthrough.build/LeafClinicWalkthrough-DebugDylibPath-normal-arm64.txt

WriteAuxiliaryFile /Users/wangrenzhu/work/LeafClinicWalkthrough/.build/xcode-derived/Build/Intermediates.noindex/LeafClinicWalkthrough.build/Debug-iphonesimulator/LeafClinicWalkthrough.build/LeafClinicWalkthrough-DebugDylibInstallName-normal-arm64.txt (in target 'LeafClinicWalkthrough' from project 'LeafClinicWalkthrough')
    cd /Users/wangrenzhu/work/LeafClinicWalkthrough
    write-file /Users/wangrenzhu/work/LeafClinicWalkthrough/.build/xcode-derived/Build/Intermediates.noindex/LeafClinicWalkthrough.build/Debug-iphonesimulator/LeafClinicWalkthrough.build/LeafClinicWalkthrough-DebugDylibInstallName-normal-arm64.txt

MkDir /Users/wangrenzhu/work/LeafClinicWalkthrough/.build/xcode-derived/Build/Products/Debug-iphonesimulator/LeafClinicWalkthrough.app (in target 'LeafClinicWalkthrough' from project 'LeafClinicWalkthrough')
    cd /Users/wangrenzhu/work/LeafClinicWalkthrough
    /bin/mkdir -p /Users/wangrenzhu/work/LeafClinicWalkthrough/.build/xcode-derived/Build/Products/Debug-iphonesimulator/LeafClinicWalkthrough.app

Ld /Users/wangrenzhu/work/LeafClinicWalkthrough/.build/xcode-derived/Build/Products/Debug-iphonesimulator/LeafClinicWalkthrough.app/__preview.dylib normal (in target 'LeafClinicWalkthrough' from project 'LeafClinicWalkthrough')
    cd /Users/wangrenzhu/work/LeafClinicWalkthrough
    /Applications/Xcode.app/Contents/Developer/Toolchains/XcodeDefault.xctoolchain/usr/bin/clang -Xlinker -reproducible -target arm64-apple-ios17.0-simulator -dynamiclib -isysroot /Applications/Xcode.app/Contents/Developer/Platforms/iPhoneSimulator.platform/Developer/SDKs/iPhoneSimulator26.5.sdk -O0 -L/Users/wangrenzhu/work/LeafClinicWalkthrough/.build/xcode-derived/Build/Products/Debug-iphonesimulator -F/Users/wangrenzhu/work/LeafClinicWalkthrough/.build/xcode-derived/Build/Products/Debug-iphonesimulator -install_name @rpath/LeafClinicWalkthrough.debug.dylib -Xlinker -dead_strip -rdynamic -Xlinker -no_deduplicate -Xlinker -objc_abi_version -Xlinker 2 -Xlinker -dependency_info -Xlinker /Users/wangrenzhu/work/LeafClinicWalkthrough/.build/xcode-derived/Build/Intermediates.noindex/LeafClinicWalkthrough.build/Debug-iphonesimulator/LeafClinicWalkthrough.build/Objects-normal/arm64/LeafClinicWalkthrough_dependency_info.dat -o /Users/wangrenzhu/work/LeafClinicWalkthrough/.build/xcode-derived/Build/Products/Debug-iphonesimulator/LeafClinicWalkthrough.app/__preview.dylib

ProcessInfoPlistFile /Users/wangrenzhu/work/LeafClinicWalkthrough/.build/xcode-derived/Build/Products/Debug-iphonesimulator/LeafClinicWalkthrough.app/Info.plist /Users/wangrenzhu/work/LeafClinicWalkthrough/.build/xcode-derived/Build/Intermediates.noindex/LeafClinicWalkthrough.build/Debug-iphonesimulator/LeafClinicWalkthrough.build/empty-LeafClinicWalkthrough.plist (in target 'LeafClinicWalkthrough' from project 'LeafClinicWalkthrough')
    cd /Users/wangrenzhu/work/LeafClinicWalkthrough
    builtin-infoPlistUtility /Users/wangrenzhu/work/LeafClinicWalkthrough/.build/xcode-derived/Build/Intermediates.noindex/LeafClinicWalkthrough.build/Debug-iphonesimulator/LeafClinicWalkthrough.build/empty-LeafClinicWalkthrough.plist -producttype com.apple.product-type.application -genpkginfo /Users/wangrenzhu/work/LeafClinicWalkthrough/.build/xcode-derived/Build/Products/Debug-iphonesimulator/LeafClinicWalkthrough.app/PkgInfo -expandbuildsettings -format binary -platform iphonesimulator -o /Users/wangrenzhu/work/LeafClinicWalkthrough/.build/xcode-derived/Build/Products/Debug-iphonesimulator/LeafClinicWalkthrough.app/Info.plist

SwiftDriver\ Compilation\ Requirements LeafClinicWalkthrough normal arm64 com.apple.xcode.tools.swift.compiler (in target 'LeafClinicWalkthrough' from project 'LeafClinicWalkthrough')
    cd /Users/wangrenzhu/work/LeafClinicWalkthrough
    builtin-Swift-Compilation-Requirements -- /Applications/Xcode.app/Contents/Developer/Toolchains/XcodeDefault.xctoolchain/usr/bin/swiftc -module-name LeafClinicWalkthrough -Onone @/Users/wangrenzhu/work/LeafClinicWalkthrough/.build/xcode-derived/Build/Intermediates.noindex/LeafClinicWalkthrough.build/Debug-iphonesimulator/LeafClinicWalkthrough.build/Objects-normal/arm64/LeafClinicWalkthrough.SwiftFileList -DDEBUG -enable-experimental-feature DebugDescriptionMacro -sdk /Applications/Xcode.app/Contents/Developer/Platforms/iPhoneSimulator.platform/Developer/SDKs/iPhoneSimulator26.5.sdk -target arm64-apple-ios17.0-simulator -g -module-cache-path /Users/wangrenzhu/work/LeafClinicWalkthrough/.build/xcode-derived/ModuleCache.noindex -Xfrontend -serialize-debugging-options -enable-testing -index-store-path /Users/wangrenzhu/work/LeafClinicWalkthrough/.build/xcode-derived/Index.noindex/DataStore -Xcc -D_LIBCPP_HARDENING_MODE\=_LIBCPP_HARDENING_MODE_DEBUG -swift-version 6 -I /Users/wangrenzhu/work/LeafClinicWalkthrough/.build/xcode-derived/Build/Products/Debug-iphonesimulator -F /Users/wangrenzhu/work/LeafClinicWalkthrough/.build/xcode-derived/Build/Products/Debug-iphonesimulator -emit-localized-strings -emit-localized-strings-path /Users/wangrenzhu/work/LeafClinicWalkthrough/.build/xcode-derived/Build/Intermediates.noindex/LeafClinicWalkthrough.build/Debug-iphonesimulator/LeafClinicWalkthrough.build/Objects-normal/arm64 -c -j10 -enable-batch-mode -incremental -Xcc -ivfsstatcache -Xcc /Users/wangrenzhu/work/LeafClinicWalkthrough/.build/xcode-derived/SDKStatCaches.noindex/iphonesimulator26.5-23F81a-6cfe768891a92b912361537c460fe42b.sdkstatcache -output-file-map /Users/wangrenzhu/work/LeafClinicWalkthrough/.build/xcode-derived/Build/Intermediates.noindex/LeafClinicWalkthrough.build/Debug-iphonesimulator/LeafClinicWalkthrough.build/Objects-normal/arm64/LeafClinicWalkthrough-OutputFileMap.json -use-frontend-parseable-output -save-temps -no-color-diagnostics -explicit-module-build -module-cache-path /Users/wangrenzhu/work/LeafClinicWalkthrough/.build/xcode-derived/Build/Intermediates.noindex/SwiftExplicitPrecompiledModules -clang-scanner-module-cache-path /Users/wangrenzhu/work/LeafClinicWalkthrough/.build/xcode-derived/ModuleCache.noindex -sdk-module-cache-path /Users/wangrenzhu/work/LeafClinicWalkthrough/.build/xcode-derived/ModuleCache.noindex -serialize-diagnostics -emit-dependencies -emit-module -emit-module-path /Users/wangrenzhu/work/LeafClinicWalkthrough/.build/xcode-derived/Build/Intermediates.noindex/LeafClinicWalkthrough.build/Debug-iphonesimulator/LeafClinicWalkthrough.build/Objects-normal/arm64/LeafClinicWalkthrough.swiftmodule -validate-clang-modules-once -clang-build-session-file /Users/wangrenzhu/work/LeafClinicWalkthrough/.build/xcode-derived/ModuleCache.noindex/Session.modulevalidation -Xcc -I/Users/wangrenzhu/work/LeafClinicWalkthrough/.build/xcode-derived/Build/Intermediates.noindex/LeafClinicWalkthrough.build/Debug-iphonesimulator/LeafClinicWalkthrough.build/swift-overrides.hmap -emit-const-values -Xfrontend -const-gather-protocols-file -Xfrontend /Users/wangrenzhu/work/LeafClinicWalkthrough/.build/xcode-derived/Build/Intermediates.noindex/LeafClinicWalkthrough.build/Debug-iphonesimulator/LeafClinicWalkthrough.build/Objects-normal/arm64/LeafClinicWalkthrough_const_extract_protocols.json -Xcc -iquote -Xcc /Users/wangrenzhu/work/LeafClinicWalkthrough/.build/xcode-derived/Build/Intermediates.noindex/LeafClinicWalkthrough.build/Debug-iphonesimulator/LeafClinicWalkthrough.build/LeafClinicWalkthrough-generated-files.hmap -Xcc -I/Users/wangrenzhu/work/LeafClinicWalkthrough/.build/xcode-derived/Build/Intermediates.noindex/LeafClinicWalkthrough.build/Debug-iphonesimulator/LeafClinicWalkthrough.build/LeafClinicWalkthrough-own-target-headers.hmap -Xcc -I/Users/wangrenzhu/work/LeafClinicWalkthrough/.build/xcode-derived/Build/Intermediates.noindex/LeafClinicWalkthrough.build/Debug-iphonesimulator/LeafClinicWalkthrough.build/LeafClinicWalkthrough-all-target-headers.hmap -Xcc -iquote -Xcc /Users/wangrenzhu/work/LeafClinicWalkthrough/.build/xcode-derived/Build/Intermediates.noindex/LeafClinicWalkthrough.build/Debug-iphonesimulator/LeafClinicWalkthrough.build/LeafClinicWalkthrough-project-headers.hmap -Xcc -I/Users/wangrenzhu/work/LeafClinicWalkthrough/.build/xcode-derived/Build/Products/Debug-iphonesimulator/include -Xcc -I/Users/wangrenzhu/work/LeafClinicWalkthrough/.build/xcode-derived/Build/Intermediates.noindex/LeafClinicWalkthrough.build/Debug-iphonesimulator/LeafClinicWalkthrough.build/DerivedSources-normal/arm64 -Xcc -I/Users/wangrenzhu/work/LeafClinicWalkthrough/.build/xcode-derived/Build/Intermediates.noindex/LeafClinicWalkthrough.build/Debug-iphonesimulator/LeafClinicWalkthrough.build/DerivedSources/arm64 -Xcc -I/Users/wangrenzhu/work/LeafClinicWalkthrough/.build/xcode-derived/Build/Intermediates.noindex/LeafClinicWalkthrough.build/Debug-iphonesimulator/LeafClinicWalkthrough.build/DerivedSources -Xcc -DDEBUG\=1 -emit-objc-header -emit-objc-header-path /Users/wangrenzhu/work/LeafClinicWalkthrough/.build/xcode-derived/Build/Intermediates.noindex/LeafClinicWalkthrough.build/Debug-iphonesimulator/LeafClinicWalkthrough.build/Objects-normal/arm64/LeafClinicWalkthrough-Swift.h -working-directory /Users/wangrenzhu/work/LeafClinicWalkthrough -experimental-emit-module-separately -disable-cmo
error: Build input files cannot be found: '/Users/wangrenzhu/work/LeafClinicWalkthrough/LeafClinicWalkthroughApp/LeafClinicWalkthroughApp/LeafClinicWalkthroughMainApp.swift', '/Users/wangrenzhu/work/LeafClinicWalkthrough/Sources/LeafClinicWalkthrough/Sources/LeafClinicWalkthrough/Models.swift', '/Users/wangrenzhu/work/LeafClinicWalkthrough/Sources/LeafClinicWalkthrough/Sources/LeafClinicWalkthrough/LocalTriageEngine.swift', '/Users/wangrenzhu/work/LeafClinicWalkthrough/Sources/LeafClinicWalkthrough/Sources/LeafClinicWalkthrough/LeafClinicStore.swift', '/Users/wangrenzhu/work/LeafClinicWalkthrough/Sources/LeafClinicWalkthrough/Sources/LeafClinicWalkthrough/LeafClinicViews.swift', '/Users/wangrenzhu/work/LeafClinicWalkthrough/Sources/LeafClinicWalkthrough/Sources/LeafClinicWalkthrough/LeafClinicApp.swift'. Did you forget to declare these files as outputs of any script phases or custom build rules which produce them? (in target 'LeafClinicWalkthrough' from project 'LeafClinicWalkthrough')

SwiftDriver\ Compilation LeafClinicWalkthrough normal arm64 com.apple.xcode.tools.swift.compiler (in target 'LeafClinicWalkthrough' from project 'LeafClinicWalkthrough')
    cd /Users/wangrenzhu/work/LeafClinicWalkthrough
    builtin-Swift-Compilation -- /Applications/Xcode.app/Contents/Developer/Toolchains/XcodeDefault.xctoolchain/usr/bin/swiftc -module-name LeafClinicWalkthrough -Onone @/Users/wangrenzhu/work/LeafClinicWalkthrough/.build/xcode-derived/Build/Intermediates.noindex/LeafClinicWalkthrough.build/Debug-iphonesimulator/LeafClinicWalkthrough.build/Objects-normal/arm64/LeafClinicWalkthrough.SwiftFileList -DDEBUG -enable-experimental-feature DebugDescriptionMacro -sdk /Applications/Xcode.app/Contents/Developer/Platforms/iPhoneSimulator.platform/Developer/SDKs/iPhoneSimulator26.5.sdk -target arm64-apple-ios17.0-simulator -g -module-cache-path /Users/wangrenzhu/work/LeafClinicWalkthrough/.build/xcode-derived/ModuleCache.noindex -Xfrontend -serialize-debugging-options -enable-testing -index-store-path /Users/wangrenzhu/work/LeafClinicWalkthrough/.build/xcode-derived/Index.noindex/DataStore -Xcc -D_LIBCPP_HARDENING_MODE\=_LIBCPP_HARDENING_MODE_DEBUG -swift-version 6 -I /Users/wangrenzhu/work/LeafClinicWalkthrough/.build/xcode-derived/Build/Products/Debug-iphonesimulator -F /Users/wangrenzhu/work/LeafClinicWalkthrough/.build/xcode-derived/Build/Products/Debug-iphonesimulator -emit-localized-strings -emit-localized-strings-path /Users/wangrenzhu/work/LeafClinicWalkthrough/.build/xcode-derived/Build/Intermediates.noindex/LeafClinicWalkthrough.build/Debug-iphonesimulator/LeafClinicWalkthrough.build/Objects-normal/arm64 -c -j10 -enable-batch-mode -incremental -Xcc -ivfsstatcache -Xcc /Users/wangrenzhu/work/LeafClinicWalkthrough/.build/xcode-derived/SDKStatCaches.noindex/iphonesimulator26.5-23F81a-6cfe768891a92b912361537c460fe42b.sdkstatcache -output-file-map /Users/wangrenzhu/work/LeafClinicWalkthrough/.build/xcode-derived/Build/Intermediates.noindex/LeafClinicWalkthrough.build/Debug-iphonesimulator/LeafClinicWalkthrough.build/Objects-normal/arm64/LeafClinicWalkthrough-OutputFileMap.json -use-frontend-parseable-output -save-temps -no-color-diagnostics -explicit-module-build -module-cache-path /Users/wangrenzhu/work/LeafClinicWalkthrough/.build/xcode-derived/Build/Intermediates.noindex/SwiftExplicitPrecompiledModules -clang-scanner-module-cache-path /Users/wangrenzhu/work/LeafClinicWalkthrough/.build/xcode-derived/ModuleCache.noindex -sdk-module-cache-path /Users/wangrenzhu/work/LeafClinicWalkthrough/.build/xcode-derived/ModuleCache.noindex -serialize-diagnostics -emit-dependencies -emit-module -emit-module-path /Users/wangrenzhu/work/LeafClinicWalkthrough/.build/xcode-derived/Build/Intermediates.noindex/LeafClinicWalkthrough.build/Debug-iphonesimulator/LeafClinicWalkthrough.build/Objects-normal/arm64/LeafClinicWalkthrough.swiftmodule -validate-clang-modules-once -clang-build-session-file /Users/wangrenzhu/work/LeafClinicWalkthrough/.build/xcode-derived/ModuleCache.noindex/Session.modulevalidation -Xcc -I/Users/wangrenzhu/work/LeafClinicWalkthrough/.build/xcode-derived/Build/Intermediates.noindex/LeafClinicWalkthrough.build/Debug-iphonesimulator/LeafClinicWalkthrough.build/swift-overrides.hmap -emit-const-values -Xfrontend -const-gather-protocols-file -Xfrontend /Users/wangrenzhu/work/LeafClinicWalkthrough/.build/xcode-derived/Build/Intermediates.noindex/LeafClinicWalkthrough.build/Debug-iphonesimulator/LeafClinicWalkthrough.build/Objects-normal/arm64/LeafClinicWalkthrough_const_extract_protocols.json -Xcc -iquote -Xcc /Users/wangrenzhu/work/LeafClinicWalkthrough/.build/xcode-derived/Build/Intermediates.noindex/LeafClinicWalkthrough.build/Debug-iphonesimulator/LeafClinicWalkthrough.build/LeafClinicWalkthrough-generated-files.hmap -Xcc -I/Users/wangrenzhu/work/LeafClinicWalkthrough/.build/xcode-derived/Build/Intermediates.noindex/LeafClinicWalkthrough.build/Debug-iphonesimulator/LeafClinicWalkthrough.build/LeafClinicWalkthrough-own-target-headers.hmap -Xcc -I/Users/wangrenzhu/work/LeafClinicWalkthrough/.build/xcode-derived/Build/Intermediates.noindex/LeafClinicWalkthrough.build/Debug-iphonesimulator/LeafClinicWalkthrough.build/LeafClinicWalkthrough-all-target-headers.hmap -Xcc -iquote -Xcc /Users/wangrenzhu/work/LeafClinicWalkthrough/.build/xcode-derived/Build/Intermediates.noindex/LeafClinicWalkthrough.build/Debug-iphonesimulator/LeafClinicWalkthrough.build/LeafClinicWalkthrough-project-headers.hmap -Xcc -I/Users/wangrenzhu/work/LeafClinicWalkthrough/.build/xcode-derived/Build/Products/Debug-iphonesimulator/include -Xcc -I/Users/wangrenzhu/work/LeafClinicWalkthrough/.build/xcode-derived/Build/Intermediates.noindex/LeafClinicWalkthrough.build/Debug-iphonesimulator/LeafClinicWalkthrough.build/DerivedSources-normal/arm64 -Xcc -I/Users/wangrenzhu/work/LeafClinicWalkthrough/.build/xcode-derived/Build/Intermediates.noindex/LeafClinicWalkthrough.build/Debug-iphonesimulator/LeafClinicWalkthrough.build/DerivedSources/arm64 -Xcc -I/Users/wangrenzhu/work/LeafClinicWalkthrough/.build/xcode-derived/Build/Intermediates.noindex/LeafClinicWalkthrough.build/Debug-iphonesimulator/LeafClinicWalkthrough.build/DerivedSources -Xcc -DDEBUG\=1 -emit-objc-header -emit-objc-header-path /Users/wangrenzhu/work/LeafClinicWalkthrough/.build/xcode-derived/Build/Intermediates.noindex/LeafClinicWalkthrough.build/Debug-iphonesimulator/LeafClinicWalkthrough.build/Objects-normal/arm64/LeafClinicWalkthrough-Swift.h -working-directory /Users/wangrenzhu/work/LeafClinicWalkthrough -experimental-emit-module-separately -disable-cmo
error: Build input files cannot be found: '/Users/wangrenzhu/work/LeafClinicWalkthrough/LeafClinicWalkthroughApp/LeafClinicWalkthroughApp/LeafClinicWalkthroughMainApp.swift', '/Users/wangrenzhu/work/LeafClinicWalkthrough/Sources/LeafClinicWalkthrough/Sources/LeafClinicWalkthrough/Models.swift', '/Users/wangrenzhu/work/LeafClinicWalkthrough/Sources/LeafClinicWalkthrough/Sources/LeafClinicWalkthrough/LocalTriageEngine.swift', '/Users/wangrenzhu/work/LeafClinicWalkthrough/Sources/LeafClinicWalkthrough/Sources/LeafClinicWalkthrough/LeafClinicStore.swift', '/Users/wangrenzhu/work/LeafClinicWalkthrough/Sources/LeafClinicWalkthrough/Sources/LeafClinicWalkthrough/LeafClinicViews.swift', '/Users/wangrenzhu/work/LeafClinicWalkthrough/Sources/LeafClinicWalkthrough/Sources/LeafClinicWalkthrough/LeafClinicApp.swift'. Did you forget to declare these files as outputs of any script phases or custom build rules which produce them? (in target 'LeafClinicWalkthrough' from project 'LeafClinicWalkthrough')

** BUILD FAILED **


The following build commands failed:
	SwiftDriver\ Compilation\ Requirements LeafClinicWalkthrough normal arm64 com.apple.xcode.tools.swift.compiler (in target 'LeafClinicWalkthrough' from project 'LeafClinicWalkthrough')
	SwiftDriver\ Compilation LeafClinicWalkthrough normal arm64 com.apple.xcode.tools.swift.compiler (in target 'LeafClinicWalkthrough' from project 'LeafClinicWalkthrough')
	Building project LeafClinicWalkthrough with scheme LeafClinicWalkthrough and configuration Debug
(3 failures)
