Command line invocation:
    /Applications/Xcode.app/Contents/Developer/usr/bin/xcodebuild -project LeafClinicWalkthrough.xcodeproj -scheme LeafClinicWalkthrough -configuration Debug -destination "platform=iOS Simulator,name=iPhone 17 Pro,OS=26.5" -derivedDataPath .build/xcode-derived build

2026-07-08 22:38:00.293 xcodebuild[90659:268460625] [MT] IDERunDestination: Supported platforms for the buildables in the current scheme is empty.
ComputePackagePrebuildTargetDependencyGraph

Prepare packages

CreateBuildRequest

SendProjectDescription

CreateBuildOperation

ComputeTargetDependencyGraph
note: Building targets in dependency order
note: Target dependency graph (1 target)
    Target 'LeafClinicWalkthrough' in project 'LeafClinicWalkthrough' (no dependencies)

GatherProvisioningInputs

CreateBuildDescription

ExecuteExternalTool /Applications/Xcode.app/Contents/Developer/Toolchains/XcodeDefault.xctoolchain/usr/bin/clang -v -E -dM -isysroot /Applications/Xcode.app/Contents/Developer/Platforms/iPhoneSimulator.platform/Developer/SDKs/iPhoneSimulator26.5.sdk -x c -c /dev/null

ExecuteExternalTool /Applications/Xcode.app/Contents/Developer/Toolchains/XcodeDefault.xctoolchain/usr/bin/swiftc --version

ExecuteExternalTool /Applications/Xcode.app/Contents/Developer/Toolchains/XcodeDefault.xctoolchain/usr/bin/ld -version_details

Build description signature: 8ec606b05878dba69c46d71f645a6fd1
Build description path: /Users/wangrenzhu/work/LeafClinicWalkthrough/.build/xcode-derived/Build/Intermediates.noindex/XCBuildData/8ec606b05878dba69c46d71f645a6fd1.xcbuilddata
ClangStatCache /Applications/Xcode.app/Contents/Developer/Toolchains/XcodeDefault.xctoolchain/usr/bin/clang-stat-cache /Applications/Xcode.app/Contents/Developer/Platforms/iPhoneSimulator.platform/Developer/SDKs/iPhoneSimulator26.5.sdk /Users/wangrenzhu/work/LeafClinicWalkthrough/.build/xcode-derived/SDKStatCaches.noindex/iphonesimulator26.5-23F81a-6cfe768891a92b912361537c460fe42b.sdkstatcache
    cd /Users/wangrenzhu/work/LeafClinicWalkthrough/LeafClinicWalkthrough.xcodeproj
    /Applications/Xcode.app/Contents/Developer/Toolchains/XcodeDefault.xctoolchain/usr/bin/clang-stat-cache /Applications/Xcode.app/Contents/Developer/Platforms/iPhoneSimulator.platform/Developer/SDKs/iPhoneSimulator26.5.sdk -o /Users/wangrenzhu/work/LeafClinicWalkthrough/.build/xcode-derived/SDKStatCaches.noindex/iphonesimulator26.5-23F81a-6cfe768891a92b912361537c460fe42b.sdkstatcache

WriteAuxiliaryFile /Users/wangrenzhu/work/LeafClinicWalkthrough/.build/xcode-derived/Build/Intermediates.noindex/LeafClinicWalkthrough.build/Debug-iphonesimulator/LeafClinicWalkthrough.build/Objects-normal/arm64/LeafClinicWalkthrough.SwiftFileList (in target 'LeafClinicWalkthrough' from project 'LeafClinicWalkthrough')
    cd /Users/wangrenzhu/work/LeafClinicWalkthrough
    write-file /Users/wangrenzhu/work/LeafClinicWalkthrough/.build/xcode-derived/Build/Intermediates.noindex/LeafClinicWalkthrough.build/Debug-iphonesimulator/LeafClinicWalkthrough.build/Objects-normal/arm64/LeafClinicWalkthrough.SwiftFileList

WriteAuxiliaryFile /Users/wangrenzhu/work/LeafClinicWalkthrough/.build/xcode-derived/Build/Intermediates.noindex/LeafClinicWalkthrough.build/Debug-iphonesimulator/LeafClinicWalkthrough.build/Objects-normal/arm64/LeafClinicWalkthrough-OutputFileMap.json (in target 'LeafClinicWalkthrough' from project 'LeafClinicWalkthrough')
    cd /Users/wangrenzhu/work/LeafClinicWalkthrough
    write-file /Users/wangrenzhu/work/LeafClinicWalkthrough/.build/xcode-derived/Build/Intermediates.noindex/LeafClinicWalkthrough.build/Debug-iphonesimulator/LeafClinicWalkthrough.build/Objects-normal/arm64/LeafClinicWalkthrough-OutputFileMap.json

ProcessInfoPlistFile /Users/wangrenzhu/work/LeafClinicWalkthrough/.build/xcode-derived/Build/Products/Debug-iphonesimulator/LeafClinicWalkthrough.app/Info.plist /Users/wangrenzhu/work/LeafClinicWalkthrough/.build/xcode-derived/Build/Intermediates.noindex/LeafClinicWalkthrough.build/Debug-iphonesimulator/LeafClinicWalkthrough.build/empty-LeafClinicWalkthrough.plist (in target 'LeafClinicWalkthrough' from project 'LeafClinicWalkthrough')
    cd /Users/wangrenzhu/work/LeafClinicWalkthrough
    builtin-infoPlistUtility /Users/wangrenzhu/work/LeafClinicWalkthrough/.build/xcode-derived/Build/Intermediates.noindex/LeafClinicWalkthrough.build/Debug-iphonesimulator/LeafClinicWalkthrough.build/empty-LeafClinicWalkthrough.plist -producttype com.apple.product-type.application -genpkginfo /Users/wangrenzhu/work/LeafClinicWalkthrough/.build/xcode-derived/Build/Products/Debug-iphonesimulator/LeafClinicWalkthrough.app/PkgInfo -expandbuildsettings -format binary -platform iphonesimulator -o /Users/wangrenzhu/work/LeafClinicWalkthrough/.build/xcode-derived/Build/Products/Debug-iphonesimulator/LeafClinicWalkthrough.app/Info.plist

SwiftDriver LeafClinicWalkthrough normal arm64 com.apple.xcode.tools.swift.compiler (in target 'LeafClinicWalkthrough' from project 'LeafClinicWalkthrough')
    cd /Users/wangrenzhu/work/LeafClinicWalkthrough
    builtin-SwiftDriver -- /Applications/Xcode.app/Contents/Developer/Toolchains/XcodeDefault.xctoolchain/usr/bin/swiftc -module-name LeafClinicWalkthrough -Onone @/Users/wangrenzhu/work/LeafClinicWalkthrough/.build/xcode-derived/Build/Intermediates.noindex/LeafClinicWalkthrough.build/Debug-iphonesimulator/LeafClinicWalkthrough.build/Objects-normal/arm64/LeafClinicWalkthrough.SwiftFileList -DDEBUG -enable-experimental-feature DebugDescriptionMacro -sdk /Applications/Xcode.app/Contents/Developer/Platforms/iPhoneSimulator.platform/Developer/SDKs/iPhoneSimulator26.5.sdk -target arm64-apple-ios17.0-simulator -g -module-cache-path /Users/wangrenzhu/work/LeafClinicWalkthrough/.build/xcode-derived/ModuleCache.noindex -Xfrontend -serialize-debugging-options -enable-testing -index-store-path /Users/wangrenzhu/work/LeafClinicWalkthrough/.build/xcode-derived/Index.noindex/DataStore -Xcc -D_LIBCPP_HARDENING_MODE\=_LIBCPP_HARDENING_MODE_DEBUG -swift-version 6 -I /Users/wangrenzhu/work/LeafClinicWalkthrough/.build/xcode-derived/Build/Products/Debug-iphonesimulator -F /Users/wangrenzhu/work/LeafClinicWalkthrough/.build/xcode-derived/Build/Products/Debug-iphonesimulator -emit-localized-strings -emit-localized-strings-path /Users/wangrenzhu/work/LeafClinicWalkthrough/.build/xcode-derived/Build/Intermediates.noindex/LeafClinicWalkthrough.build/Debug-iphonesimulator/LeafClinicWalkthrough.build/Objects-normal/arm64 -c -j10 -enable-batch-mode -incremental -Xcc -ivfsstatcache -Xcc /Users/wangrenzhu/work/LeafClinicWalkthrough/.build/xcode-derived/SDKStatCaches.noindex/iphonesimulator26.5-23F81a-6cfe768891a92b912361537c460fe42b.sdkstatcache -output-file-map /Users/wangrenzhu/work/LeafClinicWalkthrough/.build/xcode-derived/Build/Intermediates.noindex/LeafClinicWalkthrough.build/Debug-iphonesimulator/LeafClinicWalkthrough.build/Objects-normal/arm64/LeafClinicWalkthrough-OutputFileMap.json -use-frontend-parseable-output -save-temps -no-color-diagnostics -explicit-module-build -module-cache-path /Users/wangrenzhu/work/LeafClinicWalkthrough/.build/xcode-derived/Build/Intermediates.noindex/SwiftExplicitPrecompiledModules -clang-scanner-module-cache-path /Users/wangrenzhu/work/LeafClinicWalkthrough/.build/xcode-derived/ModuleCache.noindex -sdk-module-cache-path /Users/wangrenzhu/work/LeafClinicWalkthrough/.build/xcode-derived/ModuleCache.noindex -serialize-diagnostics -emit-dependencies -emit-module -emit-module-path /Users/wangrenzhu/work/LeafClinicWalkthrough/.build/xcode-derived/Build/Intermediates.noindex/LeafClinicWalkthrough.build/Debug-iphonesimulator/LeafClinicWalkthrough.build/Objects-normal/arm64/LeafClinicWalkthrough.swiftmodule -validate-clang-modules-once -clang-build-session-file /Users/wangrenzhu/work/LeafClinicWalkthrough/.build/xcode-derived/ModuleCache.noindex/Session.modulevalidation -Xcc -I/Users/wangrenzhu/work/LeafClinicWalkthrough/.build/xcode-derived/Build/Intermediates.noindex/LeafClinicWalkthrough.build/Debug-iphonesimulator/LeafClinicWalkthrough.build/swift-overrides.hmap -emit-const-values -Xfrontend -const-gather-protocols-file -Xfrontend /Users/wangrenzhu/work/LeafClinicWalkthrough/.build/xcode-derived/Build/Intermediates.noindex/LeafClinicWalkthrough.build/Debug-iphonesimulator/LeafClinicWalkthrough.build/Objects-normal/arm64/LeafClinicWalkthrough_const_extract_protocols.json -Xcc -iquote -Xcc /Users/wangrenzhu/work/LeafClinicWalkthrough/.build/xcode-derived/Build/Intermediates.noindex/LeafClinicWalkthrough.build/Debug-iphonesimulator/LeafClinicWalkthrough.build/LeafClinicWalkthrough-generated-files.hmap -Xcc -I/Users/wangrenzhu/work/LeafClinicWalkthrough/.build/xcode-derived/Build/Intermediates.noindex/LeafClinicWalkthrough.build/Debug-iphonesimulator/LeafClinicWalkthrough.build/LeafClinicWalkthrough-own-target-headers.hmap -Xcc -I/Users/wangrenzhu/work/LeafClinicWalkthrough/.build/xcode-derived/Build/Intermediates.noindex/LeafClinicWalkthrough.build/Debug-iphonesimulator/LeafClinicWalkthrough.build/LeafClinicWalkthrough-all-target-headers.hmap -Xcc -iquote -Xcc /Users/wangrenzhu/work/LeafClinicWalkthrough/.build/xcode-derived/Build/Intermediates.noindex/LeafClinicWalkthrough.build/Debug-iphonesimulator/LeafClinicWalkthrough.build/LeafClinicWalkthrough-project-headers.hmap -Xcc -I/Users/wangrenzhu/work/LeafClinicWalkthrough/.build/xcode-derived/Build/Products/Debug-iphonesimulator/include -Xcc -I/Users/wangrenzhu/work/LeafClinicWalkthrough/.build/xcode-derived/Build/Intermediates.noindex/LeafClinicWalkthrough.build/Debug-iphonesimulator/LeafClinicWalkthrough.build/DerivedSources-normal/arm64 -Xcc -I/Users/wangrenzhu/work/LeafClinicWalkthrough/.build/xcode-derived/Build/Intermediates.noindex/LeafClinicWalkthrough.build/Debug-iphonesimulator/LeafClinicWalkthrough.build/DerivedSources/arm64 -Xcc -I/Users/wangrenzhu/work/LeafClinicWalkthrough/.build/xcode-derived/Build/Intermediates.noindex/LeafClinicWalkthrough.build/Debug-iphonesimulator/LeafClinicWalkthrough.build/DerivedSources -Xcc -DDEBUG\=1 -emit-objc-header -emit-objc-header-path /Users/wangrenzhu/work/LeafClinicWalkthrough/.build/xcode-derived/Build/Intermediates.noindex/LeafClinicWalkthrough.build/Debug-iphonesimulator/LeafClinicWalkthrough.build/Objects-normal/arm64/LeafClinicWalkthrough-Swift.h -working-directory /Users/wangrenzhu/work/LeafClinicWalkthrough -experimental-emit-module-separately -disable-cmo

SwiftExplicitDependencyGeneratePcm arm64 /Users/wangrenzhu/work/LeafClinicWalkthrough/.build/xcode-derived/ModuleCache.noindex/ptrcheck-D5YH6JBEN9XVOGB0663XTLXTD.pcm

SwiftExplicitDependencyGeneratePcm arm64 /Users/wangrenzhu/work/LeafClinicWalkthrough/.build/xcode-derived/ModuleCache.noindex/_SwiftConcurrencyShims-7FGU606WJP5C8RHJ0J4PORFVJ.pcm

SwiftExplicitDependencyGeneratePcm arm64 /Users/wangrenzhu/work/LeafClinicWalkthrough/.build/xcode-derived/ModuleCache.noindex/_AvailabilityInternal-ZDOQJDXXHG0WH2PDG9HSOG68.pcm

SwiftExplicitDependencyGeneratePcm arm64 /Users/wangrenzhu/work/LeafClinicWalkthrough/.build/xcode-derived/ModuleCache.noindex/DeveloperToolsSupport-3YOYXKX1LYVSWIJN11QMB9UQD.pcm

SwiftExplicitDependencyGeneratePcm arm64 /Users/wangrenzhu/work/LeafClinicWalkthrough/.build/xcode-derived/ModuleCache.noindex/_Builtin_float-8YKTEIBAN6FJXA38ELD6S1XIG.pcm

SwiftExplicitDependencyGeneratePcm arm64 /Users/wangrenzhu/work/LeafClinicWalkthrough/.build/xcode-derived/ModuleCache.noindex/_Builtin_stdbool-1YJU2J9DDHQCB17X2TTX0C6JT.pcm

SwiftExplicitDependencyGeneratePcm arm64 /Users/wangrenzhu/work/LeafClinicWalkthrough/.build/xcode-derived/ModuleCache.noindex/_Builtin_stddef-5RK5M0TDDCWSC0PWICMUPOBOH.pcm

SwiftExplicitDependencyGeneratePcm arm64 /Users/wangrenzhu/work/LeafClinicWalkthrough/.build/xcode-derived/ModuleCache.noindex/ptrauth-D94RVPDFD2AI7KAR63PTLEE5R.pcm

SwiftExplicitDependencyGeneratePcm arm64 /Users/wangrenzhu/work/LeafClinicWalkthrough/.build/xcode-derived/ModuleCache.noindex/_Builtin_stdarg-7XRG8I9446V8HURXNJEO1VL77.pcm

SwiftExplicitDependencyGeneratePcm arm64 /Users/wangrenzhu/work/LeafClinicWalkthrough/.build/xcode-derived/ModuleCache.noindex/SwiftShims-4OSNHDTFWP0B5RQVEXK46Y020.pcm

SwiftExplicitDependencyGeneratePcm arm64 /Users/wangrenzhu/work/LeafClinicWalkthrough/.build/xcode-derived/ModuleCache.noindex/_DarwinFoundation1-2TATEXD0T2R9SS6LCDYPLLSU1.pcm

SwiftExplicitDependencyGeneratePcm arm64 /Users/wangrenzhu/work/LeafClinicWalkthrough/.build/xcode-derived/ModuleCache.noindex/_DarwinFoundation2-1IAQK1R3ODGS9GW6TVKGLYHXX.pcm

SwiftExplicitDependencyGeneratePcm arm64 /Users/wangrenzhu/work/LeafClinicWalkthrough/.build/xcode-derived/ModuleCache.noindex/_Builtin_limits-2JTPOP8L7ZNWW2VALRHUKRIZE.pcm

SwiftExplicitDependencyGeneratePcm arm64 /Users/wangrenzhu/work/LeafClinicWalkthrough/.build/xcode-derived/ModuleCache.noindex/_Builtin_stdint-3H91HMJZS2PEN901J20F9XKHO.pcm

SwiftExplicitDependencyGeneratePcm arm64 /Users/wangrenzhu/work/LeafClinicWalkthrough/.build/xcode-derived/ModuleCache.noindex/_Builtin_tgmath-E4C2SHHB5OK8E3Y8S5E53UU3H.pcm

SwiftExplicitDependencyGeneratePcm arm64 /Users/wangrenzhu/work/LeafClinicWalkthrough/.build/xcode-derived/ModuleCache.noindex/sys_types-43FQKQZXL7WKVLNDDX4S23PC2.pcm

SwiftExplicitDependencyGeneratePcm arm64 /Users/wangrenzhu/work/LeafClinicWalkthrough/.build/xcode-derived/ModuleCache.noindex/_Builtin_stdatomic-4F5D8PVWEJ8BNU63X13IK7Z0W.pcm

SwiftExplicitDependencyGeneratePcm arm64 /Users/wangrenzhu/work/LeafClinicWalkthrough/.build/xcode-derived/ModuleCache.noindex/_DarwinFoundation3-BT7AE8O2EKR37ERZV7OEAE2QL.pcm

SwiftExplicitDependencyGeneratePcm arm64 /Users/wangrenzhu/work/LeafClinicWalkthrough/.build/xcode-derived/ModuleCache.noindex/_Builtin_intrinsics-76BOT9XIG4ZMS2C05V7F1F3S5.pcm

SwiftExplicitDependencyGeneratePcm arm64 /Users/wangrenzhu/work/LeafClinicWalkthrough/.build/xcode-derived/ModuleCache.noindex/_Builtin_inttypes-8QGTS7BZFWT0JH7SG563B398C.pcm

SwiftExplicitDependencyGeneratePcm arm64 /Users/wangrenzhu/work/LeafClinicWalkthrough/.build/xcode-derived/ModuleCache.noindex/Darwin-DVCTIQNCGQGB5TAVG9XXAE1I5.pcm

SwiftExplicitDependencyGeneratePcm arm64 /Users/wangrenzhu/work/LeafClinicWalkthrough/.build/xcode-derived/ModuleCache.noindex/simd-7WNHKXQZXPAMTR5ENENJJE86E.pcm

SwiftExplicitDependencyGeneratePcm arm64 /Users/wangrenzhu/work/LeafClinicWalkthrough/.build/xcode-derived/ModuleCache.noindex/MachO-E0PGDCD6R1THGFKS7UJLCAIJK.pcm

SwiftExplicitDependencyGeneratePcm arm64 /Users/wangrenzhu/work/LeafClinicWalkthrough/.build/xcode-derived/ModuleCache.noindex/ObjectiveC-7F42J0HRU1LSS8WTQNSK9VIWI.pcm

SwiftExplicitDependencyGeneratePcm arm64 /Users/wangrenzhu/work/LeafClinicWalkthrough/.build/xcode-derived/ModuleCache.noindex/os_object-88LQI9TMZ65I30G93U3BDFY7H.pcm

SwiftExplicitDependencyGeneratePcm arm64 /Users/wangrenzhu/work/LeafClinicWalkthrough/.build/xcode-derived/ModuleCache.noindex/os_workgroup-3EMF32ZQWTWCZOUUIPU1MFMO9.pcm

SwiftExplicitDependencyGeneratePcm arm64 /Users/wangrenzhu/work/LeafClinicWalkthrough/.build/xcode-derived/ModuleCache.noindex/Spatial-7CX30ZH2LE3QA7C47XID83OCS.pcm

SwiftExplicitDependencyGeneratePcm arm64 /Users/wangrenzhu/work/LeafClinicWalkthrough/.build/xcode-derived/ModuleCache.noindex/Dispatch-4DNLW1BAH94AKJBSBOVPCB4FU.pcm

SwiftExplicitDependencyGeneratePcm arm64 /Users/wangrenzhu/work/LeafClinicWalkthrough/.build/xcode-derived/ModuleCache.noindex/XPC-D0C5JCOC6XTJK9BM40AZPG7VW.pcm

SwiftExplicitDependencyGeneratePcm arm64 /Users/wangrenzhu/work/LeafClinicWalkthrough/.build/xcode-derived/ModuleCache.noindex/CoreFoundation-DW7RPA4HJEDR5XF2MMWECC36.pcm

SwiftExplicitDependencyGeneratePcm arm64 /Users/wangrenzhu/work/LeafClinicWalkthrough/.build/xcode-derived/ModuleCache.noindex/os-27UJSQUAZWV1020R1V37Z3S1A.pcm

SwiftExplicitDependencyGeneratePcm arm64 /Users/wangrenzhu/work/LeafClinicWalkthrough/.build/xcode-derived/ModuleCache.noindex/CoreGraphics-C6WB1RHALBM42EUO44QVBCPZ1.pcm

SwiftExplicitDependencyGeneratePcm arm64 /Users/wangrenzhu/work/LeafClinicWalkthrough/.build/xcode-derived/ModuleCache.noindex/Security-2C2DK5FZVC4UAL8RWTLC4GQRE.pcm

SwiftExplicitDependencyGeneratePcm arm64 /Users/wangrenzhu/work/LeafClinicWalkthrough/.build/xcode-derived/ModuleCache.noindex/CFNetwork-72U33S676ZWA8IPJXT212VZZ.pcm

SwiftExplicitDependencyGeneratePcm arm64 /Users/wangrenzhu/work/LeafClinicWalkthrough/.build/xcode-derived/ModuleCache.noindex/Foundation-CRXMP1PA3WE179S59HK6C5RS5.pcm

SwiftExplicitDependencyGeneratePcm arm64 /Users/wangrenzhu/work/LeafClinicWalkthrough/.build/xcode-derived/ModuleCache.noindex/CoreText-215UA7NGHOGD81V8033DDNTAX.pcm

SwiftExplicitDependencyGeneratePcm arm64 /Users/wangrenzhu/work/LeafClinicWalkthrough/.build/xcode-derived/ModuleCache.noindex/ImageIO-E7TFXEBYMKUPC6PT7LTJJ2X17.pcm

SwiftExplicitDependencyGeneratePcm arm64 /Users/wangrenzhu/work/LeafClinicWalkthrough/.build/xcode-derived/ModuleCache.noindex/DataDetection-3IQTB6A15COKVVKNP6C66BFBT.pcm

SwiftExplicitDependencyGeneratePcm arm64 /Users/wangrenzhu/work/LeafClinicWalkthrough/.build/xcode-derived/ModuleCache.noindex/UIUtilities-BOWTQ3HVNIOW0YL9GBBHZRGDM.pcm

SwiftExplicitDependencyGeneratePcm arm64 /Users/wangrenzhu/work/LeafClinicWalkthrough/.build/xcode-derived/ModuleCache.noindex/UserNotifications-4DOBVHJ0FL0CH3AC026944M7F.pcm

SwiftExplicitDependencyGeneratePcm arm64 /Users/wangrenzhu/work/LeafClinicWalkthrough/.build/xcode-derived/ModuleCache.noindex/Accessibility-74FWPY4DB9MVZZVSMF4JZBKXC.pcm

SwiftExplicitDependencyGeneratePcm arm64 /Users/wangrenzhu/work/LeafClinicWalkthrough/.build/xcode-derived/ModuleCache.noindex/OpenGLES-AZNLNYG5SXCH16S64TFI6RO17.pcm

SwiftExplicitDependencyGeneratePcm arm64 /Users/wangrenzhu/work/LeafClinicWalkthrough/.build/xcode-derived/ModuleCache.noindex/FileProvider-5MDRZR9YXRT2YRF7LRFF4LM6B.pcm

SwiftExplicitDependencyGeneratePcm arm64 /Users/wangrenzhu/work/LeafClinicWalkthrough/.build/xcode-derived/ModuleCache.noindex/CoreTransferable-6H06WZQL1KPO63WRVFBNM0PN4.pcm

SwiftExplicitDependencyGeneratePcm arm64 /Users/wangrenzhu/work/LeafClinicWalkthrough/.build/xcode-derived/ModuleCache.noindex/UniformTypeIdentifiers-CT6E05M1A3520ZFF910ZWAG9Z.pcm

SwiftExplicitDependencyGeneratePcm arm64 /Users/wangrenzhu/work/LeafClinicWalkthrough/.build/xcode-derived/ModuleCache.noindex/CoreData-57TYNX0958QMDT24FKMS2U40I.pcm

SwiftExplicitDependencyGeneratePcm arm64 /Users/wangrenzhu/work/LeafClinicWalkthrough/.build/xcode-derived/ModuleCache.noindex/OSLog-ECJZDNZYNQYQIYUASENP2RUM0.pcm

SwiftExplicitDependencyGeneratePcm arm64 /Users/wangrenzhu/work/LeafClinicWalkthrough/.build/xcode-derived/ModuleCache.noindex/Symbols-BNZZG91IC9GNN2OCY4LUCZ4VL.pcm

SwiftExplicitDependencyGeneratePcm arm64 /Users/wangrenzhu/work/LeafClinicWalkthrough/.build/xcode-derived/ModuleCache.noindex/IOSurface-AMICFTPZIWODI2WMRQ5RBDHNK.pcm

SwiftExplicitDependencyGeneratePcm arm64 /Users/wangrenzhu/work/LeafClinicWalkthrough/.build/xcode-derived/ModuleCache.noindex/Metal-EL9BUO5WK0W7EZSP76K7043H.pcm

SwiftExplicitDependencyGeneratePcm arm64 /Users/wangrenzhu/work/LeafClinicWalkthrough/.build/xcode-derived/ModuleCache.noindex/CoreVideo-7E2CTFHIG05SV0XI9BUN1MEDC.pcm

SwiftExplicitDependencyGeneratePcm arm64 /Users/wangrenzhu/work/LeafClinicWalkthrough/.build/xcode-derived/ModuleCache.noindex/CoreImage-2BNWAWU5HISSHEAMJ3D35PR3O.pcm

SwiftExplicitDependencyGeneratePcm arm64 /Users/wangrenzhu/work/LeafClinicWalkthrough/.build/xcode-derived/ModuleCache.noindex/QuartzCore-8FGKAO5CRTEXWMFZWM5M9T42O.pcm

SwiftExplicitDependencyGeneratePcm arm64 /Users/wangrenzhu/work/LeafClinicWalkthrough/.build/xcode-derived/ModuleCache.noindex/SwiftUICore-ANC0HDVFGIZT23EAW3KG6GUSQ.pcm

SwiftExplicitDependencyGeneratePcm arm64 /Users/wangrenzhu/work/LeafClinicWalkthrough/.build/xcode-derived/ModuleCache.noindex/UIKit-D889OB7A38660MSY006DML8FM.pcm

SwiftExplicitDependencyGeneratePcm arm64 /Users/wangrenzhu/work/LeafClinicWalkthrough/.build/xcode-derived/ModuleCache.noindex/SwiftUI-7DTDEX0DX63JXHENEPXJFICVF.pcm

SwiftCompile normal arm64 Compiling\ LocalTriageEngine.swift /Users/wangrenzhu/work/LeafClinicWalkthrough/Sources/LeafClinicWalkthrough/LocalTriageEngine.swift (in target 'LeafClinicWalkthrough' from project 'LeafClinicWalkthrough')

SwiftCompile normal arm64 /Users/wangrenzhu/work/LeafClinicWalkthrough/Sources/LeafClinicWalkthrough/LocalTriageEngine.swift (in target 'LeafClinicWalkthrough' from project 'LeafClinicWalkthrough')
    cd /Users/wangrenzhu/work/LeafClinicWalkthrough
    

SwiftEmitModule normal arm64 Emitting\ module\ for\ LeafClinicWalkthrough (in target 'LeafClinicWalkthrough' from project 'LeafClinicWalkthrough')

EmitSwiftModule normal arm64 (in target 'LeafClinicWalkthrough' from project 'LeafClinicWalkthrough')
    cd /Users/wangrenzhu/work/LeafClinicWalkthrough
    

SwiftCompile normal arm64 Compiling\ LeafClinicWalkthroughMainApp.swift /Users/wangrenzhu/work/LeafClinicWalkthrough/LeafClinicWalkthroughApp/LeafClinicWalkthroughMainApp.swift (in target 'LeafClinicWalkthrough' from project 'LeafClinicWalkthrough')
SwiftCompile normal arm64 /Users/wangrenzhu/work/LeafClinicWalkthrough/LeafClinicWalkthroughApp/LeafClinicWalkthroughMainApp.swift (in target 'LeafClinicWalkthrough' from project 'LeafClinicWalkthrough')
    cd /Users/wangrenzhu/work/LeafClinicWalkthrough
    

SwiftCompile normal arm64 Compiling\ LeafClinicViews.swift /Users/wangrenzhu/work/LeafClinicWalkthrough/Sources/LeafClinicWalkthrough/LeafClinicViews.swift (in target 'LeafClinicWalkthrough' from project 'LeafClinicWalkthrough')
SwiftCompile normal arm64 /Users/wangrenzhu/work/LeafClinicWalkthrough/Sources/LeafClinicWalkthrough/LeafClinicViews.swift (in target 'LeafClinicWalkthrough' from project 'LeafClinicWalkthrough')
    cd /Users/wangrenzhu/work/LeafClinicWalkthrough
    

SwiftCompile normal arm64 Compiling\ LeafClinicStore.swift /Users/wangrenzhu/work/LeafClinicWalkthrough/Sources/LeafClinicWalkthrough/LeafClinicStore.swift (in target 'LeafClinicWalkthrough' from project 'LeafClinicWalkthrough')

SwiftCompile normal arm64 /Users/wangrenzhu/work/LeafClinicWalkthrough/Sources/LeafClinicWalkthrough/LeafClinicStore.swift (in target 'LeafClinicWalkthrough' from project 'LeafClinicWalkthrough')
    cd /Users/wangrenzhu/work/LeafClinicWalkthrough
    

SwiftCompile normal arm64 Compiling\ LeafClinicApp.swift /Users/wangrenzhu/work/LeafClinicWalkthrough/Sources/LeafClinicWalkthrough/LeafClinicApp.swift (in target 'LeafClinicWalkthrough' from project 'LeafClinicWalkthrough')

SwiftCompile normal arm64 /Users/wangrenzhu/work/LeafClinicWalkthrough/Sources/LeafClinicWalkthrough/LeafClinicApp.swift (in target 'LeafClinicWalkthrough' from project 'LeafClinicWalkthrough')
    cd /Users/wangrenzhu/work/LeafClinicWalkthrough
    

SwiftCompile normal arm64 Compiling\ Models.swift /Users/wangrenzhu/work/LeafClinicWalkthrough/Sources/LeafClinicWalkthrough/Models.swift (in target 'LeafClinicWalkthrough' from project 'LeafClinicWalkthrough')

SwiftCompile normal arm64 /Users/wangrenzhu/work/LeafClinicWalkthrough/Sources/LeafClinicWalkthrough/Models.swift (in target 'LeafClinicWalkthrough' from project 'LeafClinicWalkthrough')
    cd /Users/wangrenzhu/work/LeafClinicWalkthrough
    

SwiftDriverJobDiscovery normal arm64 Emitting module for LeafClinicWalkthrough (in target 'LeafClinicWalkthrough' from project 'LeafClinicWalkthrough')

SwiftDriver\ Compilation\ Requirements LeafClinicWalkthrough normal arm64 com.apple.xcode.tools.swift.compiler (in target 'LeafClinicWalkthrough' from project 'LeafClinicWalkthrough')
    cd /Users/wangrenzhu/work/LeafClinicWalkthrough
    builtin-Swift-Compilation-Requirements -- /Applications/Xcode.app/Contents/Developer/Toolchains/XcodeDefault.xctoolchain/usr/bin/swiftc -module-name LeafClinicWalkthrough -Onone @/Users/wangrenzhu/work/LeafClinicWalkthrough/.build/xcode-derived/Build/Intermediates.noindex/LeafClinicWalkthrough.build/Debug-iphonesimulator/LeafClinicWalkthrough.build/Objects-normal/arm64/LeafClinicWalkthrough.SwiftFileList -DDEBUG -enable-experimental-feature DebugDescriptionMacro -sdk /Applications/Xcode.app/Contents/Developer/Platforms/iPhoneSimulator.platform/Developer/SDKs/iPhoneSimulator26.5.sdk -target arm64-apple-ios17.0-simulator -g -module-cache-path /Users/wangrenzhu/work/LeafClinicWalkthrough/.build/xcode-derived/ModuleCache.noindex -Xfrontend -serialize-debugging-options -enable-testing -index-store-path /Users/wangrenzhu/work/LeafClinicWalkthrough/.build/xcode-derived/Index.noindex/DataStore -Xcc -D_LIBCPP_HARDENING_MODE\=_LIBCPP_HARDENING_MODE_DEBUG -swift-version 6 -I /Users/wangrenzhu/work/LeafClinicWalkthrough/.build/xcode-derived/Build/Products/Debug-iphonesimulator -F /Users/wangrenzhu/work/LeafClinicWalkthrough/.build/xcode-derived/Build/Products/Debug-iphonesimulator -emit-localized-strings -emit-localized-strings-path /Users/wangrenzhu/work/LeafClinicWalkthrough/.build/xcode-derived/Build/Intermediates.noindex/LeafClinicWalkthrough.build/Debug-iphonesimulator/LeafClinicWalkthrough.build/Objects-normal/arm64 -c -j10 -enable-batch-mode -incremental -Xcc -ivfsstatcache -Xcc /Users/wangrenzhu/work/LeafClinicWalkthrough/.build/xcode-derived/SDKStatCaches.noindex/iphonesimulator26.5-23F81a-6cfe768891a92b912361537c460fe42b.sdkstatcache -output-file-map /Users/wangrenzhu/work/LeafClinicWalkthrough/.build/xcode-derived/Build/Intermediates.noindex/LeafClinicWalkthrough.build/Debug-iphonesimulator/LeafClinicWalkthrough.build/Objects-normal/arm64/LeafClinicWalkthrough-OutputFileMap.json -use-frontend-parseable-output -save-temps -no-color-diagnostics -explicit-module-build -module-cache-path /Users/wangrenzhu/work/LeafClinicWalkthrough/.build/xcode-derived/Build/Intermediates.noindex/SwiftExplicitPrecompiledModules -clang-scanner-module-cache-path /Users/wangrenzhu/work/LeafClinicWalkthrough/.build/xcode-derived/ModuleCache.noindex -sdk-module-cache-path /Users/wangrenzhu/work/LeafClinicWalkthrough/.build/xcode-derived/ModuleCache.noindex -serialize-diagnostics -emit-dependencies -emit-module -emit-module-path /Users/wangrenzhu/work/LeafClinicWalkthrough/.build/xcode-derived/Build/Intermediates.noindex/LeafClinicWalkthrough.build/Debug-iphonesimulator/LeafClinicWalkthrough.build/Objects-normal/arm64/LeafClinicWalkthrough.swiftmodule -validate-clang-modules-once -clang-build-session-file /Users/wangrenzhu/work/LeafClinicWalkthrough/.build/xcode-derived/ModuleCache.noindex/Session.modulevalidation -Xcc -I/Users/wangrenzhu/work/LeafClinicWalkthrough/.build/xcode-derived/Build/Intermediates.noindex/LeafClinicWalkthrough.build/Debug-iphonesimulator/LeafClinicWalkthrough.build/swift-overrides.hmap -emit-const-values -Xfrontend -const-gather-protocols-file -Xfrontend /Users/wangrenzhu/work/LeafClinicWalkthrough/.build/xcode-derived/Build/Intermediates.noindex/LeafClinicWalkthrough.build/Debug-iphonesimulator/LeafClinicWalkthrough.build/Objects-normal/arm64/LeafClinicWalkthrough_const_extract_protocols.json -Xcc -iquote -Xcc /Users/wangrenzhu/work/LeafClinicWalkthrough/.build/xcode-derived/Build/Intermediates.noindex/LeafClinicWalkthrough.build/Debug-iphonesimulator/LeafClinicWalkthrough.build/LeafClinicWalkthrough-generated-files.hmap -Xcc -I/Users/wangrenzhu/work/LeafClinicWalkthrough/.build/xcode-derived/Build/Intermediates.noindex/LeafClinicWalkthrough.build/Debug-iphonesimulator/LeafClinicWalkthrough.build/LeafClinicWalkthrough-own-target-headers.hmap -Xcc -I/Users/wangrenzhu/work/LeafClinicWalkthrough/.build/xcode-derived/Build/Intermediates.noindex/LeafClinicWalkthrough.build/Debug-iphonesimulator/LeafClinicWalkthrough.build/LeafClinicWalkthrough-all-target-headers.hmap -Xcc -iquote -Xcc /Users/wangrenzhu/work/LeafClinicWalkthrough/.build/xcode-derived/Build/Intermediates.noindex/LeafClinicWalkthrough.build/Debug-iphonesimulator/LeafClinicWalkthrough.build/LeafClinicWalkthrough-project-headers.hmap -Xcc -I/Users/wangrenzhu/work/LeafClinicWalkthrough/.build/xcode-derived/Build/Products/Debug-iphonesimulator/include -Xcc -I/Users/wangrenzhu/work/LeafClinicWalkthrough/.build/xcode-derived/Build/Intermediates.noindex/LeafClinicWalkthrough.build/Debug-iphonesimulator/LeafClinicWalkthrough.build/DerivedSources-normal/arm64 -Xcc -I/Users/wangrenzhu/work/LeafClinicWalkthrough/.build/xcode-derived/Build/Intermediates.noindex/LeafClinicWalkthrough.build/Debug-iphonesimulator/LeafClinicWalkthrough.build/DerivedSources/arm64 -Xcc -I/Users/wangrenzhu/work/LeafClinicWalkthrough/.build/xcode-derived/Build/Intermediates.noindex/LeafClinicWalkthrough.build/Debug-iphonesimulator/LeafClinicWalkthrough.build/DerivedSources -Xcc -DDEBUG\=1 -emit-objc-header -emit-objc-header-path /Users/wangrenzhu/work/LeafClinicWalkthrough/.build/xcode-derived/Build/Intermediates.noindex/LeafClinicWalkthrough.build/Debug-iphonesimulator/LeafClinicWalkthrough.build/Objects-normal/arm64/LeafClinicWalkthrough-Swift.h -working-directory /Users/wangrenzhu/work/LeafClinicWalkthrough -experimental-emit-module-separately -disable-cmo

SwiftMergeGeneratedHeaders /Users/wangrenzhu/work/LeafClinicWalkthrough/.build/xcode-derived/Build/Intermediates.noindex/LeafClinicWalkthrough.build/Debug-iphonesimulator/LeafClinicWalkthrough.build/DerivedSources/LeafClinicWalkthrough-Swift.h /Users/wangrenzhu/work/LeafClinicWalkthrough/.build/xcode-derived/Build/Intermediates.noindex/LeafClinicWalkthrough.build/Debug-iphonesimulator/LeafClinicWalkthrough.build/Objects-normal/arm64/LeafClinicWalkthrough-Swift.h (in target 'LeafClinicWalkthrough' from project 'LeafClinicWalkthrough')
    cd /Users/wangrenzhu/work/LeafClinicWalkthrough
    builtin-swiftHeaderTool -arch arm64 /Users/wangrenzhu/work/LeafClinicWalkthrough/.build/xcode-derived/Build/Intermediates.noindex/LeafClinicWalkthrough.build/Debug-iphonesimulator/LeafClinicWalkthrough.build/Objects-normal/arm64/LeafClinicWalkthrough-Swift.h -o /Users/wangrenzhu/work/LeafClinicWalkthrough/.build/xcode-derived/Build/Intermediates.noindex/LeafClinicWalkthrough.build/Debug-iphonesimulator/LeafClinicWalkthrough.build/DerivedSources/LeafClinicWalkthrough-Swift.h

Copy /Users/wangrenzhu/work/LeafClinicWalkthrough/.build/xcode-derived/Build/Products/Debug-iphonesimulator/LeafClinicWalkthrough.swiftmodule/arm64-apple-ios-simulator.swiftdoc /Users/wangrenzhu/work/LeafClinicWalkthrough/.build/xcode-derived/Build/Intermediates.noindex/LeafClinicWalkthrough.build/Debug-iphonesimulator/LeafClinicWalkthrough.build/Objects-normal/arm64/LeafClinicWalkthrough.swiftdoc (in target 'LeafClinicWalkthrough' from project 'LeafClinicWalkthrough')
    cd /Users/wangrenzhu/work/LeafClinicWalkthrough
    builtin-copy -exclude .DS_Store -exclude CVS -exclude .svn -exclude .git -exclude .hg -strip-unsigned-binaries -strip-deterministic -strip-tool /Applications/Xcode.app/Contents/Developer/Toolchains/XcodeDefault.xctoolchain/usr/bin/strip -resolve-src-symlinks -rename /Users/wangrenzhu/work/LeafClinicWalkthrough/.build/xcode-derived/Build/Intermediates.noindex/LeafClinicWalkthrough.build/Debug-iphonesimulator/LeafClinicWalkthrough.build/Objects-normal/arm64/LeafClinicWalkthrough.swiftdoc /Users/wangrenzhu/work/LeafClinicWalkthrough/.build/xcode-derived/Build/Products/Debug-iphonesimulator/LeafClinicWalkthrough.swiftmodule/arm64-apple-ios-simulator.swiftdoc

Copy /Users/wangrenzhu/work/LeafClinicWalkthrough/.build/xcode-derived/Build/Products/Debug-iphonesimulator/LeafClinicWalkthrough.swiftmodule/arm64-apple-ios-simulator.abi.json /Users/wangrenzhu/work/LeafClinicWalkthrough/.build/xcode-derived/Build/Intermediates.noindex/LeafClinicWalkthrough.build/Debug-iphonesimulator/LeafClinicWalkthrough.build/Objects-normal/arm64/LeafClinicWalkthrough.abi.json (in target 'LeafClinicWalkthrough' from project 'LeafClinicWalkthrough')
    cd /Users/wangrenzhu/work/LeafClinicWalkthrough
    builtin-copy -exclude .DS_Store -exclude CVS -exclude .svn -exclude .git -exclude .hg -strip-unsigned-binaries -strip-deterministic -strip-tool /Applications/Xcode.app/Contents/Developer/Toolchains/XcodeDefault.xctoolchain/usr/bin/strip -resolve-src-symlinks -rename /Users/wangrenzhu/work/LeafClinicWalkthrough/.build/xcode-derived/Build/Intermediates.noindex/LeafClinicWalkthrough.build/Debug-iphonesimulator/LeafClinicWalkthrough.build/Objects-normal/arm64/LeafClinicWalkthrough.abi.json /Users/wangrenzhu/work/LeafClinicWalkthrough/.build/xcode-derived/Build/Products/Debug-iphonesimulator/LeafClinicWalkthrough.swiftmodule/arm64-apple-ios-simulator.abi.json

Copy /Users/wangrenzhu/work/LeafClinicWalkthrough/.build/xcode-derived/Build/Products/Debug-iphonesimulator/LeafClinicWalkthrough.swiftmodule/arm64-apple-ios-simulator.swiftmodule /Users/wangrenzhu/work/LeafClinicWalkthrough/.build/xcode-derived/Build/Intermediates.noindex/LeafClinicWalkthrough.build/Debug-iphonesimulator/LeafClinicWalkthrough.build/Objects-normal/arm64/LeafClinicWalkthrough.swiftmodule (in target 'LeafClinicWalkthrough' from project 'LeafClinicWalkthrough')
    cd /Users/wangrenzhu/work/LeafClinicWalkthrough
    builtin-copy -exclude .DS_Store -exclude CVS -exclude .svn -exclude .git -exclude .hg -strip-unsigned-binaries -strip-deterministic -strip-tool /Applications/Xcode.app/Contents/Developer/Toolchains/XcodeDefault.xctoolchain/usr/bin/strip -resolve-src-symlinks -rename /Users/wangrenzhu/work/LeafClinicWalkthrough/.build/xcode-derived/Build/Intermediates.noindex/LeafClinicWalkthrough.build/Debug-iphonesimulator/LeafClinicWalkthrough.build/Objects-normal/arm64/LeafClinicWalkthrough.swiftmodule /Users/wangrenzhu/work/LeafClinicWalkthrough/.build/xcode-derived/Build/Products/Debug-iphonesimulator/LeafClinicWalkthrough.swiftmodule/arm64-apple-ios-simulator.swiftmodule

Copy /Users/wangrenzhu/work/LeafClinicWalkthrough/.build/xcode-derived/Build/Products/Debug-iphonesimulator/LeafClinicWalkthrough.swiftmodule/Project/arm64-apple-ios-simulator.swiftsourceinfo /Users/wangrenzhu/work/LeafClinicWalkthrough/.build/xcode-derived/Build/Intermediates.noindex/LeafClinicWalkthrough.build/Debug-iphonesimulator/LeafClinicWalkthrough.build/Objects-normal/arm64/LeafClinicWalkthrough.swiftsourceinfo (in target 'LeafClinicWalkthrough' from project 'LeafClinicWalkthrough')
    cd /Users/wangrenzhu/work/LeafClinicWalkthrough
    builtin-copy -exclude .DS_Store -exclude CVS -exclude .svn -exclude .git -exclude .hg -strip-unsigned-binaries -strip-deterministic -strip-tool /Applications/Xcode.app/Contents/Developer/Toolchains/XcodeDefault.xctoolchain/usr/bin/strip -resolve-src-symlinks -rename /Users/wangrenzhu/work/LeafClinicWalkthrough/.build/xcode-derived/Build/Intermediates.noindex/LeafClinicWalkthrough.build/Debug-iphonesimulator/LeafClinicWalkthrough.build/Objects-normal/arm64/LeafClinicWalkthrough.swiftsourceinfo /Users/wangrenzhu/work/LeafClinicWalkthrough/.build/xcode-derived/Build/Products/Debug-iphonesimulator/LeafClinicWalkthrough.swiftmodule/Project/arm64-apple-ios-simulator.swiftsourceinfo

SwiftDriverJobDiscovery normal arm64 Compiling LocalTriageEngine.swift (in target 'LeafClinicWalkthrough' from project 'LeafClinicWalkthrough')

SwiftDriverJobDiscovery normal arm64 Compiling Models.swift (in target 'LeafClinicWalkthrough' from project 'LeafClinicWalkthrough')

SwiftDriverJobDiscovery normal arm64 Compiling LeafClinicStore.swift (in target 'LeafClinicWalkthrough' from project 'LeafClinicWalkthrough')

SwiftDriverJobDiscovery normal arm64 Compiling LeafClinicApp.swift (in target 'LeafClinicWalkthrough' from project 'LeafClinicWalkthrough')

SwiftDriverJobDiscovery normal arm64 Compiling LeafClinicWalkthroughMainApp.swift (in target 'LeafClinicWalkthrough' from project 'LeafClinicWalkthrough')

SwiftDriverJobDiscovery normal arm64 Compiling LeafClinicViews.swift (in target 'LeafClinicWalkthrough' from project 'LeafClinicWalkthrough')

SwiftDriver\ Compilation LeafClinicWalkthrough normal arm64 com.apple.xcode.tools.swift.compiler (in target 'LeafClinicWalkthrough' from project 'LeafClinicWalkthrough')
    cd /Users/wangrenzhu/work/LeafClinicWalkthrough
    builtin-Swift-Compilation -- /Applications/Xcode.app/Contents/Developer/Toolchains/XcodeDefault.xctoolchain/usr/bin/swiftc -module-name LeafClinicWalkthrough -Onone @/Users/wangrenzhu/work/LeafClinicWalkthrough/.build/xcode-derived/Build/Intermediates.noindex/LeafClinicWalkthrough.build/Debug-iphonesimulator/LeafClinicWalkthrough.build/Objects-normal/arm64/LeafClinicWalkthrough.SwiftFileList -DDEBUG -enable-experimental-feature DebugDescriptionMacro -sdk /Applications/Xcode.app/Contents/Developer/Platforms/iPhoneSimulator.platform/Developer/SDKs/iPhoneSimulator26.5.sdk -target arm64-apple-ios17.0-simulator -g -module-cache-path /Users/wangrenzhu/work/LeafClinicWalkthrough/.build/xcode-derived/ModuleCache.noindex -Xfrontend -serialize-debugging-options -enable-testing -index-store-path /Users/wangrenzhu/work/LeafClinicWalkthrough/.build/xcode-derived/Index.noindex/DataStore -Xcc -D_LIBCPP_HARDENING_MODE\=_LIBCPP_HARDENING_MODE_DEBUG -swift-version 6 -I /Users/wangrenzhu/work/LeafClinicWalkthrough/.build/xcode-derived/Build/Products/Debug-iphonesimulator -F /Users/wangrenzhu/work/LeafClinicWalkthrough/.build/xcode-derived/Build/Products/Debug-iphonesimulator -emit-localized-strings -emit-localized-strings-path /Users/wangrenzhu/work/LeafClinicWalkthrough/.build/xcode-derived/Build/Intermediates.noindex/LeafClinicWalkthrough.build/Debug-iphonesimulator/LeafClinicWalkthrough.build/Objects-normal/arm64 -c -j10 -enable-batch-mode -incremental -Xcc -ivfsstatcache -Xcc /Users/wangrenzhu/work/LeafClinicWalkthrough/.build/xcode-derived/SDKStatCaches.noindex/iphonesimulator26.5-23F81a-6cfe768891a92b912361537c460fe42b.sdkstatcache -output-file-map /Users/wangrenzhu/work/LeafClinicWalkthrough/.build/xcode-derived/Build/Intermediates.noindex/LeafClinicWalkthrough.build/Debug-iphonesimulator/LeafClinicWalkthrough.build/Objects-normal/arm64/LeafClinicWalkthrough-OutputFileMap.json -use-frontend-parseable-output -save-temps -no-color-diagnostics -explicit-module-build -module-cache-path /Users/wangrenzhu/work/LeafClinicWalkthrough/.build/xcode-derived/Build/Intermediates.noindex/SwiftExplicitPrecompiledModules -clang-scanner-module-cache-path /Users/wangrenzhu/work/LeafClinicWalkthrough/.build/xcode-derived/ModuleCache.noindex -sdk-module-cache-path /Users/wangrenzhu/work/LeafClinicWalkthrough/.build/xcode-derived/ModuleCache.noindex -serialize-diagnostics -emit-dependencies -emit-module -emit-module-path /Users/wangrenzhu/work/LeafClinicWalkthrough/.build/xcode-derived/Build/Intermediates.noindex/LeafClinicWalkthrough.build/Debug-iphonesimulator/LeafClinicWalkthrough.build/Objects-normal/arm64/LeafClinicWalkthrough.swiftmodule -validate-clang-modules-once -clang-build-session-file /Users/wangrenzhu/work/LeafClinicWalkthrough/.build/xcode-derived/ModuleCache.noindex/Session.modulevalidation -Xcc -I/Users/wangrenzhu/work/LeafClinicWalkthrough/.build/xcode-derived/Build/Intermediates.noindex/LeafClinicWalkthrough.build/Debug-iphonesimulator/LeafClinicWalkthrough.build/swift-overrides.hmap -emit-const-values -Xfrontend -const-gather-protocols-file -Xfrontend /Users/wangrenzhu/work/LeafClinicWalkthrough/.build/xcode-derived/Build/Intermediates.noindex/LeafClinicWalkthrough.build/Debug-iphonesimulator/LeafClinicWalkthrough.build/Objects-normal/arm64/LeafClinicWalkthrough_const_extract_protocols.json -Xcc -iquote -Xcc /Users/wangrenzhu/work/LeafClinicWalkthrough/.build/xcode-derived/Build/Intermediates.noindex/LeafClinicWalkthrough.build/Debug-iphonesimulator/LeafClinicWalkthrough.build/LeafClinicWalkthrough-generated-files.hmap -Xcc -I/Users/wangrenzhu/work/LeafClinicWalkthrough/.build/xcode-derived/Build/Intermediates.noindex/LeafClinicWalkthrough.build/Debug-iphonesimulator/LeafClinicWalkthrough.build/LeafClinicWalkthrough-own-target-headers.hmap -Xcc -I/Users/wangrenzhu/work/LeafClinicWalkthrough/.build/xcode-derived/Build/Intermediates.noindex/LeafClinicWalkthrough.build/Debug-iphonesimulator/LeafClinicWalkthrough.build/LeafClinicWalkthrough-all-target-headers.hmap -Xcc -iquote -Xcc /Users/wangrenzhu/work/LeafClinicWalkthrough/.build/xcode-derived/Build/Intermediates.noindex/LeafClinicWalkthrough.build/Debug-iphonesimulator/LeafClinicWalkthrough.build/LeafClinicWalkthrough-project-headers.hmap -Xcc -I/Users/wangrenzhu/work/LeafClinicWalkthrough/.build/xcode-derived/Build/Products/Debug-iphonesimulator/include -Xcc -I/Users/wangrenzhu/work/LeafClinicWalkthrough/.build/xcode-derived/Build/Intermediates.noindex/LeafClinicWalkthrough.build/Debug-iphonesimulator/LeafClinicWalkthrough.build/DerivedSources-normal/arm64 -Xcc -I/Users/wangrenzhu/work/LeafClinicWalkthrough/.build/xcode-derived/Build/Intermediates.noindex/LeafClinicWalkthrough.build/Debug-iphonesimulator/LeafClinicWalkthrough.build/DerivedSources/arm64 -Xcc -I/Users/wangrenzhu/work/LeafClinicWalkthrough/.build/xcode-derived/Build/Intermediates.noindex/LeafClinicWalkthrough.build/Debug-iphonesimulator/LeafClinicWalkthrough.build/DerivedSources -Xcc -DDEBUG\=1 -emit-objc-header -emit-objc-header-path /Users/wangrenzhu/work/LeafClinicWalkthrough/.build/xcode-derived/Build/Intermediates.noindex/LeafClinicWalkthrough.build/Debug-iphonesimulator/LeafClinicWalkthrough.build/Objects-normal/arm64/LeafClinicWalkthrough-Swift.h -working-directory /Users/wangrenzhu/work/LeafClinicWalkthrough -experimental-emit-module-separately -disable-cmo

Ld /Users/wangrenzhu/work/LeafClinicWalkthrough/.build/xcode-derived/Build/Products/Debug-iphonesimulator/LeafClinicWalkthrough.app/LeafClinicWalkthrough.debug.dylib normal (in target 'LeafClinicWalkthrough' from project 'LeafClinicWalkthrough')
    cd /Users/wangrenzhu/work/LeafClinicWalkthrough
    /Applications/Xcode.app/Contents/Developer/Toolchains/XcodeDefault.xctoolchain/usr/bin/clang -Xlinker -reproducible -target arm64-apple-ios17.0-simulator -dynamiclib -isysroot /Applications/Xcode.app/Contents/Developer/Platforms/iPhoneSimulator.platform/Developer/SDKs/iPhoneSimulator26.5.sdk -O0 -L/Users/wangrenzhu/work/LeafClinicWalkthrough/.build/xcode-derived/Build/Intermediates.noindex/EagerLinkingTBDs/Debug-iphonesimulator -L/Users/wangrenzhu/work/LeafClinicWalkthrough/.build/xcode-derived/Build/Products/Debug-iphonesimulator -F/Users/wangrenzhu/work/LeafClinicWalkthrough/.build/xcode-derived/Build/Intermediates.noindex/EagerLinkingTBDs/Debug-iphonesimulator -F/Users/wangrenzhu/work/LeafClinicWalkthrough/.build/xcode-derived/Build/Products/Debug-iphonesimulator -filelist /Users/wangrenzhu/work/LeafClinicWalkthrough/.build/xcode-derived/Build/Intermediates.noindex/LeafClinicWalkthrough.build/Debug-iphonesimulator/LeafClinicWalkthrough.build/Objects-normal/arm64/LeafClinicWalkthrough.LinkFileList -install_name @rpath/LeafClinicWalkthrough.debug.dylib -Xlinker -rpath -Xlinker /usr/lib/swift -Xlinker -dead_strip -Xlinker -object_path_lto -Xlinker /Users/wangrenzhu/work/LeafClinicWalkthrough/.build/xcode-derived/Build/Intermediates.noindex/LeafClinicWalkthrough.build/Debug-iphonesimulator/LeafClinicWalkthrough.build/Objects-normal/arm64/LeafClinicWalkthrough_lto.o -rdynamic -Xlinker -no_deduplicate -Xlinker -objc_abi_version -Xlinker 2 -Xlinker -dependency_info -Xlinker /Users/wangrenzhu/work/LeafClinicWalkthrough/.build/xcode-derived/Build/Intermediates.noindex/LeafClinicWalkthrough.build/Debug-iphonesimulator/LeafClinicWalkthrough.build/Objects-normal/arm64/LeafClinicWalkthrough_dependency_info.dat -fobjc-link-runtime -L/Applications/Xcode.app/Contents/Developer/Toolchains/XcodeDefault.xctoolchain/usr/lib/swift/iphonesimulator -L/usr/lib/swift -Xlinker -add_ast_path -Xlinker /Users/wangrenzhu/work/LeafClinicWalkthrough/.build/xcode-derived/Build/Intermediates.noindex/LeafClinicWalkthrough.build/Debug-iphonesimulator/LeafClinicWalkthrough.build/Objects-normal/arm64/LeafClinicWalkthrough.swiftmodule @/Users/wangrenzhu/work/LeafClinicWalkthrough/.build/xcode-derived/Build/Intermediates.noindex/LeafClinicWalkthrough.build/Debug-iphonesimulator/LeafClinicWalkthrough.build/Objects-normal/arm64/LeafClinicWalkthrough-linker-args.resp -Xlinker -alias -Xlinker _main -Xlinker ___debug_main_executable_dylib_entry_point -o /Users/wangrenzhu/work/LeafClinicWalkthrough/.build/xcode-derived/Build/Products/Debug-iphonesimulator/LeafClinicWalkthrough.app/LeafClinicWalkthrough.debug.dylib

ConstructStubExecutorLinkFileList /Users/wangrenzhu/work/LeafClinicWalkthrough/.build/xcode-derived/Build/Intermediates.noindex/LeafClinicWalkthrough.build/Debug-iphonesimulator/LeafClinicWalkthrough.build/LeafClinicWalkthrough-ExecutorLinkFileList-normal-arm64.txt (in target 'LeafClinicWalkthrough' from project 'LeafClinicWalkthrough')
    cd /Users/wangrenzhu/work/LeafClinicWalkthrough
    construct-stub-executor-link-file-list /Users/wangrenzhu/work/LeafClinicWalkthrough/.build/xcode-derived/Build/Products/Debug-iphonesimulator/LeafClinicWalkthrough.app/LeafClinicWalkthrough.debug.dylib /Applications/Xcode.app/Contents/Developer/Platforms/iPhoneSimulator.platform/Developer/usr/lib/libPreviewsJITStubExecutor_no_swift_entry_point.a /Applications/Xcode.app/Contents/Developer/Platforms/iPhoneSimulator.platform/Developer/usr/lib/libPreviewsJITStubExecutor.a --output /Users/wangrenzhu/work/LeafClinicWalkthrough/.build/xcode-derived/Build/Intermediates.noindex/LeafClinicWalkthrough.build/Debug-iphonesimulator/LeafClinicWalkthrough.build/LeafClinicWalkthrough-ExecutorLinkFileList-normal-arm64.txt
note: Using stub executor library with Swift entry point. (in target 'LeafClinicWalkthrough' from project 'LeafClinicWalkthrough')

Ld /Users/wangrenzhu/work/LeafClinicWalkthrough/.build/xcode-derived/Build/Products/Debug-iphonesimulator/LeafClinicWalkthrough.app/LeafClinicWalkthrough normal (in target 'LeafClinicWalkthrough' from project 'LeafClinicWalkthrough')
    cd /Users/wangrenzhu/work/LeafClinicWalkthrough
    /Applications/Xcode.app/Contents/Developer/Toolchains/XcodeDefault.xctoolchain/usr/bin/clang -Xlinker -reproducible -target arm64-apple-ios17.0-simulator -isysroot /Applications/Xcode.app/Contents/Developer/Platforms/iPhoneSimulator.platform/Developer/SDKs/iPhoneSimulator26.5.sdk -O0 -L/Users/wangrenzhu/work/LeafClinicWalkthrough/.build/xcode-derived/Build/Products/Debug-iphonesimulator -F/Users/wangrenzhu/work/LeafClinicWalkthrough/.build/xcode-derived/Build/Products/Debug-iphonesimulator -Xlinker -rpath -Xlinker @executable_path -rdynamic -Xlinker -no_deduplicate -Xlinker -objc_abi_version -Xlinker 2 -e ___debug_blank_executor_main -Xlinker -sectcreate -Xlinker __TEXT -Xlinker __debug_dylib -Xlinker /Users/wangrenzhu/work/LeafClinicWalkthrough/.build/xcode-derived/Build/Intermediates.noindex/LeafClinicWalkthrough.build/Debug-iphonesimulator/LeafClinicWalkthrough.build/LeafClinicWalkthrough-DebugDylibPath-normal-arm64.txt -Xlinker -sectcreate -Xlinker __TEXT -Xlinker __debug_instlnm -Xlinker /Users/wangrenzhu/work/LeafClinicWalkthrough/.build/xcode-derived/Build/Intermediates.noindex/LeafClinicWalkthrough.build/Debug-iphonesimulator/LeafClinicWalkthrough.build/LeafClinicWalkthrough-DebugDylibInstallName-normal-arm64.txt -Xlinker -filelist -Xlinker /Users/wangrenzhu/work/LeafClinicWalkthrough/.build/xcode-derived/Build/Intermediates.noindex/LeafClinicWalkthrough.build/Debug-iphonesimulator/LeafClinicWalkthrough.build/LeafClinicWalkthrough-ExecutorLinkFileList-normal-arm64.txt /Users/wangrenzhu/work/LeafClinicWalkthrough/.build/xcode-derived/Build/Products/Debug-iphonesimulator/LeafClinicWalkthrough.app/LeafClinicWalkthrough.debug.dylib -o /Users/wangrenzhu/work/LeafClinicWalkthrough/.build/xcode-derived/Build/Products/Debug-iphonesimulator/LeafClinicWalkthrough.app/LeafClinicWalkthrough

CopySwiftLibs /Users/wangrenzhu/work/LeafClinicWalkthrough/.build/xcode-derived/Build/Products/Debug-iphonesimulator/LeafClinicWalkthrough.app (in target 'LeafClinicWalkthrough' from project 'LeafClinicWalkthrough')
    cd /Users/wangrenzhu/work/LeafClinicWalkthrough
    builtin-swiftStdLibTool --copy --verbose --scan-executable /Users/wangrenzhu/work/LeafClinicWalkthrough/.build/xcode-derived/Build/Products/Debug-iphonesimulator/LeafClinicWalkthrough.app/LeafClinicWalkthrough.debug.dylib --scan-folder /Users/wangrenzhu/work/LeafClinicWalkthrough/.build/xcode-derived/Build/Products/Debug-iphonesimulator/LeafClinicWalkthrough.app/Frameworks --scan-folder /Users/wangrenzhu/work/LeafClinicWalkthrough/.build/xcode-derived/Build/Products/Debug-iphonesimulator/LeafClinicWalkthrough.app/PlugIns --scan-folder /Users/wangrenzhu/work/LeafClinicWalkthrough/.build/xcode-derived/Build/Products/Debug-iphonesimulator/LeafClinicWalkthrough.app/SystemExtensions --scan-folder /Users/wangrenzhu/work/LeafClinicWalkthrough/.build/xcode-derived/Build/Products/Debug-iphonesimulator/LeafClinicWalkthrough.app/Extensions --platform iphonesimulator --toolchain /Applications/Xcode.app/Contents/Developer/Toolchains/XcodeDefault.xctoolchain --destination /Users/wangrenzhu/work/LeafClinicWalkthrough/.build/xcode-derived/Build/Products/Debug-iphonesimulator/LeafClinicWalkthrough.app/Frameworks --strip-bitcode --strip-bitcode-tool /Applications/Xcode.app/Contents/Developer/Toolchains/XcodeDefault.xctoolchain/usr/bin/bitcode_strip --emit-dependency-info /Users/wangrenzhu/work/LeafClinicWalkthrough/.build/xcode-derived/Build/Intermediates.noindex/LeafClinicWalkthrough.build/Debug-iphonesimulator/LeafClinicWalkthrough.build/SwiftStdLibToolInputDependencies.dep --filter-for-swift-os
Ignoring --strip-bitcode because --sign was not passed

ExtractAppIntentsMetadata (in target 'LeafClinicWalkthrough' from project 'LeafClinicWalkthrough')
    cd /Users/wangrenzhu/work/LeafClinicWalkthrough
    /Applications/Xcode.app/Contents/Developer/Toolchains/XcodeDefault.xctoolchain/usr/bin/appintentsmetadataprocessor --toolchain-dir /Applications/Xcode.app/Contents/Developer/Toolchains/XcodeDefault.xctoolchain --module-name LeafClinicWalkthrough --sdk-root /Applications/Xcode.app/Contents/Developer/Platforms/iPhoneSimulator.platform/Developer/SDKs/iPhoneSimulator26.5.sdk --xcode-version 17F113 --platform-family iOS --deployment-target 17.0 --bundle-identifier com.appfactory.leafclinicwalkthrough --output /Users/wangrenzhu/work/LeafClinicWalkthrough/.build/xcode-derived/Build/Products/Debug-iphonesimulator/LeafClinicWalkthrough.app --target-triple arm64-apple-ios17.0-simulator --binary-file /Users/wangrenzhu/work/LeafClinicWalkthrough/.build/xcode-derived/Build/Products/Debug-iphonesimulator/LeafClinicWalkthrough.app/LeafClinicWalkthrough --dependency-file /Users/wangrenzhu/work/LeafClinicWalkthrough/.build/xcode-derived/Build/Intermediates.noindex/LeafClinicWalkthrough.build/Debug-iphonesimulator/LeafClinicWalkthrough.build/Objects-normal/arm64/LeafClinicWalkthrough_dependency_info.dat --stringsdata-file /Users/wangrenzhu/work/LeafClinicWalkthrough/.build/xcode-derived/Build/Intermediates.noindex/LeafClinicWalkthrough.build/Debug-iphonesimulator/LeafClinicWalkthrough.build/Objects-normal/arm64/ExtractedAppShortcutsMetadata.stringsdata --source-file-list /Users/wangrenzhu/work/LeafClinicWalkthrough/.build/xcode-derived/Build/Intermediates.noindex/LeafClinicWalkthrough.build/Debug-iphonesimulator/LeafClinicWalkthrough.build/Objects-normal/arm64/LeafClinicWalkthrough.SwiftFileList --metadata-file-list /Users/wangrenzhu/work/LeafClinicWalkthrough/.build/xcode-derived/Build/Intermediates.noindex/LeafClinicWalkthrough.build/Debug-iphonesimulator/LeafClinicWalkthrough.build/LeafClinicWalkthrough.DependencyMetadataFileList --static-metadata-file-list /Users/wangrenzhu/work/LeafClinicWalkthrough/.build/xcode-derived/Build/Intermediates.noindex/LeafClinicWalkthrough.build/Debug-iphonesimulator/LeafClinicWalkthrough.build/LeafClinicWalkthrough.DependencyStaticMetadataFileList --swift-const-vals-list /Users/wangrenzhu/work/LeafClinicWalkthrough/.build/xcode-derived/Build/Intermediates.noindex/LeafClinicWalkthrough.build/Debug-iphonesimulator/LeafClinicWalkthrough.build/Objects-normal/arm64/LeafClinicWalkthrough.SwiftConstValuesFileList --compile-time-extraction --deployment-aware-processing --validate-assistant-intents --no-app-shortcuts-localization
2026-07-08 22:38:07.641 appintentsmetadataprocessor[94239:268465365] Starting appintentsmetadataprocessor export
2026-07-08 22:38:07.644 appintentsmetadataprocessor[94239:268465365] warning: Metadata extraction skipped. No AppIntents.framework dependency found.

AppIntentsSSUTraining (in target 'LeafClinicWalkthrough' from project 'LeafClinicWalkthrough')
    cd /Users/wangrenzhu/work/LeafClinicWalkthrough
    /Applications/Xcode.app/Contents/Developer/Toolchains/XcodeDefault.xctoolchain/usr/bin/appintentsnltrainingprocessor --infoplist-path /Users/wangrenzhu/work/LeafClinicWalkthrough/.build/xcode-derived/Build/Products/Debug-iphonesimulator/LeafClinicWalkthrough.app/Info.plist --temp-dir-path /Users/wangrenzhu/work/LeafClinicWalkthrough/.build/xcode-derived/Build/Intermediates.noindex/LeafClinicWalkthrough.build/Debug-iphonesimulator/LeafClinicWalkthrough.build/ssu --bundle-id com.appfactory.leafclinicwalkthrough --product-path /Users/wangrenzhu/work/LeafClinicWalkthrough/.build/xcode-derived/Build/Products/Debug-iphonesimulator/LeafClinicWalkthrough.app --extracted-metadata-path /Users/wangrenzhu/work/LeafClinicWalkthrough/.build/xcode-derived/Build/Products/Debug-iphonesimulator/LeafClinicWalkthrough.app/Metadata.appintents --metadata-file-list /Users/wangrenzhu/work/LeafClinicWalkthrough/.build/xcode-derived/Build/Intermediates.noindex/LeafClinicWalkthrough.build/Debug-iphonesimulator/LeafClinicWalkthrough.build/LeafClinicWalkthrough.DependencyMetadataFileList --source-file /Users/wangrenzhu/work/LeafClinicWalkthrough/.build/xcode-derived/Build/Products/Debug-iphonesimulator/LeafClinicWalkthrough.app/Info.plist --archive-ssu-assets
2026-07-08 22:38:07.666 appintentsnltrainingprocessor[94270:268465407] Parsing options for appintentsnltrainingprocessor
2026-07-08 22:38:07.667 appintentsnltrainingprocessor[94270:268465407] Starting AppIntents SSU YAML Generation
2026-07-08 22:38:07.669 appintentsnltrainingprocessor[94270:268465407] No AppShortcuts found - Skipping.

RegisterExecutionPolicyException /Users/wangrenzhu/work/LeafClinicWalkthrough/.build/xcode-derived/Build/Products/Debug-iphonesimulator/LeafClinicWalkthrough.app (in target 'LeafClinicWalkthrough' from project 'LeafClinicWalkthrough')
    cd /Users/wangrenzhu/work/LeafClinicWalkthrough
    builtin-RegisterExecutionPolicyException /Users/wangrenzhu/work/LeafClinicWalkthrough/.build/xcode-derived/Build/Products/Debug-iphonesimulator/LeafClinicWalkthrough.app

Validate /Users/wangrenzhu/work/LeafClinicWalkthrough/.build/xcode-derived/Build/Products/Debug-iphonesimulator/LeafClinicWalkthrough.app (in target 'LeafClinicWalkthrough' from project 'LeafClinicWalkthrough')
    cd /Users/wangrenzhu/work/LeafClinicWalkthrough
    builtin-validationUtility /Users/wangrenzhu/work/LeafClinicWalkthrough/.build/xcode-derived/Build/Products/Debug-iphonesimulator/LeafClinicWalkthrough.app -shallow-bundle -infoplist-subpath Info.plist

Touch /Users/wangrenzhu/work/LeafClinicWalkthrough/.build/xcode-derived/Build/Products/Debug-iphonesimulator/LeafClinicWalkthrough.app (in target 'LeafClinicWalkthrough' from project 'LeafClinicWalkthrough')
    cd /Users/wangrenzhu/work/LeafClinicWalkthrough
    /usr/bin/touch -c /Users/wangrenzhu/work/LeafClinicWalkthrough/.build/xcode-derived/Build/Products/Debug-iphonesimulator/LeafClinicWalkthrough.app

** BUILD SUCCEEDED **

