Command line invocation:
    /Applications/Xcode.app/Contents/Developer/usr/bin/xcodebuild -project LeafClinicWalkthrough.xcodeproj -scheme LeafClinicWalkthrough -destination "platform=iOS Simulator,name=iPhone 17,OS=26.5" -derivedDataPath .build/xcode-derived-leaf-20260708224721 clean build

2026-07-08 22:47:25.504 xcodebuild[79321:268732138] [MT] IDERunDestination: Supported platforms for the buildables in the current scheme is empty.
CreateBuildRequest

SendProjectDescription

CreateBuildOperation

** CLEAN SUCCEEDED **

ComputePackagePrebuildTargetDependencyGraph

Prepare packages

CreateBuildRequest

SendProjectDescription

CreateBuildOperation

ComputeTargetDependencyGraph
note: Building targets in dependency order
note: Target dependency graph (1 target)
    Target 'LeafClinicWalkthrough' in project 'LeafClinicWalkthrough' (no dependencies)

GatherProvisioningInputs

CreateBuildDescription

ExecuteExternalTool /Applications/Xcode.app/Contents/Developer/Toolchains/XcodeDefault.xctoolchain/usr/bin/swiftc --version

ExecuteExternalTool /Applications/Xcode.app/Contents/Developer/Toolchains/XcodeDefault.xctoolchain/usr/bin/clang -v -E -dM -isysroot /Applications/Xcode.app/Contents/Developer/Platforms/iPhoneSimulator.platform/Developer/SDKs/iPhoneSimulator26.5.sdk -x c -c /dev/null

ExecuteExternalTool /Applications/Xcode.app/Contents/Developer/Toolchains/XcodeDefault.xctoolchain/usr/bin/ld -version_details

Build description signature: aecebcc8932d2fd03d3acfffa690f011
Build description path: /Users/wangrenzhu/work/LeafClinicWalkthrough/.build/xcode-derived-leaf-20260708224721/Build/Intermediates.noindex/XCBuildData/aecebcc8932d2fd03d3acfffa690f011.xcbuilddata
CreateBuildDirectory /Users/wangrenzhu/work/LeafClinicWalkthrough/.build/xcode-derived-leaf-20260708224721/Build/Products
    cd /Users/wangrenzhu/work/LeafClinicWalkthrough/LeafClinicWalkthrough.xcodeproj
    builtin-create-build-directory /Users/wangrenzhu/work/LeafClinicWalkthrough/.build/xcode-derived-leaf-20260708224721/Build/Products

CreateBuildDirectory /Users/wangrenzhu/work/LeafClinicWalkthrough/.build/xcode-derived-leaf-20260708224721/Build/Intermediates.noindex
    cd /Users/wangrenzhu/work/LeafClinicWalkthrough/LeafClinicWalkthrough.xcodeproj
    builtin-create-build-directory /Users/wangrenzhu/work/LeafClinicWalkthrough/.build/xcode-derived-leaf-20260708224721/Build/Intermediates.noindex

ClangStatCache /Applications/Xcode.app/Contents/Developer/Toolchains/XcodeDefault.xctoolchain/usr/bin/clang-stat-cache /Applications/Xcode.app/Contents/Developer/Platforms/iPhoneSimulator.platform/Developer/SDKs/iPhoneSimulator26.5.sdk /Users/wangrenzhu/work/LeafClinicWalkthrough/.build/xcode-derived-leaf-20260708224721/SDKStatCaches.noindex/iphonesimulator26.5-23F81a-6cfe768891a92b912361537c460fe42b.sdkstatcache
    cd /Users/wangrenzhu/work/LeafClinicWalkthrough/LeafClinicWalkthrough.xcodeproj
    /Applications/Xcode.app/Contents/Developer/Toolchains/XcodeDefault.xctoolchain/usr/bin/clang-stat-cache /Applications/Xcode.app/Contents/Developer/Platforms/iPhoneSimulator.platform/Developer/SDKs/iPhoneSimulator26.5.sdk -o /Users/wangrenzhu/work/LeafClinicWalkthrough/.build/xcode-derived-leaf-20260708224721/SDKStatCaches.noindex/iphonesimulator26.5-23F81a-6cfe768891a92b912361537c460fe42b.sdkstatcache

WriteAuxiliaryFile /Users/wangrenzhu/work/LeafClinicWalkthrough/.build/xcode-derived-leaf-20260708224721/Build/Intermediates.noindex/LeafClinicWalkthrough.build/Debug-iphonesimulator/LeafClinicWalkthrough-57528cb62110a325383ccc235ce0d5ca-VFS-iphonesimulator/all-product-headers.yaml
    cd /Users/wangrenzhu/work/LeafClinicWalkthrough/LeafClinicWalkthrough.xcodeproj
    write-file /Users/wangrenzhu/work/LeafClinicWalkthrough/.build/xcode-derived-leaf-20260708224721/Build/Intermediates.noindex/LeafClinicWalkthrough.build/Debug-iphonesimulator/LeafClinicWalkthrough-57528cb62110a325383ccc235ce0d5ca-VFS-iphonesimulator/all-product-headers.yaml

CreateBuildDirectory /Users/wangrenzhu/work/LeafClinicWalkthrough/.build/xcode-derived-leaf-20260708224721/Build/Intermediates.noindex/EagerLinkingTBDs/Debug-iphonesimulator
    cd /Users/wangrenzhu/work/LeafClinicWalkthrough/LeafClinicWalkthrough.xcodeproj
    builtin-create-build-directory /Users/wangrenzhu/work/LeafClinicWalkthrough/.build/xcode-derived-leaf-20260708224721/Build/Intermediates.noindex/EagerLinkingTBDs/Debug-iphonesimulator

CreateBuildDirectory /Users/wangrenzhu/work/LeafClinicWalkthrough/.build/xcode-derived-leaf-20260708224721/Build/Intermediates.noindex/ExplicitPrecompiledModules
    cd /Users/wangrenzhu/work/LeafClinicWalkthrough/LeafClinicWalkthrough.xcodeproj
    builtin-create-build-directory /Users/wangrenzhu/work/LeafClinicWalkthrough/.build/xcode-derived-leaf-20260708224721/Build/Intermediates.noindex/ExplicitPrecompiledModules

CreateBuildDirectory /Users/wangrenzhu/work/LeafClinicWalkthrough/.build/xcode-derived-leaf-20260708224721/Build/Intermediates.noindex/SwiftExplicitPrecompiledModules
    cd /Users/wangrenzhu/work/LeafClinicWalkthrough/LeafClinicWalkthrough.xcodeproj
    builtin-create-build-directory /Users/wangrenzhu/work/LeafClinicWalkthrough/.build/xcode-derived-leaf-20260708224721/Build/Intermediates.noindex/SwiftExplicitPrecompiledModules

CreateBuildDirectory /Users/wangrenzhu/work/LeafClinicWalkthrough/.build/xcode-derived-leaf-20260708224721/Build/Products/Debug-iphonesimulator
    cd /Users/wangrenzhu/work/LeafClinicWalkthrough/LeafClinicWalkthrough.xcodeproj
    builtin-create-build-directory /Users/wangrenzhu/work/LeafClinicWalkthrough/.build/xcode-derived-leaf-20260708224721/Build/Products/Debug-iphonesimulator

WriteAuxiliaryFile /Users/wangrenzhu/work/LeafClinicWalkthrough/.build/xcode-derived-leaf-20260708224721/Build/Intermediates.noindex/LeafClinicWalkthrough.build/Debug-iphonesimulator/LeafClinicWalkthrough.build/empty-LeafClinicWalkthrough.plist (in target 'LeafClinicWalkthrough' from project 'LeafClinicWalkthrough')
    cd /Users/wangrenzhu/work/LeafClinicWalkthrough
    write-file /Users/wangrenzhu/work/LeafClinicWalkthrough/.build/xcode-derived-leaf-20260708224721/Build/Intermediates.noindex/LeafClinicWalkthrough.build/Debug-iphonesimulator/LeafClinicWalkthrough.build/empty-LeafClinicWalkthrough.plist

WriteAuxiliaryFile /Users/wangrenzhu/work/LeafClinicWalkthrough/.build/xcode-derived-leaf-20260708224721/Build/Intermediates.noindex/LeafClinicWalkthrough.build/Debug-iphonesimulator/LeafClinicWalkthrough.build/Objects-normal/arm64/LeafClinicWalkthrough_const_extract_protocols.json (in target 'LeafClinicWalkthrough' from project 'LeafClinicWalkthrough')
    cd /Users/wangrenzhu/work/LeafClinicWalkthrough
    write-file /Users/wangrenzhu/work/LeafClinicWalkthrough/.build/xcode-derived-leaf-20260708224721/Build/Intermediates.noindex/LeafClinicWalkthrough.build/Debug-iphonesimulator/LeafClinicWalkthrough.build/Objects-normal/arm64/LeafClinicWalkthrough_const_extract_protocols.json

WriteAuxiliaryFile /Users/wangrenzhu/work/LeafClinicWalkthrough/.build/xcode-derived-leaf-20260708224721/Build/Intermediates.noindex/LeafClinicWalkthrough.build/Debug-iphonesimulator/LeafClinicWalkthrough.build/Objects-normal/arm64/LeafClinicWalkthrough.SwiftFileList (in target 'LeafClinicWalkthrough' from project 'LeafClinicWalkthrough')
    cd /Users/wangrenzhu/work/LeafClinicWalkthrough
    write-file /Users/wangrenzhu/work/LeafClinicWalkthrough/.build/xcode-derived-leaf-20260708224721/Build/Intermediates.noindex/LeafClinicWalkthrough.build/Debug-iphonesimulator/LeafClinicWalkthrough.build/Objects-normal/arm64/LeafClinicWalkthrough.SwiftFileList

WriteAuxiliaryFile /Users/wangrenzhu/work/LeafClinicWalkthrough/.build/xcode-derived-leaf-20260708224721/Build/Intermediates.noindex/LeafClinicWalkthrough.build/Debug-iphonesimulator/LeafClinicWalkthrough.build/Objects-normal/arm64/LeafClinicWalkthrough.SwiftConstValuesFileList (in target 'LeafClinicWalkthrough' from project 'LeafClinicWalkthrough')
    cd /Users/wangrenzhu/work/LeafClinicWalkthrough
    write-file /Users/wangrenzhu/work/LeafClinicWalkthrough/.build/xcode-derived-leaf-20260708224721/Build/Intermediates.noindex/LeafClinicWalkthrough.build/Debug-iphonesimulator/LeafClinicWalkthrough.build/Objects-normal/arm64/LeafClinicWalkthrough.SwiftConstValuesFileList

WriteAuxiliaryFile /Users/wangrenzhu/work/LeafClinicWalkthrough/.build/xcode-derived-leaf-20260708224721/Build/Intermediates.noindex/LeafClinicWalkthrough.build/Debug-iphonesimulator/LeafClinicWalkthrough.build/Objects-normal/arm64/LeafClinicWalkthrough.LinkFileList (in target 'LeafClinicWalkthrough' from project 'LeafClinicWalkthrough')
    cd /Users/wangrenzhu/work/LeafClinicWalkthrough
    write-file /Users/wangrenzhu/work/LeafClinicWalkthrough/.build/xcode-derived-leaf-20260708224721/Build/Intermediates.noindex/LeafClinicWalkthrough.build/Debug-iphonesimulator/LeafClinicWalkthrough.build/Objects-normal/arm64/LeafClinicWalkthrough.LinkFileList

WriteAuxiliaryFile /Users/wangrenzhu/work/LeafClinicWalkthrough/.build/xcode-derived-leaf-20260708224721/Build/Intermediates.noindex/LeafClinicWalkthrough.build/Debug-iphonesimulator/LeafClinicWalkthrough.build/Objects-normal/arm64/LeafClinicWalkthrough-OutputFileMap.json (in target 'LeafClinicWalkthrough' from project 'LeafClinicWalkthrough')
    cd /Users/wangrenzhu/work/LeafClinicWalkthrough
    write-file /Users/wangrenzhu/work/LeafClinicWalkthrough/.build/xcode-derived-leaf-20260708224721/Build/Intermediates.noindex/LeafClinicWalkthrough.build/Debug-iphonesimulator/LeafClinicWalkthrough.build/Objects-normal/arm64/LeafClinicWalkthrough-OutputFileMap.json

WriteAuxiliaryFile /Users/wangrenzhu/work/LeafClinicWalkthrough/.build/xcode-derived-leaf-20260708224721/Build/Intermediates.noindex/LeafClinicWalkthrough.build/Debug-iphonesimulator/LeafClinicWalkthrough.build/LeafClinicWalkthrough.hmap (in target 'LeafClinicWalkthrough' from project 'LeafClinicWalkthrough')
    cd /Users/wangrenzhu/work/LeafClinicWalkthrough
    write-file /Users/wangrenzhu/work/LeafClinicWalkthrough/.build/xcode-derived-leaf-20260708224721/Build/Intermediates.noindex/LeafClinicWalkthrough.build/Debug-iphonesimulator/LeafClinicWalkthrough.build/LeafClinicWalkthrough.hmap

WriteAuxiliaryFile /Users/wangrenzhu/work/LeafClinicWalkthrough/.build/xcode-derived-leaf-20260708224721/Build/Intermediates.noindex/LeafClinicWalkthrough.build/Debug-iphonesimulator/LeafClinicWalkthrough.build/LeafClinicWalkthrough.DependencyStaticMetadataFileList (in target 'LeafClinicWalkthrough' from project 'LeafClinicWalkthrough')
    cd /Users/wangrenzhu/work/LeafClinicWalkthrough
    write-file /Users/wangrenzhu/work/LeafClinicWalkthrough/.build/xcode-derived-leaf-20260708224721/Build/Intermediates.noindex/LeafClinicWalkthrough.build/Debug-iphonesimulator/LeafClinicWalkthrough.build/LeafClinicWalkthrough.DependencyStaticMetadataFileList

WriteAuxiliaryFile /Users/wangrenzhu/work/LeafClinicWalkthrough/.build/xcode-derived-leaf-20260708224721/Build/Intermediates.noindex/LeafClinicWalkthrough.build/Debug-iphonesimulator/LeafClinicWalkthrough.build/LeafClinicWalkthrough.DependencyMetadataFileList (in target 'LeafClinicWalkthrough' from project 'LeafClinicWalkthrough')
    cd /Users/wangrenzhu/work/LeafClinicWalkthrough
    write-file /Users/wangrenzhu/work/LeafClinicWalkthrough/.build/xcode-derived-leaf-20260708224721/Build/Intermediates.noindex/LeafClinicWalkthrough.build/Debug-iphonesimulator/LeafClinicWalkthrough.build/LeafClinicWalkthrough.DependencyMetadataFileList

WriteAuxiliaryFile /Users/wangrenzhu/work/LeafClinicWalkthrough/.build/xcode-derived-leaf-20260708224721/Build/Intermediates.noindex/LeafClinicWalkthrough.build/Debug-iphonesimulator/LeafClinicWalkthrough.build/LeafClinicWalkthrough-project-headers.hmap (in target 'LeafClinicWalkthrough' from project 'LeafClinicWalkthrough')
    cd /Users/wangrenzhu/work/LeafClinicWalkthrough
    write-file /Users/wangrenzhu/work/LeafClinicWalkthrough/.build/xcode-derived-leaf-20260708224721/Build/Intermediates.noindex/LeafClinicWalkthrough.build/Debug-iphonesimulator/LeafClinicWalkthrough.build/LeafClinicWalkthrough-project-headers.hmap

WriteAuxiliaryFile /Users/wangrenzhu/work/LeafClinicWalkthrough/.build/xcode-derived-leaf-20260708224721/Build/Intermediates.noindex/LeafClinicWalkthrough.build/Debug-iphonesimulator/LeafClinicWalkthrough.build/LeafClinicWalkthrough-own-target-headers.hmap (in target 'LeafClinicWalkthrough' from project 'LeafClinicWalkthrough')
    cd /Users/wangrenzhu/work/LeafClinicWalkthrough
    write-file /Users/wangrenzhu/work/LeafClinicWalkthrough/.build/xcode-derived-leaf-20260708224721/Build/Intermediates.noindex/LeafClinicWalkthrough.build/Debug-iphonesimulator/LeafClinicWalkthrough.build/LeafClinicWalkthrough-own-target-headers.hmap

WriteAuxiliaryFile /Users/wangrenzhu/work/LeafClinicWalkthrough/.build/xcode-derived-leaf-20260708224721/Build/Intermediates.noindex/LeafClinicWalkthrough.build/Debug-iphonesimulator/LeafClinicWalkthrough.build/LeafClinicWalkthrough-generated-files.hmap (in target 'LeafClinicWalkthrough' from project 'LeafClinicWalkthrough')
    cd /Users/wangrenzhu/work/LeafClinicWalkthrough
    write-file /Users/wangrenzhu/work/LeafClinicWalkthrough/.build/xcode-derived-leaf-20260708224721/Build/Intermediates.noindex/LeafClinicWalkthrough.build/Debug-iphonesimulator/LeafClinicWalkthrough.build/LeafClinicWalkthrough-generated-files.hmap

WriteAuxiliaryFile /Users/wangrenzhu/work/LeafClinicWalkthrough/.build/xcode-derived-leaf-20260708224721/Build/Intermediates.noindex/LeafClinicWalkthrough.build/Debug-iphonesimulator/LeafClinicWalkthrough.build/LeafClinicWalkthrough-all-target-headers.hmap (in target 'LeafClinicWalkthrough' from project 'LeafClinicWalkthrough')
    cd /Users/wangrenzhu/work/LeafClinicWalkthrough
    write-file /Users/wangrenzhu/work/LeafClinicWalkthrough/.build/xcode-derived-leaf-20260708224721/Build/Intermediates.noindex/LeafClinicWalkthrough.build/Debug-iphonesimulator/LeafClinicWalkthrough.build/LeafClinicWalkthrough-all-target-headers.hmap

WriteAuxiliaryFile /Users/wangrenzhu/work/LeafClinicWalkthrough/.build/xcode-derived-leaf-20260708224721/Build/Intermediates.noindex/LeafClinicWalkthrough.build/Debug-iphonesimulator/LeafClinicWalkthrough.build/LeafClinicWalkthrough-all-non-framework-target-headers.hmap (in target 'LeafClinicWalkthrough' from project 'LeafClinicWalkthrough')
    cd /Users/wangrenzhu/work/LeafClinicWalkthrough
    write-file /Users/wangrenzhu/work/LeafClinicWalkthrough/.build/xcode-derived-leaf-20260708224721/Build/Intermediates.noindex/LeafClinicWalkthrough.build/Debug-iphonesimulator/LeafClinicWalkthrough.build/LeafClinicWalkthrough-all-non-framework-target-headers.hmap

WriteAuxiliaryFile /Users/wangrenzhu/work/LeafClinicWalkthrough/.build/xcode-derived-leaf-20260708224721/Build/Intermediates.noindex/LeafClinicWalkthrough.build/Debug-iphonesimulator/LeafClinicWalkthrough.build/LeafClinicWalkthrough-DebugDylibPath-normal-arm64.txt (in target 'LeafClinicWalkthrough' from project 'LeafClinicWalkthrough')
    cd /Users/wangrenzhu/work/LeafClinicWalkthrough
    write-file /Users/wangrenzhu/work/LeafClinicWalkthrough/.build/xcode-derived-leaf-20260708224721/Build/Intermediates.noindex/LeafClinicWalkthrough.build/Debug-iphonesimulator/LeafClinicWalkthrough.build/LeafClinicWalkthrough-DebugDylibPath-normal-arm64.txt

WriteAuxiliaryFile /Users/wangrenzhu/work/LeafClinicWalkthrough/.build/xcode-derived-leaf-20260708224721/Build/Intermediates.noindex/LeafClinicWalkthrough.build/Debug-iphonesimulator/LeafClinicWalkthrough.build/LeafClinicWalkthrough-DebugDylibInstallName-normal-arm64.txt (in target 'LeafClinicWalkthrough' from project 'LeafClinicWalkthrough')
    cd /Users/wangrenzhu/work/LeafClinicWalkthrough
    write-file /Users/wangrenzhu/work/LeafClinicWalkthrough/.build/xcode-derived-leaf-20260708224721/Build/Intermediates.noindex/LeafClinicWalkthrough.build/Debug-iphonesimulator/LeafClinicWalkthrough.build/LeafClinicWalkthrough-DebugDylibInstallName-normal-arm64.txt

MkDir /Users/wangrenzhu/work/LeafClinicWalkthrough/.build/xcode-derived-leaf-20260708224721/Build/Products/Debug-iphonesimulator/LeafClinicWalkthrough.app (in target 'LeafClinicWalkthrough' from project 'LeafClinicWalkthrough')
    cd /Users/wangrenzhu/work/LeafClinicWalkthrough
    /bin/mkdir -p /Users/wangrenzhu/work/LeafClinicWalkthrough/.build/xcode-derived-leaf-20260708224721/Build/Products/Debug-iphonesimulator/LeafClinicWalkthrough.app

Ld /Users/wangrenzhu/work/LeafClinicWalkthrough/.build/xcode-derived-leaf-20260708224721/Build/Products/Debug-iphonesimulator/LeafClinicWalkthrough.app/__preview.dylib normal (in target 'LeafClinicWalkthrough' from project 'LeafClinicWalkthrough')
    cd /Users/wangrenzhu/work/LeafClinicWalkthrough
    /Applications/Xcode.app/Contents/Developer/Toolchains/XcodeDefault.xctoolchain/usr/bin/clang -Xlinker -reproducible -target arm64-apple-ios17.0-simulator -dynamiclib -isysroot /Applications/Xcode.app/Contents/Developer/Platforms/iPhoneSimulator.platform/Developer/SDKs/iPhoneSimulator26.5.sdk -O0 -L/Users/wangrenzhu/work/LeafClinicWalkthrough/.build/xcode-derived-leaf-20260708224721/Build/Products/Debug-iphonesimulator -F/Users/wangrenzhu/work/LeafClinicWalkthrough/.build/xcode-derived-leaf-20260708224721/Build/Products/Debug-iphonesimulator -install_name @rpath/LeafClinicWalkthrough.debug.dylib -Xlinker -dead_strip -rdynamic -Xlinker -no_deduplicate -Xlinker -objc_abi_version -Xlinker 2 -Xlinker -dependency_info -Xlinker /Users/wangrenzhu/work/LeafClinicWalkthrough/.build/xcode-derived-leaf-20260708224721/Build/Intermediates.noindex/LeafClinicWalkthrough.build/Debug-iphonesimulator/LeafClinicWalkthrough.build/Objects-normal/arm64/LeafClinicWalkthrough_dependency_info.dat -o /Users/wangrenzhu/work/LeafClinicWalkthrough/.build/xcode-derived-leaf-20260708224721/Build/Products/Debug-iphonesimulator/LeafClinicWalkthrough.app/__preview.dylib

ProcessInfoPlistFile /Users/wangrenzhu/work/LeafClinicWalkthrough/.build/xcode-derived-leaf-20260708224721/Build/Products/Debug-iphonesimulator/LeafClinicWalkthrough.app/Info.plist /Users/wangrenzhu/work/LeafClinicWalkthrough/.build/xcode-derived-leaf-20260708224721/Build/Intermediates.noindex/LeafClinicWalkthrough.build/Debug-iphonesimulator/LeafClinicWalkthrough.build/empty-LeafClinicWalkthrough.plist (in target 'LeafClinicWalkthrough' from project 'LeafClinicWalkthrough')
    cd /Users/wangrenzhu/work/LeafClinicWalkthrough
    builtin-infoPlistUtility /Users/wangrenzhu/work/LeafClinicWalkthrough/.build/xcode-derived-leaf-20260708224721/Build/Intermediates.noindex/LeafClinicWalkthrough.build/Debug-iphonesimulator/LeafClinicWalkthrough.build/empty-LeafClinicWalkthrough.plist -producttype com.apple.product-type.application -genpkginfo /Users/wangrenzhu/work/LeafClinicWalkthrough/.build/xcode-derived-leaf-20260708224721/Build/Products/Debug-iphonesimulator/LeafClinicWalkthrough.app/PkgInfo -expandbuildsettings -format binary -platform iphonesimulator -o /Users/wangrenzhu/work/LeafClinicWalkthrough/.build/xcode-derived-leaf-20260708224721/Build/Products/Debug-iphonesimulator/LeafClinicWalkthrough.app/Info.plist

SwiftDriver LeafClinicWalkthrough normal arm64 com.apple.xcode.tools.swift.compiler (in target 'LeafClinicWalkthrough' from project 'LeafClinicWalkthrough')
    cd /Users/wangrenzhu/work/LeafClinicWalkthrough
    builtin-SwiftDriver -- /Applications/Xcode.app/Contents/Developer/Toolchains/XcodeDefault.xctoolchain/usr/bin/swiftc -module-name LeafClinicWalkthrough -Onone @/Users/wangrenzhu/work/LeafClinicWalkthrough/.build/xcode-derived-leaf-20260708224721/Build/Intermediates.noindex/LeafClinicWalkthrough.build/Debug-iphonesimulator/LeafClinicWalkthrough.build/Objects-normal/arm64/LeafClinicWalkthrough.SwiftFileList -DDEBUG -enable-experimental-feature DebugDescriptionMacro -sdk /Applications/Xcode.app/Contents/Developer/Platforms/iPhoneSimulator.platform/Developer/SDKs/iPhoneSimulator26.5.sdk -target arm64-apple-ios17.0-simulator -g -module-cache-path /Users/wangrenzhu/work/LeafClinicWalkthrough/.build/xcode-derived-leaf-20260708224721/ModuleCache.noindex -Xfrontend -serialize-debugging-options -enable-testing -index-store-path /Users/wangrenzhu/work/LeafClinicWalkthrough/.build/xcode-derived-leaf-20260708224721/Index.noindex/DataStore -Xcc -D_LIBCPP_HARDENING_MODE\=_LIBCPP_HARDENING_MODE_DEBUG -swift-version 6 -I /Users/wangrenzhu/work/LeafClinicWalkthrough/.build/xcode-derived-leaf-20260708224721/Build/Products/Debug-iphonesimulator -F /Users/wangrenzhu/work/LeafClinicWalkthrough/.build/xcode-derived-leaf-20260708224721/Build/Products/Debug-iphonesimulator -emit-localized-strings -emit-localized-strings-path /Users/wangrenzhu/work/LeafClinicWalkthrough/.build/xcode-derived-leaf-20260708224721/Build/Intermediates.noindex/LeafClinicWalkthrough.build/Debug-iphonesimulator/LeafClinicWalkthrough.build/Objects-normal/arm64 -c -j10 -enable-batch-mode -incremental -Xcc -ivfsstatcache -Xcc /Users/wangrenzhu/work/LeafClinicWalkthrough/.build/xcode-derived-leaf-20260708224721/SDKStatCaches.noindex/iphonesimulator26.5-23F81a-6cfe768891a92b912361537c460fe42b.sdkstatcache -output-file-map /Users/wangrenzhu/work/LeafClinicWalkthrough/.build/xcode-derived-leaf-20260708224721/Build/Intermediates.noindex/LeafClinicWalkthrough.build/Debug-iphonesimulator/LeafClinicWalkthrough.build/Objects-normal/arm64/LeafClinicWalkthrough-OutputFileMap.json -use-frontend-parseable-output -save-temps -no-color-diagnostics -explicit-module-build -module-cache-path /Users/wangrenzhu/work/LeafClinicWalkthrough/.build/xcode-derived-leaf-20260708224721/Build/Intermediates.noindex/SwiftExplicitPrecompiledModules -clang-scanner-module-cache-path /Users/wangrenzhu/work/LeafClinicWalkthrough/.build/xcode-derived-leaf-20260708224721/ModuleCache.noindex -sdk-module-cache-path /Users/wangrenzhu/work/LeafClinicWalkthrough/.build/xcode-derived-leaf-20260708224721/ModuleCache.noindex -serialize-diagnostics -emit-dependencies -emit-module -emit-module-path /Users/wangrenzhu/work/LeafClinicWalkthrough/.build/xcode-derived-leaf-20260708224721/Build/Intermediates.noindex/LeafClinicWalkthrough.build/Debug-iphonesimulator/LeafClinicWalkthrough.build/Objects-normal/arm64/LeafClinicWalkthrough.swiftmodule -validate-clang-modules-once -clang-build-session-file /Users/wangrenzhu/work/LeafClinicWalkthrough/.build/xcode-derived-leaf-20260708224721/ModuleCache.noindex/Session.modulevalidation -Xcc -I/Users/wangrenzhu/work/LeafClinicWalkthrough/.build/xcode-derived-leaf-20260708224721/Build/Intermediates.noindex/LeafClinicWalkthrough.build/Debug-iphonesimulator/LeafClinicWalkthrough.build/swift-overrides.hmap -emit-const-values -Xfrontend -const-gather-protocols-file -Xfrontend /Users/wangrenzhu/work/LeafClinicWalkthrough/.build/xcode-derived-leaf-20260708224721/Build/Intermediates.noindex/LeafClinicWalkthrough.build/Debug-iphonesimulator/LeafClinicWalkthrough.build/Objects-normal/arm64/LeafClinicWalkthrough_const_extract_protocols.json -Xcc -iquote -Xcc /Users/wangrenzhu/work/LeafClinicWalkthrough/.build/xcode-derived-leaf-20260708224721/Build/Intermediates.noindex/LeafClinicWalkthrough.build/Debug-iphonesimulator/LeafClinicWalkthrough.build/LeafClinicWalkthrough-generated-files.hmap -Xcc -I/Users/wangrenzhu/work/LeafClinicWalkthrough/.build/xcode-derived-leaf-20260708224721/Build/Intermediates.noindex/LeafClinicWalkthrough.build/Debug-iphonesimulator/LeafClinicWalkthrough.build/LeafClinicWalkthrough-own-target-headers.hmap -Xcc -I/Users/wangrenzhu/work/LeafClinicWalkthrough/.build/xcode-derived-leaf-20260708224721/Build/Intermediates.noindex/LeafClinicWalkthrough.build/Debug-iphonesimulator/LeafClinicWalkthrough.build/LeafClinicWalkthrough-all-target-headers.hmap -Xcc -iquote -Xcc /Users/wangrenzhu/work/LeafClinicWalkthrough/.build/xcode-derived-leaf-20260708224721/Build/Intermediates.noindex/LeafClinicWalkthrough.build/Debug-iphonesimulator/LeafClinicWalkthrough.build/LeafClinicWalkthrough-project-headers.hmap -Xcc -I/Users/wangrenzhu/work/LeafClinicWalkthrough/.build/xcode-derived-leaf-20260708224721/Build/Products/Debug-iphonesimulator/include -Xcc -I/Users/wangrenzhu/work/LeafClinicWalkthrough/.build/xcode-derived-leaf-20260708224721/Build/Intermediates.noindex/LeafClinicWalkthrough.build/Debug-iphonesimulator/LeafClinicWalkthrough.build/DerivedSources-normal/arm64 -Xcc -I/Users/wangrenzhu/work/LeafClinicWalkthrough/.build/xcode-derived-leaf-20260708224721/Build/Intermediates.noindex/LeafClinicWalkthrough.build/Debug-iphonesimulator/LeafClinicWalkthrough.build/DerivedSources/arm64 -Xcc -I/Users/wangrenzhu/work/LeafClinicWalkthrough/.build/xcode-derived-leaf-20260708224721/Build/Intermediates.noindex/LeafClinicWalkthrough.build/Debug-iphonesimulator/LeafClinicWalkthrough.build/DerivedSources -Xcc -DDEBUG\=1 -emit-objc-header -emit-objc-header-path /Users/wangrenzhu/work/LeafClinicWalkthrough/.build/xcode-derived-leaf-20260708224721/Build/Intermediates.noindex/LeafClinicWalkthrough.build/Debug-iphonesimulator/LeafClinicWalkthrough.build/Objects-normal/arm64/LeafClinicWalkthrough-Swift.h -working-directory /Users/wangrenzhu/work/LeafClinicWalkthrough -experimental-emit-module-separately -disable-cmo

SwiftExplicitDependencyGeneratePcm arm64 /Users/wangrenzhu/work/LeafClinicWalkthrough/.build/xcode-derived-leaf-20260708224721/ModuleCache.noindex/_Builtin_stdbool-5HT3GQEQY6KUM1D5PQT6XGAAB.pcm

SwiftExplicitDependencyGeneratePcm arm64 /Users/wangrenzhu/work/LeafClinicWalkthrough/.build/xcode-derived-leaf-20260708224721/ModuleCache.noindex/ptrauth-8KNWYMOQJ8M8FU2LS3VTEOLGT.pcm

SwiftExplicitDependencyGeneratePcm arm64 /Users/wangrenzhu/work/LeafClinicWalkthrough/.build/xcode-derived-leaf-20260708224721/ModuleCache.noindex/_AvailabilityInternal-9OFAKD10NL8JMX8XBF6E51OS1.pcm

SwiftExplicitDependencyGeneratePcm arm64 /Users/wangrenzhu/work/LeafClinicWalkthrough/.build/xcode-derived-leaf-20260708224721/ModuleCache.noindex/_Builtin_stddef-ET1F2NE53K8S2GCYK2YXWCFXU.pcm

SwiftExplicitDependencyGeneratePcm arm64 /Users/wangrenzhu/work/LeafClinicWalkthrough/.build/xcode-derived-leaf-20260708224721/ModuleCache.noindex/DeveloperToolsSupport-6AKSMSIJ0YJ5L0D33SRPT4FAW.pcm

SwiftExplicitDependencyGeneratePcm arm64 /Users/wangrenzhu/work/LeafClinicWalkthrough/.build/xcode-derived-leaf-20260708224721/ModuleCache.noindex/_SwiftConcurrencyShims-53U0C1S9S6C2QLH9PX3OIIOE6.pcm

SwiftExplicitDependencyGeneratePcm arm64 /Users/wangrenzhu/work/LeafClinicWalkthrough/.build/xcode-derived-leaf-20260708224721/ModuleCache.noindex/ptrcheck-68K3T3F9HKB86FUVY4R8MND8R.pcm

SwiftExplicitDependencyGeneratePcm arm64 /Users/wangrenzhu/work/LeafClinicWalkthrough/.build/xcode-derived-leaf-20260708224721/ModuleCache.noindex/_Builtin_float-9UGHER9CFMQHI9LUWL6YLF2DB.pcm

SwiftExplicitDependencyGeneratePcm arm64 /Users/wangrenzhu/work/LeafClinicWalkthrough/.build/xcode-derived-leaf-20260708224721/ModuleCache.noindex/SwiftShims-46C0WFIDFVAKTF9M5NKNO0GLK.pcm

SwiftExplicitDependencyGeneratePcm arm64 /Users/wangrenzhu/work/LeafClinicWalkthrough/.build/xcode-derived-leaf-20260708224721/ModuleCache.noindex/_Builtin_stdarg-XVAWCPW8FSQDRC9M58DEUAWE.pcm

SwiftExplicitDependencyGeneratePcm arm64 /Users/wangrenzhu/work/LeafClinicWalkthrough/.build/xcode-derived-leaf-20260708224721/ModuleCache.noindex/_DarwinFoundation1-12MFEE56VONNAS2V2GRTL60CR.pcm

SwiftExplicitDependencyGeneratePcm arm64 /Users/wangrenzhu/work/LeafClinicWalkthrough/.build/xcode-derived-leaf-20260708224721/ModuleCache.noindex/_Builtin_limits-BM38JOA08P1JYVDLDQO1Q6Z5C.pcm

SwiftExplicitDependencyGeneratePcm arm64 /Users/wangrenzhu/work/LeafClinicWalkthrough/.build/xcode-derived-leaf-20260708224721/ModuleCache.noindex/_DarwinFoundation2-5NPFPV2GEO35KXY59CAYJT5C5.pcm

SwiftExplicitDependencyGeneratePcm arm64 /Users/wangrenzhu/work/LeafClinicWalkthrough/.build/xcode-derived-leaf-20260708224721/ModuleCache.noindex/_Builtin_stdint-3VVB4VH4RPY7TZ9QBT7S6CZJI.pcm

SwiftExplicitDependencyGeneratePcm arm64 /Users/wangrenzhu/work/LeafClinicWalkthrough/.build/xcode-derived-leaf-20260708224721/ModuleCache.noindex/_Builtin_tgmath-BL6WAE1R61JTDT22FYCZV05Z7.pcm

SwiftExplicitDependencyGeneratePcm arm64 /Users/wangrenzhu/work/LeafClinicWalkthrough/.build/xcode-derived-leaf-20260708224721/ModuleCache.noindex/sys_types-EUIPO81W4IFP8BG1E2ALEFJX9.pcm

SwiftExplicitDependencyGeneratePcm arm64 /Users/wangrenzhu/work/LeafClinicWalkthrough/.build/xcode-derived-leaf-20260708224721/ModuleCache.noindex/_Builtin_intrinsics-9D8CLLL3HYHEAAQ9SYJORKSLE.pcm

SwiftExplicitDependencyGeneratePcm arm64 /Users/wangrenzhu/work/LeafClinicWalkthrough/.build/xcode-derived-leaf-20260708224721/ModuleCache.noindex/_DarwinFoundation3-8VHZDOIV3SM4LBDGT6C43UTB4.pcm

SwiftExplicitDependencyGeneratePcm arm64 /Users/wangrenzhu/work/LeafClinicWalkthrough/.build/xcode-derived-leaf-20260708224721/ModuleCache.noindex/_Builtin_stdatomic-4EMDAN1A2MHM6CY55JXWPTBE8.pcm

SwiftExplicitDependencyGeneratePcm arm64 /Users/wangrenzhu/work/LeafClinicWalkthrough/.build/xcode-derived-leaf-20260708224721/ModuleCache.noindex/_Builtin_inttypes-D8QGXC3FGM19KWO3NLJ52QK3T.pcm

SwiftExplicitDependencyGeneratePcm arm64 /Users/wangrenzhu/work/LeafClinicWalkthrough/.build/xcode-derived-leaf-20260708224721/ModuleCache.noindex/Darwin-12VWZNSX78TUAXTM3WC4PCDMK.pcm

SwiftExplicitDependencyGeneratePcm arm64 /Users/wangrenzhu/work/LeafClinicWalkthrough/.build/xcode-derived-leaf-20260708224721/ModuleCache.noindex/simd-EKIE4C86WOW39MPFSTE0SWL9I.pcm

SwiftExplicitDependencyGeneratePcm arm64 /Users/wangrenzhu/work/LeafClinicWalkthrough/.build/xcode-derived-leaf-20260708224721/ModuleCache.noindex/MachO-9YKE3MNREIRK2OH9SYF4VVIQW.pcm

SwiftExplicitDependencyGeneratePcm arm64 /Users/wangrenzhu/work/LeafClinicWalkthrough/.build/xcode-derived-leaf-20260708224721/ModuleCache.noindex/ObjectiveC-70FCZ4JYRCC3HS4CDKI4V2XE2.pcm

SwiftExplicitDependencyGeneratePcm arm64 /Users/wangrenzhu/work/LeafClinicWalkthrough/.build/xcode-derived-leaf-20260708224721/ModuleCache.noindex/os_object-2NRWLBFIYPVS5E42JYD0MMOTD.pcm

SwiftExplicitDependencyGeneratePcm arm64 /Users/wangrenzhu/work/LeafClinicWalkthrough/.build/xcode-derived-leaf-20260708224721/ModuleCache.noindex/os_workgroup-DVZ1WSLFLA2BK5S7DSH0419NZ.pcm

SwiftExplicitDependencyGeneratePcm arm64 /Users/wangrenzhu/work/LeafClinicWalkthrough/.build/xcode-derived-leaf-20260708224721/ModuleCache.noindex/Spatial-8QW8CXTIJPRB2AXWRWPENHKEY.pcm

SwiftExplicitDependencyGeneratePcm arm64 /Users/wangrenzhu/work/LeafClinicWalkthrough/.build/xcode-derived-leaf-20260708224721/ModuleCache.noindex/Dispatch-E04REEZE0UADUUIVWPI9D9X4Z.pcm

SwiftExplicitDependencyGeneratePcm arm64 /Users/wangrenzhu/work/LeafClinicWalkthrough/.build/xcode-derived-leaf-20260708224721/ModuleCache.noindex/CoreFoundation-9GODRH79B78I0WN29LY0AY9YY.pcm

SwiftExplicitDependencyGeneratePcm arm64 /Users/wangrenzhu/work/LeafClinicWalkthrough/.build/xcode-derived-leaf-20260708224721/ModuleCache.noindex/XPC-CEUU9BBXP5ZWOM8QOO6NVKC8G.pcm

SwiftExplicitDependencyGeneratePcm arm64 /Users/wangrenzhu/work/LeafClinicWalkthrough/.build/xcode-derived-leaf-20260708224721/ModuleCache.noindex/os-3FRHCSLJFNTL29UFPF93Y8KRO.pcm

SwiftExplicitDependencyGeneratePcm arm64 /Users/wangrenzhu/work/LeafClinicWalkthrough/.build/xcode-derived-leaf-20260708224721/ModuleCache.noindex/CoreGraphics-7Z8O4PSOLPL6YNNYITHM42GZS.pcm

SwiftExplicitDependencyGeneratePcm arm64 /Users/wangrenzhu/work/LeafClinicWalkthrough/.build/xcode-derived-leaf-20260708224721/ModuleCache.noindex/CFNetwork-BLLEYRLAXHXLESUSBQ9YTRSP8.pcm

SwiftExplicitDependencyGeneratePcm arm64 /Users/wangrenzhu/work/LeafClinicWalkthrough/.build/xcode-derived-leaf-20260708224721/ModuleCache.noindex/Security-53GGZINIGJ1HY3YO1WG21OD5F.pcm

SwiftExplicitDependencyGeneratePcm arm64 /Users/wangrenzhu/work/LeafClinicWalkthrough/.build/xcode-derived-leaf-20260708224721/ModuleCache.noindex/Foundation-CXBD893G33T0YKF0T9SZ9UDM9.pcm

SwiftExplicitDependencyGeneratePcm arm64 /Users/wangrenzhu/work/LeafClinicWalkthrough/.build/xcode-derived-leaf-20260708224721/ModuleCache.noindex/ImageIO-5JWTRJ7GIVAQOMKHVX6T9YHR7.pcm

SwiftExplicitDependencyGeneratePcm arm64 /Users/wangrenzhu/work/LeafClinicWalkthrough/.build/xcode-derived-leaf-20260708224721/ModuleCache.noindex/CoreText-78TYIKUGYIJLQCY7A21DI9RF3.pcm

SwiftExplicitDependencyGeneratePcm arm64 /Users/wangrenzhu/work/LeafClinicWalkthrough/.build/xcode-derived-leaf-20260708224721/ModuleCache.noindex/UserNotifications-AUMGEUJQPED13XP2AC4FT994P.pcm

SwiftExplicitDependencyGeneratePcm arm64 /Users/wangrenzhu/work/LeafClinicWalkthrough/.build/xcode-derived-leaf-20260708224721/ModuleCache.noindex/Accessibility-D6XFOZQKQBQRGY4QHTUOSPZ4Q.pcm

SwiftExplicitDependencyGeneratePcm arm64 /Users/wangrenzhu/work/LeafClinicWalkthrough/.build/xcode-derived-leaf-20260708224721/ModuleCache.noindex/UniformTypeIdentifiers-B0MZLD94F7ENQGNA2RDUKLQWG.pcm

SwiftExplicitDependencyGeneratePcm arm64 /Users/wangrenzhu/work/LeafClinicWalkthrough/.build/xcode-derived-leaf-20260708224721/ModuleCache.noindex/UIUtilities-DIKH07KJBBOAP5F9QJOK133T2.pcm

SwiftExplicitDependencyGeneratePcm arm64 /Users/wangrenzhu/work/LeafClinicWalkthrough/.build/xcode-derived-leaf-20260708224721/ModuleCache.noindex/FileProvider-DLAESSRG22IFL4ELU5V6WR6XX.pcm

SwiftExplicitDependencyGeneratePcm arm64 /Users/wangrenzhu/work/LeafClinicWalkthrough/.build/xcode-derived-leaf-20260708224721/ModuleCache.noindex/DataDetection-5K695V195F3YO47M5R6XCGANH.pcm

SwiftExplicitDependencyGeneratePcm arm64 /Users/wangrenzhu/work/LeafClinicWalkthrough/.build/xcode-derived-leaf-20260708224721/ModuleCache.noindex/OSLog-DAPXHC07KC5Y6OOWK6BGA91XB.pcm

SwiftExplicitDependencyGeneratePcm arm64 /Users/wangrenzhu/work/LeafClinicWalkthrough/.build/xcode-derived-leaf-20260708224721/ModuleCache.noindex/OpenGLES-69JZSLC0HY24TUVQKA8RG47NJ.pcm

SwiftExplicitDependencyGeneratePcm arm64 /Users/wangrenzhu/work/LeafClinicWalkthrough/.build/xcode-derived-leaf-20260708224721/ModuleCache.noindex/CoreData-EWWN5LCOCKMKVDU5OIWU8U12G.pcm

SwiftExplicitDependencyGeneratePcm arm64 /Users/wangrenzhu/work/LeafClinicWalkthrough/.build/xcode-derived-leaf-20260708224721/ModuleCache.noindex/IOSurface-BUADWU184O4WO70STVAQJRZWR.pcm

SwiftExplicitDependencyGeneratePcm arm64 /Users/wangrenzhu/work/LeafClinicWalkthrough/.build/xcode-derived-leaf-20260708224721/ModuleCache.noindex/CoreTransferable-BOLN2DO3SVFTUSP26JU2IPI2V.pcm

SwiftExplicitDependencyGeneratePcm arm64 /Users/wangrenzhu/work/LeafClinicWalkthrough/.build/xcode-derived-leaf-20260708224721/ModuleCache.noindex/Metal-77OHBBW4EZIOUYRCMRBBQFJG.pcm

SwiftExplicitDependencyGeneratePcm arm64 /Users/wangrenzhu/work/LeafClinicWalkthrough/.build/xcode-derived-leaf-20260708224721/ModuleCache.noindex/Symbols-MJXXZKUPPZ9XWAC2W9Y85LY8.pcm

SwiftExplicitDependencyGeneratePcm arm64 /Users/wangrenzhu/work/LeafClinicWalkthrough/.build/xcode-derived-leaf-20260708224721/ModuleCache.noindex/CoreVideo-CRWEB53PFZWQEVFDUDM2BJJ86.pcm

SwiftExplicitDependencyGeneratePcm arm64 /Users/wangrenzhu/work/LeafClinicWalkthrough/.build/xcode-derived-leaf-20260708224721/ModuleCache.noindex/CoreImage-53RWY1EXB57OINBEVB6PFQ885.pcm

SwiftExplicitDependencyGeneratePcm arm64 /Users/wangrenzhu/work/LeafClinicWalkthrough/.build/xcode-derived-leaf-20260708224721/ModuleCache.noindex/QuartzCore-8AGBV4KP8Q4BGR8IW1LMIYTR6.pcm

SwiftExplicitDependencyGeneratePcm arm64 /Users/wangrenzhu/work/LeafClinicWalkthrough/.build/xcode-derived-leaf-20260708224721/ModuleCache.noindex/SwiftUICore-6I0CI30F2T4N5WZGYEYSEJ5PG.pcm

SwiftExplicitDependencyGeneratePcm arm64 /Users/wangrenzhu/work/LeafClinicWalkthrough/.build/xcode-derived-leaf-20260708224721/ModuleCache.noindex/UIKit-2R3IW21WYH049W5S6RPJVXZCN.pcm

SwiftExplicitDependencyGeneratePcm arm64 /Users/wangrenzhu/work/LeafClinicWalkthrough/.build/xcode-derived-leaf-20260708224721/ModuleCache.noindex/SwiftUI-DFW1KBUNVENYS88ZTJ0F59FZA.pcm

SwiftEmitModule normal arm64 Emitting\ module\ for\ LeafClinicWalkthrough (in target 'LeafClinicWalkthrough' from project 'LeafClinicWalkthrough')

EmitSwiftModule normal arm64 (in target 'LeafClinicWalkthrough' from project 'LeafClinicWalkthrough')
    cd /Users/wangrenzhu/work/LeafClinicWalkthrough
    

SwiftCompile normal arm64 Compiling\ Models.swift /Users/wangrenzhu/work/LeafClinicWalkthrough/Sources/LeafClinicWalkthrough/Models.swift (in target 'LeafClinicWalkthrough' from project 'LeafClinicWalkthrough')
SwiftCompile normal arm64 /Users/wangrenzhu/work/LeafClinicWalkthrough/Sources/LeafClinicWalkthrough/Models.swift (in target 'LeafClinicWalkthrough' from project 'LeafClinicWalkthrough')
    cd /Users/wangrenzhu/work/LeafClinicWalkthrough
    

SwiftCompile normal arm64 Compiling\ LocalTriageEngine.swift /Users/wangrenzhu/work/LeafClinicWalkthrough/Sources/LeafClinicWalkthrough/LocalTriageEngine.swift (in target 'LeafClinicWalkthrough' from project 'LeafClinicWalkthrough')

SwiftCompile normal arm64 /Users/wangrenzhu/work/LeafClinicWalkthrough/Sources/LeafClinicWalkthrough/LocalTriageEngine.swift (in target 'LeafClinicWalkthrough' from project 'LeafClinicWalkthrough')
    cd /Users/wangrenzhu/work/LeafClinicWalkthrough
    

SwiftCompile normal arm64 Compiling\ LeafClinicApp.swift /Users/wangrenzhu/work/LeafClinicWalkthrough/Sources/LeafClinicWalkthrough/LeafClinicApp.swift (in target 'LeafClinicWalkthrough' from project 'LeafClinicWalkthrough')
SwiftCompile normal arm64 /Users/wangrenzhu/work/LeafClinicWalkthrough/Sources/LeafClinicWalkthrough/LeafClinicApp.swift (in target 'LeafClinicWalkthrough' from project 'LeafClinicWalkthrough')
    cd /Users/wangrenzhu/work/LeafClinicWalkthrough
    

SwiftCompile normal arm64 Compiling\ LeafClinicWalkthroughMainApp.swift /Users/wangrenzhu/work/LeafClinicWalkthrough/LeafClinicWalkthroughApp/LeafClinicWalkthroughMainApp.swift (in target 'LeafClinicWalkthrough' from project 'LeafClinicWalkthrough')

SwiftCompile normal arm64 /Users/wangrenzhu/work/LeafClinicWalkthrough/LeafClinicWalkthroughApp/LeafClinicWalkthroughMainApp.swift (in target 'LeafClinicWalkthrough' from project 'LeafClinicWalkthrough')
    cd /Users/wangrenzhu/work/LeafClinicWalkthrough
    

SwiftCompile normal arm64 Compiling\ LeafClinicViews.swift /Users/wangrenzhu/work/LeafClinicWalkthrough/Sources/LeafClinicWalkthrough/LeafClinicViews.swift (in target 'LeafClinicWalkthrough' from project 'LeafClinicWalkthrough')
SwiftCompile normal arm64 /Users/wangrenzhu/work/LeafClinicWalkthrough/Sources/LeafClinicWalkthrough/LeafClinicViews.swift (in target 'LeafClinicWalkthrough' from project 'LeafClinicWalkthrough')
    cd /Users/wangrenzhu/work/LeafClinicWalkthrough
    

SwiftCompile normal arm64 Compiling\ LeafClinicStore.swift /Users/wangrenzhu/work/LeafClinicWalkthrough/Sources/LeafClinicWalkthrough/LeafClinicStore.swift (in target 'LeafClinicWalkthrough' from project 'LeafClinicWalkthrough')

SwiftCompile normal arm64 /Users/wangrenzhu/work/LeafClinicWalkthrough/Sources/LeafClinicWalkthrough/LeafClinicStore.swift (in target 'LeafClinicWalkthrough' from project 'LeafClinicWalkthrough')
    cd /Users/wangrenzhu/work/LeafClinicWalkthrough
    

SwiftDriverJobDiscovery normal arm64 Emitting module for LeafClinicWalkthrough (in target 'LeafClinicWalkthrough' from project 'LeafClinicWalkthrough')

SwiftDriver\ Compilation\ Requirements LeafClinicWalkthrough normal arm64 com.apple.xcode.tools.swift.compiler (in target 'LeafClinicWalkthrough' from project 'LeafClinicWalkthrough')
    cd /Users/wangrenzhu/work/LeafClinicWalkthrough
    builtin-Swift-Compilation-Requirements -- /Applications/Xcode.app/Contents/Developer/Toolchains/XcodeDefault.xctoolchain/usr/bin/swiftc -module-name LeafClinicWalkthrough -Onone @/Users/wangrenzhu/work/LeafClinicWalkthrough/.build/xcode-derived-leaf-20260708224721/Build/Intermediates.noindex/LeafClinicWalkthrough.build/Debug-iphonesimulator/LeafClinicWalkthrough.build/Objects-normal/arm64/LeafClinicWalkthrough.SwiftFileList -DDEBUG -enable-experimental-feature DebugDescriptionMacro -sdk /Applications/Xcode.app/Contents/Developer/Platforms/iPhoneSimulator.platform/Developer/SDKs/iPhoneSimulator26.5.sdk -target arm64-apple-ios17.0-simulator -g -module-cache-path /Users/wangrenzhu/work/LeafClinicWalkthrough/.build/xcode-derived-leaf-20260708224721/ModuleCache.noindex -Xfrontend -serialize-debugging-options -enable-testing -index-store-path /Users/wangrenzhu/work/LeafClinicWalkthrough/.build/xcode-derived-leaf-20260708224721/Index.noindex/DataStore -Xcc -D_LIBCPP_HARDENING_MODE\=_LIBCPP_HARDENING_MODE_DEBUG -swift-version 6 -I /Users/wangrenzhu/work/LeafClinicWalkthrough/.build/xcode-derived-leaf-20260708224721/Build/Products/Debug-iphonesimulator -F /Users/wangrenzhu/work/LeafClinicWalkthrough/.build/xcode-derived-leaf-20260708224721/Build/Products/Debug-iphonesimulator -emit-localized-strings -emit-localized-strings-path /Users/wangrenzhu/work/LeafClinicWalkthrough/.build/xcode-derived-leaf-20260708224721/Build/Intermediates.noindex/LeafClinicWalkthrough.build/Debug-iphonesimulator/LeafClinicWalkthrough.build/Objects-normal/arm64 -c -j10 -enable-batch-mode -incremental -Xcc -ivfsstatcache -Xcc /Users/wangrenzhu/work/LeafClinicWalkthrough/.build/xcode-derived-leaf-20260708224721/SDKStatCaches.noindex/iphonesimulator26.5-23F81a-6cfe768891a92b912361537c460fe42b.sdkstatcache -output-file-map /Users/wangrenzhu/work/LeafClinicWalkthrough/.build/xcode-derived-leaf-20260708224721/Build/Intermediates.noindex/LeafClinicWalkthrough.build/Debug-iphonesimulator/LeafClinicWalkthrough.build/Objects-normal/arm64/LeafClinicWalkthrough-OutputFileMap.json -use-frontend-parseable-output -save-temps -no-color-diagnostics -explicit-module-build -module-cache-path /Users/wangrenzhu/work/LeafClinicWalkthrough/.build/xcode-derived-leaf-20260708224721/Build/Intermediates.noindex/SwiftExplicitPrecompiledModules -clang-scanner-module-cache-path /Users/wangrenzhu/work/LeafClinicWalkthrough/.build/xcode-derived-leaf-20260708224721/ModuleCache.noindex -sdk-module-cache-path /Users/wangrenzhu/work/LeafClinicWalkthrough/.build/xcode-derived-leaf-20260708224721/ModuleCache.noindex -serialize-diagnostics -emit-dependencies -emit-module -emit-module-path /Users/wangrenzhu/work/LeafClinicWalkthrough/.build/xcode-derived-leaf-20260708224721/Build/Intermediates.noindex/LeafClinicWalkthrough.build/Debug-iphonesimulator/LeafClinicWalkthrough.build/Objects-normal/arm64/LeafClinicWalkthrough.swiftmodule -validate-clang-modules-once -clang-build-session-file /Users/wangrenzhu/work/LeafClinicWalkthrough/.build/xcode-derived-leaf-20260708224721/ModuleCache.noindex/Session.modulevalidation -Xcc -I/Users/wangrenzhu/work/LeafClinicWalkthrough/.build/xcode-derived-leaf-20260708224721/Build/Intermediates.noindex/LeafClinicWalkthrough.build/Debug-iphonesimulator/LeafClinicWalkthrough.build/swift-overrides.hmap -emit-const-values -Xfrontend -const-gather-protocols-file -Xfrontend /Users/wangrenzhu/work/LeafClinicWalkthrough/.build/xcode-derived-leaf-20260708224721/Build/Intermediates.noindex/LeafClinicWalkthrough.build/Debug-iphonesimulator/LeafClinicWalkthrough.build/Objects-normal/arm64/LeafClinicWalkthrough_const_extract_protocols.json -Xcc -iquote -Xcc /Users/wangrenzhu/work/LeafClinicWalkthrough/.build/xcode-derived-leaf-20260708224721/Build/Intermediates.noindex/LeafClinicWalkthrough.build/Debug-iphonesimulator/LeafClinicWalkthrough.build/LeafClinicWalkthrough-generated-files.hmap -Xcc -I/Users/wangrenzhu/work/LeafClinicWalkthrough/.build/xcode-derived-leaf-20260708224721/Build/Intermediates.noindex/LeafClinicWalkthrough.build/Debug-iphonesimulator/LeafClinicWalkthrough.build/LeafClinicWalkthrough-own-target-headers.hmap -Xcc -I/Users/wangrenzhu/work/LeafClinicWalkthrough/.build/xcode-derived-leaf-20260708224721/Build/Intermediates.noindex/LeafClinicWalkthrough.build/Debug-iphonesimulator/LeafClinicWalkthrough.build/LeafClinicWalkthrough-all-target-headers.hmap -Xcc -iquote -Xcc /Users/wangrenzhu/work/LeafClinicWalkthrough/.build/xcode-derived-leaf-20260708224721/Build/Intermediates.noindex/LeafClinicWalkthrough.build/Debug-iphonesimulator/LeafClinicWalkthrough.build/LeafClinicWalkthrough-project-headers.hmap -Xcc -I/Users/wangrenzhu/work/LeafClinicWalkthrough/.build/xcode-derived-leaf-20260708224721/Build/Products/Debug-iphonesimulator/include -Xcc -I/Users/wangrenzhu/work/LeafClinicWalkthrough/.build/xcode-derived-leaf-20260708224721/Build/Intermediates.noindex/LeafClinicWalkthrough.build/Debug-iphonesimulator/LeafClinicWalkthrough.build/DerivedSources-normal/arm64 -Xcc -I/Users/wangrenzhu/work/LeafClinicWalkthrough/.build/xcode-derived-leaf-20260708224721/Build/Intermediates.noindex/LeafClinicWalkthrough.build/Debug-iphonesimulator/LeafClinicWalkthrough.build/DerivedSources/arm64 -Xcc -I/Users/wangrenzhu/work/LeafClinicWalkthrough/.build/xcode-derived-leaf-20260708224721/Build/Intermediates.noindex/LeafClinicWalkthrough.build/Debug-iphonesimulator/LeafClinicWalkthrough.build/DerivedSources -Xcc -DDEBUG\=1 -emit-objc-header -emit-objc-header-path /Users/wangrenzhu/work/LeafClinicWalkthrough/.build/xcode-derived-leaf-20260708224721/Build/Intermediates.noindex/LeafClinicWalkthrough.build/Debug-iphonesimulator/LeafClinicWalkthrough.build/Objects-normal/arm64/LeafClinicWalkthrough-Swift.h -working-directory /Users/wangrenzhu/work/LeafClinicWalkthrough -experimental-emit-module-separately -disable-cmo

SwiftMergeGeneratedHeaders /Users/wangrenzhu/work/LeafClinicWalkthrough/.build/xcode-derived-leaf-20260708224721/Build/Intermediates.noindex/LeafClinicWalkthrough.build/Debug-iphonesimulator/LeafClinicWalkthrough.build/DerivedSources/LeafClinicWalkthrough-Swift.h /Users/wangrenzhu/work/LeafClinicWalkthrough/.build/xcode-derived-leaf-20260708224721/Build/Intermediates.noindex/LeafClinicWalkthrough.build/Debug-iphonesimulator/LeafClinicWalkthrough.build/Objects-normal/arm64/LeafClinicWalkthrough-Swift.h (in target 'LeafClinicWalkthrough' from project 'LeafClinicWalkthrough')
    cd /Users/wangrenzhu/work/LeafClinicWalkthrough
    builtin-swiftHeaderTool -arch arm64 /Users/wangrenzhu/work/LeafClinicWalkthrough/.build/xcode-derived-leaf-20260708224721/Build/Intermediates.noindex/LeafClinicWalkthrough.build/Debug-iphonesimulator/LeafClinicWalkthrough.build/Objects-normal/arm64/LeafClinicWalkthrough-Swift.h -o /Users/wangrenzhu/work/LeafClinicWalkthrough/.build/xcode-derived-leaf-20260708224721/Build/Intermediates.noindex/LeafClinicWalkthrough.build/Debug-iphonesimulator/LeafClinicWalkthrough.build/DerivedSources/LeafClinicWalkthrough-Swift.h

Copy /Users/wangrenzhu/work/LeafClinicWalkthrough/.build/xcode-derived-leaf-20260708224721/Build/Products/Debug-iphonesimulator/LeafClinicWalkthrough.swiftmodule/arm64-apple-ios-simulator.swiftmodule /Users/wangrenzhu/work/LeafClinicWalkthrough/.build/xcode-derived-leaf-20260708224721/Build/Intermediates.noindex/LeafClinicWalkthrough.build/Debug-iphonesimulator/LeafClinicWalkthrough.build/Objects-normal/arm64/LeafClinicWalkthrough.swiftmodule (in target 'LeafClinicWalkthrough' from project 'LeafClinicWalkthrough')
    cd /Users/wangrenzhu/work/LeafClinicWalkthrough
    builtin-copy -exclude .DS_Store -exclude CVS -exclude .svn -exclude .git -exclude .hg -strip-unsigned-binaries -strip-deterministic -strip-tool /Applications/Xcode.app/Contents/Developer/Toolchains/XcodeDefault.xctoolchain/usr/bin/strip -resolve-src-symlinks -rename /Users/wangrenzhu/work/LeafClinicWalkthrough/.build/xcode-derived-leaf-20260708224721/Build/Intermediates.noindex/LeafClinicWalkthrough.build/Debug-iphonesimulator/LeafClinicWalkthrough.build/Objects-normal/arm64/LeafClinicWalkthrough.swiftmodule /Users/wangrenzhu/work/LeafClinicWalkthrough/.build/xcode-derived-leaf-20260708224721/Build/Products/Debug-iphonesimulator/LeafClinicWalkthrough.swiftmodule/arm64-apple-ios-simulator.swiftmodule

Copy /Users/wangrenzhu/work/LeafClinicWalkthrough/.build/xcode-derived-leaf-20260708224721/Build/Products/Debug-iphonesimulator/LeafClinicWalkthrough.swiftmodule/arm64-apple-ios-simulator.abi.json /Users/wangrenzhu/work/LeafClinicWalkthrough/.build/xcode-derived-leaf-20260708224721/Build/Intermediates.noindex/LeafClinicWalkthrough.build/Debug-iphonesimulator/LeafClinicWalkthrough.build/Objects-normal/arm64/LeafClinicWalkthrough.abi.json (in target 'LeafClinicWalkthrough' from project 'LeafClinicWalkthrough')
    cd /Users/wangrenzhu/work/LeafClinicWalkthrough
    builtin-copy -exclude .DS_Store -exclude CVS -exclude .svn -exclude .git -exclude .hg -strip-unsigned-binaries -strip-deterministic -strip-tool /Applications/Xcode.app/Contents/Developer/Toolchains/XcodeDefault.xctoolchain/usr/bin/strip -resolve-src-symlinks -rename /Users/wangrenzhu/work/LeafClinicWalkthrough/.build/xcode-derived-leaf-20260708224721/Build/Intermediates.noindex/LeafClinicWalkthrough.build/Debug-iphonesimulator/LeafClinicWalkthrough.build/Objects-normal/arm64/LeafClinicWalkthrough.abi.json /Users/wangrenzhu/work/LeafClinicWalkthrough/.build/xcode-derived-leaf-20260708224721/Build/Products/Debug-iphonesimulator/LeafClinicWalkthrough.swiftmodule/arm64-apple-ios-simulator.abi.json

Copy /Users/wangrenzhu/work/LeafClinicWalkthrough/.build/xcode-derived-leaf-20260708224721/Build/Products/Debug-iphonesimulator/LeafClinicWalkthrough.swiftmodule/arm64-apple-ios-simulator.swiftdoc /Users/wangrenzhu/work/LeafClinicWalkthrough/.build/xcode-derived-leaf-20260708224721/Build/Intermediates.noindex/LeafClinicWalkthrough.build/Debug-iphonesimulator/LeafClinicWalkthrough.build/Objects-normal/arm64/LeafClinicWalkthrough.swiftdoc (in target 'LeafClinicWalkthrough' from project 'LeafClinicWalkthrough')
    cd /Users/wangrenzhu/work/LeafClinicWalkthrough
    builtin-copy -exclude .DS_Store -exclude CVS -exclude .svn -exclude .git -exclude .hg -strip-unsigned-binaries -strip-deterministic -strip-tool /Applications/Xcode.app/Contents/Developer/Toolchains/XcodeDefault.xctoolchain/usr/bin/strip -resolve-src-symlinks -rename /Users/wangrenzhu/work/LeafClinicWalkthrough/.build/xcode-derived-leaf-20260708224721/Build/Intermediates.noindex/LeafClinicWalkthrough.build/Debug-iphonesimulator/LeafClinicWalkthrough.build/Objects-normal/arm64/LeafClinicWalkthrough.swiftdoc /Users/wangrenzhu/work/LeafClinicWalkthrough/.build/xcode-derived-leaf-20260708224721/Build/Products/Debug-iphonesimulator/LeafClinicWalkthrough.swiftmodule/arm64-apple-ios-simulator.swiftdoc

Copy /Users/wangrenzhu/work/LeafClinicWalkthrough/.build/xcode-derived-leaf-20260708224721/Build/Products/Debug-iphonesimulator/LeafClinicWalkthrough.swiftmodule/Project/arm64-apple-ios-simulator.swiftsourceinfo /Users/wangrenzhu/work/LeafClinicWalkthrough/.build/xcode-derived-leaf-20260708224721/Build/Intermediates.noindex/LeafClinicWalkthrough.build/Debug-iphonesimulator/LeafClinicWalkthrough.build/Objects-normal/arm64/LeafClinicWalkthrough.swiftsourceinfo (in target 'LeafClinicWalkthrough' from project 'LeafClinicWalkthrough')
    cd /Users/wangrenzhu/work/LeafClinicWalkthrough
    builtin-copy -exclude .DS_Store -exclude CVS -exclude .svn -exclude .git -exclude .hg -strip-unsigned-binaries -strip-deterministic -strip-tool /Applications/Xcode.app/Contents/Developer/Toolchains/XcodeDefault.xctoolchain/usr/bin/strip -resolve-src-symlinks -rename /Users/wangrenzhu/work/LeafClinicWalkthrough/.build/xcode-derived-leaf-20260708224721/Build/Intermediates.noindex/LeafClinicWalkthrough.build/Debug-iphonesimulator/LeafClinicWalkthrough.build/Objects-normal/arm64/LeafClinicWalkthrough.swiftsourceinfo /Users/wangrenzhu/work/LeafClinicWalkthrough/.build/xcode-derived-leaf-20260708224721/Build/Products/Debug-iphonesimulator/LeafClinicWalkthrough.swiftmodule/Project/arm64-apple-ios-simulator.swiftsourceinfo

SwiftDriverJobDiscovery normal arm64 Compiling LocalTriageEngine.swift (in target 'LeafClinicWalkthrough' from project 'LeafClinicWalkthrough')

SwiftDriverJobDiscovery normal arm64 Compiling Models.swift (in target 'LeafClinicWalkthrough' from project 'LeafClinicWalkthrough')

SwiftDriverJobDiscovery normal arm64 Compiling LeafClinicStore.swift (in target 'LeafClinicWalkthrough' from project 'LeafClinicWalkthrough')

SwiftDriverJobDiscovery normal arm64 Compiling LeafClinicWalkthroughMainApp.swift (in target 'LeafClinicWalkthrough' from project 'LeafClinicWalkthrough')

SwiftDriverJobDiscovery normal arm64 Compiling LeafClinicApp.swift (in target 'LeafClinicWalkthrough' from project 'LeafClinicWalkthrough')

SwiftDriverJobDiscovery normal arm64 Compiling LeafClinicViews.swift (in target 'LeafClinicWalkthrough' from project 'LeafClinicWalkthrough')

SwiftDriver\ Compilation LeafClinicWalkthrough normal arm64 com.apple.xcode.tools.swift.compiler (in target 'LeafClinicWalkthrough' from project 'LeafClinicWalkthrough')
    cd /Users/wangrenzhu/work/LeafClinicWalkthrough
    builtin-Swift-Compilation -- /Applications/Xcode.app/Contents/Developer/Toolchains/XcodeDefault.xctoolchain/usr/bin/swiftc -module-name LeafClinicWalkthrough -Onone @/Users/wangrenzhu/work/LeafClinicWalkthrough/.build/xcode-derived-leaf-20260708224721/Build/Intermediates.noindex/LeafClinicWalkthrough.build/Debug-iphonesimulator/LeafClinicWalkthrough.build/Objects-normal/arm64/LeafClinicWalkthrough.SwiftFileList -DDEBUG -enable-experimental-feature DebugDescriptionMacro -sdk /Applications/Xcode.app/Contents/Developer/Platforms/iPhoneSimulator.platform/Developer/SDKs/iPhoneSimulator26.5.sdk -target arm64-apple-ios17.0-simulator -g -module-cache-path /Users/wangrenzhu/work/LeafClinicWalkthrough/.build/xcode-derived-leaf-20260708224721/ModuleCache.noindex -Xfrontend -serialize-debugging-options -enable-testing -index-store-path /Users/wangrenzhu/work/LeafClinicWalkthrough/.build/xcode-derived-leaf-20260708224721/Index.noindex/DataStore -Xcc -D_LIBCPP_HARDENING_MODE\=_LIBCPP_HARDENING_MODE_DEBUG -swift-version 6 -I /Users/wangrenzhu/work/LeafClinicWalkthrough/.build/xcode-derived-leaf-20260708224721/Build/Products/Debug-iphonesimulator -F /Users/wangrenzhu/work/LeafClinicWalkthrough/.build/xcode-derived-leaf-20260708224721/Build/Products/Debug-iphonesimulator -emit-localized-strings -emit-localized-strings-path /Users/wangrenzhu/work/LeafClinicWalkthrough/.build/xcode-derived-leaf-20260708224721/Build/Intermediates.noindex/LeafClinicWalkthrough.build/Debug-iphonesimulator/LeafClinicWalkthrough.build/Objects-normal/arm64 -c -j10 -enable-batch-mode -incremental -Xcc -ivfsstatcache -Xcc /Users/wangrenzhu/work/LeafClinicWalkthrough/.build/xcode-derived-leaf-20260708224721/SDKStatCaches.noindex/iphonesimulator26.5-23F81a-6cfe768891a92b912361537c460fe42b.sdkstatcache -output-file-map /Users/wangrenzhu/work/LeafClinicWalkthrough/.build/xcode-derived-leaf-20260708224721/Build/Intermediates.noindex/LeafClinicWalkthrough.build/Debug-iphonesimulator/LeafClinicWalkthrough.build/Objects-normal/arm64/LeafClinicWalkthrough-OutputFileMap.json -use-frontend-parseable-output -save-temps -no-color-diagnostics -explicit-module-build -module-cache-path /Users/wangrenzhu/work/LeafClinicWalkthrough/.build/xcode-derived-leaf-20260708224721/Build/Intermediates.noindex/SwiftExplicitPrecompiledModules -clang-scanner-module-cache-path /Users/wangrenzhu/work/LeafClinicWalkthrough/.build/xcode-derived-leaf-20260708224721/ModuleCache.noindex -sdk-module-cache-path /Users/wangrenzhu/work/LeafClinicWalkthrough/.build/xcode-derived-leaf-20260708224721/ModuleCache.noindex -serialize-diagnostics -emit-dependencies -emit-module -emit-module-path /Users/wangrenzhu/work/LeafClinicWalkthrough/.build/xcode-derived-leaf-20260708224721/Build/Intermediates.noindex/LeafClinicWalkthrough.build/Debug-iphonesimulator/LeafClinicWalkthrough.build/Objects-normal/arm64/LeafClinicWalkthrough.swiftmodule -validate-clang-modules-once -clang-build-session-file /Users/wangrenzhu/work/LeafClinicWalkthrough/.build/xcode-derived-leaf-20260708224721/ModuleCache.noindex/Session.modulevalidation -Xcc -I/Users/wangrenzhu/work/LeafClinicWalkthrough/.build/xcode-derived-leaf-20260708224721/Build/Intermediates.noindex/LeafClinicWalkthrough.build/Debug-iphonesimulator/LeafClinicWalkthrough.build/swift-overrides.hmap -emit-const-values -Xfrontend -const-gather-protocols-file -Xfrontend /Users/wangrenzhu/work/LeafClinicWalkthrough/.build/xcode-derived-leaf-20260708224721/Build/Intermediates.noindex/LeafClinicWalkthrough.build/Debug-iphonesimulator/LeafClinicWalkthrough.build/Objects-normal/arm64/LeafClinicWalkthrough_const_extract_protocols.json -Xcc -iquote -Xcc /Users/wangrenzhu/work/LeafClinicWalkthrough/.build/xcode-derived-leaf-20260708224721/Build/Intermediates.noindex/LeafClinicWalkthrough.build/Debug-iphonesimulator/LeafClinicWalkthrough.build/LeafClinicWalkthrough-generated-files.hmap -Xcc -I/Users/wangrenzhu/work/LeafClinicWalkthrough/.build/xcode-derived-leaf-20260708224721/Build/Intermediates.noindex/LeafClinicWalkthrough.build/Debug-iphonesimulator/LeafClinicWalkthrough.build/LeafClinicWalkthrough-own-target-headers.hmap -Xcc -I/Users/wangrenzhu/work/LeafClinicWalkthrough/.build/xcode-derived-leaf-20260708224721/Build/Intermediates.noindex/LeafClinicWalkthrough.build/Debug-iphonesimulator/LeafClinicWalkthrough.build/LeafClinicWalkthrough-all-target-headers.hmap -Xcc -iquote -Xcc /Users/wangrenzhu/work/LeafClinicWalkthrough/.build/xcode-derived-leaf-20260708224721/Build/Intermediates.noindex/LeafClinicWalkthrough.build/Debug-iphonesimulator/LeafClinicWalkthrough.build/LeafClinicWalkthrough-project-headers.hmap -Xcc -I/Users/wangrenzhu/work/LeafClinicWalkthrough/.build/xcode-derived-leaf-20260708224721/Build/Products/Debug-iphonesimulator/include -Xcc -I/Users/wangrenzhu/work/LeafClinicWalkthrough/.build/xcode-derived-leaf-20260708224721/Build/Intermediates.noindex/LeafClinicWalkthrough.build/Debug-iphonesimulator/LeafClinicWalkthrough.build/DerivedSources-normal/arm64 -Xcc -I/Users/wangrenzhu/work/LeafClinicWalkthrough/.build/xcode-derived-leaf-20260708224721/Build/Intermediates.noindex/LeafClinicWalkthrough.build/Debug-iphonesimulator/LeafClinicWalkthrough.build/DerivedSources/arm64 -Xcc -I/Users/wangrenzhu/work/LeafClinicWalkthrough/.build/xcode-derived-leaf-20260708224721/Build/Intermediates.noindex/LeafClinicWalkthrough.build/Debug-iphonesimulator/LeafClinicWalkthrough.build/DerivedSources -Xcc -DDEBUG\=1 -emit-objc-header -emit-objc-header-path /Users/wangrenzhu/work/LeafClinicWalkthrough/.build/xcode-derived-leaf-20260708224721/Build/Intermediates.noindex/LeafClinicWalkthrough.build/Debug-iphonesimulator/LeafClinicWalkthrough.build/Objects-normal/arm64/LeafClinicWalkthrough-Swift.h -working-directory /Users/wangrenzhu/work/LeafClinicWalkthrough -experimental-emit-module-separately -disable-cmo

Ld /Users/wangrenzhu/work/LeafClinicWalkthrough/.build/xcode-derived-leaf-20260708224721/Build/Products/Debug-iphonesimulator/LeafClinicWalkthrough.app/LeafClinicWalkthrough.debug.dylib normal (in target 'LeafClinicWalkthrough' from project 'LeafClinicWalkthrough')
    cd /Users/wangrenzhu/work/LeafClinicWalkthrough
    /Applications/Xcode.app/Contents/Developer/Toolchains/XcodeDefault.xctoolchain/usr/bin/clang -Xlinker -reproducible -target arm64-apple-ios17.0-simulator -dynamiclib -isysroot /Applications/Xcode.app/Contents/Developer/Platforms/iPhoneSimulator.platform/Developer/SDKs/iPhoneSimulator26.5.sdk -O0 -L/Users/wangrenzhu/work/LeafClinicWalkthrough/.build/xcode-derived-leaf-20260708224721/Build/Intermediates.noindex/EagerLinkingTBDs/Debug-iphonesimulator -L/Users/wangrenzhu/work/LeafClinicWalkthrough/.build/xcode-derived-leaf-20260708224721/Build/Products/Debug-iphonesimulator -F/Users/wangrenzhu/work/LeafClinicWalkthrough/.build/xcode-derived-leaf-20260708224721/Build/Intermediates.noindex/EagerLinkingTBDs/Debug-iphonesimulator -F/Users/wangrenzhu/work/LeafClinicWalkthrough/.build/xcode-derived-leaf-20260708224721/Build/Products/Debug-iphonesimulator -filelist /Users/wangrenzhu/work/LeafClinicWalkthrough/.build/xcode-derived-leaf-20260708224721/Build/Intermediates.noindex/LeafClinicWalkthrough.build/Debug-iphonesimulator/LeafClinicWalkthrough.build/Objects-normal/arm64/LeafClinicWalkthrough.LinkFileList -install_name @rpath/LeafClinicWalkthrough.debug.dylib -Xlinker -rpath -Xlinker /usr/lib/swift -Xlinker -dead_strip -Xlinker -object_path_lto -Xlinker /Users/wangrenzhu/work/LeafClinicWalkthrough/.build/xcode-derived-leaf-20260708224721/Build/Intermediates.noindex/LeafClinicWalkthrough.build/Debug-iphonesimulator/LeafClinicWalkthrough.build/Objects-normal/arm64/LeafClinicWalkthrough_lto.o -rdynamic -Xlinker -no_deduplicate -Xlinker -objc_abi_version -Xlinker 2 -Xlinker -dependency_info -Xlinker /Users/wangrenzhu/work/LeafClinicWalkthrough/.build/xcode-derived-leaf-20260708224721/Build/Intermediates.noindex/LeafClinicWalkthrough.build/Debug-iphonesimulator/LeafClinicWalkthrough.build/Objects-normal/arm64/LeafClinicWalkthrough_dependency_info.dat -fobjc-link-runtime -L/Applications/Xcode.app/Contents/Developer/Toolchains/XcodeDefault.xctoolchain/usr/lib/swift/iphonesimulator -L/usr/lib/swift -Xlinker -add_ast_path -Xlinker /Users/wangrenzhu/work/LeafClinicWalkthrough/.build/xcode-derived-leaf-20260708224721/Build/Intermediates.noindex/LeafClinicWalkthrough.build/Debug-iphonesimulator/LeafClinicWalkthrough.build/Objects-normal/arm64/LeafClinicWalkthrough.swiftmodule @/Users/wangrenzhu/work/LeafClinicWalkthrough/.build/xcode-derived-leaf-20260708224721/Build/Intermediates.noindex/LeafClinicWalkthrough.build/Debug-iphonesimulator/LeafClinicWalkthrough.build/Objects-normal/arm64/LeafClinicWalkthrough-linker-args.resp -Xlinker -alias -Xlinker _main -Xlinker ___debug_main_executable_dylib_entry_point -o /Users/wangrenzhu/work/LeafClinicWalkthrough/.build/xcode-derived-leaf-20260708224721/Build/Products/Debug-iphonesimulator/LeafClinicWalkthrough.app/LeafClinicWalkthrough.debug.dylib

ConstructStubExecutorLinkFileList /Users/wangrenzhu/work/LeafClinicWalkthrough/.build/xcode-derived-leaf-20260708224721/Build/Intermediates.noindex/LeafClinicWalkthrough.build/Debug-iphonesimulator/LeafClinicWalkthrough.build/LeafClinicWalkthrough-ExecutorLinkFileList-normal-arm64.txt (in target 'LeafClinicWalkthrough' from project 'LeafClinicWalkthrough')
    cd /Users/wangrenzhu/work/LeafClinicWalkthrough
    construct-stub-executor-link-file-list /Users/wangrenzhu/work/LeafClinicWalkthrough/.build/xcode-derived-leaf-20260708224721/Build/Products/Debug-iphonesimulator/LeafClinicWalkthrough.app/LeafClinicWalkthrough.debug.dylib /Applications/Xcode.app/Contents/Developer/Platforms/iPhoneSimulator.platform/Developer/usr/lib/libPreviewsJITStubExecutor_no_swift_entry_point.a /Applications/Xcode.app/Contents/Developer/Platforms/iPhoneSimulator.platform/Developer/usr/lib/libPreviewsJITStubExecutor.a --output /Users/wangrenzhu/work/LeafClinicWalkthrough/.build/xcode-derived-leaf-20260708224721/Build/Intermediates.noindex/LeafClinicWalkthrough.build/Debug-iphonesimulator/LeafClinicWalkthrough.build/LeafClinicWalkthrough-ExecutorLinkFileList-normal-arm64.txt
note: Using stub executor library with Swift entry point. (in target 'LeafClinicWalkthrough' from project 'LeafClinicWalkthrough')

Ld /Users/wangrenzhu/work/LeafClinicWalkthrough/.build/xcode-derived-leaf-20260708224721/Build/Products/Debug-iphonesimulator/LeafClinicWalkthrough.app/LeafClinicWalkthrough normal (in target 'LeafClinicWalkthrough' from project 'LeafClinicWalkthrough')
    cd /Users/wangrenzhu/work/LeafClinicWalkthrough
    /Applications/Xcode.app/Contents/Developer/Toolchains/XcodeDefault.xctoolchain/usr/bin/clang -Xlinker -reproducible -target arm64-apple-ios17.0-simulator -isysroot /Applications/Xcode.app/Contents/Developer/Platforms/iPhoneSimulator.platform/Developer/SDKs/iPhoneSimulator26.5.sdk -O0 -L/Users/wangrenzhu/work/LeafClinicWalkthrough/.build/xcode-derived-leaf-20260708224721/Build/Products/Debug-iphonesimulator -F/Users/wangrenzhu/work/LeafClinicWalkthrough/.build/xcode-derived-leaf-20260708224721/Build/Products/Debug-iphonesimulator -Xlinker -rpath -Xlinker @executable_path -rdynamic -Xlinker -no_deduplicate -Xlinker -objc_abi_version -Xlinker 2 -e ___debug_blank_executor_main -Xlinker -sectcreate -Xlinker __TEXT -Xlinker __debug_dylib -Xlinker /Users/wangrenzhu/work/LeafClinicWalkthrough/.build/xcode-derived-leaf-20260708224721/Build/Intermediates.noindex/LeafClinicWalkthrough.build/Debug-iphonesimulator/LeafClinicWalkthrough.build/LeafClinicWalkthrough-DebugDylibPath-normal-arm64.txt -Xlinker -sectcreate -Xlinker __TEXT -Xlinker __debug_instlnm -Xlinker /Users/wangrenzhu/work/LeafClinicWalkthrough/.build/xcode-derived-leaf-20260708224721/Build/Intermediates.noindex/LeafClinicWalkthrough.build/Debug-iphonesimulator/LeafClinicWalkthrough.build/LeafClinicWalkthrough-DebugDylibInstallName-normal-arm64.txt -Xlinker -filelist -Xlinker /Users/wangrenzhu/work/LeafClinicWalkthrough/.build/xcode-derived-leaf-20260708224721/Build/Intermediates.noindex/LeafClinicWalkthrough.build/Debug-iphonesimulator/LeafClinicWalkthrough.build/LeafClinicWalkthrough-ExecutorLinkFileList-normal-arm64.txt /Users/wangrenzhu/work/LeafClinicWalkthrough/.build/xcode-derived-leaf-20260708224721/Build/Products/Debug-iphonesimulator/LeafClinicWalkthrough.app/LeafClinicWalkthrough.debug.dylib -o /Users/wangrenzhu/work/LeafClinicWalkthrough/.build/xcode-derived-leaf-20260708224721/Build/Products/Debug-iphonesimulator/LeafClinicWalkthrough.app/LeafClinicWalkthrough

CopySwiftLibs /Users/wangrenzhu/work/LeafClinicWalkthrough/.build/xcode-derived-leaf-20260708224721/Build/Products/Debug-iphonesimulator/LeafClinicWalkthrough.app (in target 'LeafClinicWalkthrough' from project 'LeafClinicWalkthrough')
    cd /Users/wangrenzhu/work/LeafClinicWalkthrough
    builtin-swiftStdLibTool --copy --verbose --scan-executable /Users/wangrenzhu/work/LeafClinicWalkthrough/.build/xcode-derived-leaf-20260708224721/Build/Products/Debug-iphonesimulator/LeafClinicWalkthrough.app/LeafClinicWalkthrough.debug.dylib --scan-folder /Users/wangrenzhu/work/LeafClinicWalkthrough/.build/xcode-derived-leaf-20260708224721/Build/Products/Debug-iphonesimulator/LeafClinicWalkthrough.app/Frameworks --scan-folder /Users/wangrenzhu/work/LeafClinicWalkthrough/.build/xcode-derived-leaf-20260708224721/Build/Products/Debug-iphonesimulator/LeafClinicWalkthrough.app/PlugIns --scan-folder /Users/wangrenzhu/work/LeafClinicWalkthrough/.build/xcode-derived-leaf-20260708224721/Build/Products/Debug-iphonesimulator/LeafClinicWalkthrough.app/SystemExtensions --scan-folder /Users/wangrenzhu/work/LeafClinicWalkthrough/.build/xcode-derived-leaf-20260708224721/Build/Products/Debug-iphonesimulator/LeafClinicWalkthrough.app/Extensions --platform iphonesimulator --toolchain /Applications/Xcode.app/Contents/Developer/Toolchains/XcodeDefault.xctoolchain --destination /Users/wangrenzhu/work/LeafClinicWalkthrough/.build/xcode-derived-leaf-20260708224721/Build/Products/Debug-iphonesimulator/LeafClinicWalkthrough.app/Frameworks --strip-bitcode --strip-bitcode-tool /Applications/Xcode.app/Contents/Developer/Toolchains/XcodeDefault.xctoolchain/usr/bin/bitcode_strip --emit-dependency-info /Users/wangrenzhu/work/LeafClinicWalkthrough/.build/xcode-derived-leaf-20260708224721/Build/Intermediates.noindex/LeafClinicWalkthrough.build/Debug-iphonesimulator/LeafClinicWalkthrough.build/SwiftStdLibToolInputDependencies.dep --filter-for-swift-os
Ignoring --strip-bitcode because --sign was not passed

ExtractAppIntentsMetadata (in target 'LeafClinicWalkthrough' from project 'LeafClinicWalkthrough')
    cd /Users/wangrenzhu/work/LeafClinicWalkthrough
    /Applications/Xcode.app/Contents/Developer/Toolchains/XcodeDefault.xctoolchain/usr/bin/appintentsmetadataprocessor --toolchain-dir /Applications/Xcode.app/Contents/Developer/Toolchains/XcodeDefault.xctoolchain --module-name LeafClinicWalkthrough --sdk-root /Applications/Xcode.app/Contents/Developer/Platforms/iPhoneSimulator.platform/Developer/SDKs/iPhoneSimulator26.5.sdk --xcode-version 17F113 --platform-family iOS --deployment-target 17.0 --bundle-identifier com.appfactory.leafclinicwalkthrough --output /Users/wangrenzhu/work/LeafClinicWalkthrough/.build/xcode-derived-leaf-20260708224721/Build/Products/Debug-iphonesimulator/LeafClinicWalkthrough.app --target-triple arm64-apple-ios17.0-simulator --binary-file /Users/wangrenzhu/work/LeafClinicWalkthrough/.build/xcode-derived-leaf-20260708224721/Build/Products/Debug-iphonesimulator/LeafClinicWalkthrough.app/LeafClinicWalkthrough --dependency-file /Users/wangrenzhu/work/LeafClinicWalkthrough/.build/xcode-derived-leaf-20260708224721/Build/Intermediates.noindex/LeafClinicWalkthrough.build/Debug-iphonesimulator/LeafClinicWalkthrough.build/Objects-normal/arm64/LeafClinicWalkthrough_dependency_info.dat --stringsdata-file /Users/wangrenzhu/work/LeafClinicWalkthrough/.build/xcode-derived-leaf-20260708224721/Build/Intermediates.noindex/LeafClinicWalkthrough.build/Debug-iphonesimulator/LeafClinicWalkthrough.build/Objects-normal/arm64/ExtractedAppShortcutsMetadata.stringsdata --source-file-list /Users/wangrenzhu/work/LeafClinicWalkthrough/.build/xcode-derived-leaf-20260708224721/Build/Intermediates.noindex/LeafClinicWalkthrough.build/Debug-iphonesimulator/LeafClinicWalkthrough.build/Objects-normal/arm64/LeafClinicWalkthrough.SwiftFileList --metadata-file-list /Users/wangrenzhu/work/LeafClinicWalkthrough/.build/xcode-derived-leaf-20260708224721/Build/Intermediates.noindex/LeafClinicWalkthrough.build/Debug-iphonesimulator/LeafClinicWalkthrough.build/LeafClinicWalkthrough.DependencyMetadataFileList --static-metadata-file-list /Users/wangrenzhu/work/LeafClinicWalkthrough/.build/xcode-derived-leaf-20260708224721/Build/Intermediates.noindex/LeafClinicWalkthrough.build/Debug-iphonesimulator/LeafClinicWalkthrough.build/LeafClinicWalkthrough.DependencyStaticMetadataFileList --swift-const-vals-list /Users/wangrenzhu/work/LeafClinicWalkthrough/.build/xcode-derived-leaf-20260708224721/Build/Intermediates.noindex/LeafClinicWalkthrough.build/Debug-iphonesimulator/LeafClinicWalkthrough.build/Objects-normal/arm64/LeafClinicWalkthrough.SwiftConstValuesFileList --compile-time-extraction --deployment-aware-processing --validate-assistant-intents --no-app-shortcuts-localization
2026-07-08 22:47:35.292 appintentsmetadataprocessor[85322:268741114] Starting appintentsmetadataprocessor export
2026-07-08 22:47:35.293 appintentsmetadataprocessor[85322:268741114] warning: Metadata extraction skipped. No AppIntents.framework dependency found.

AppIntentsSSUTraining (in target 'LeafClinicWalkthrough' from project 'LeafClinicWalkthrough')
    cd /Users/wangrenzhu/work/LeafClinicWalkthrough
    /Applications/Xcode.app/Contents/Developer/Toolchains/XcodeDefault.xctoolchain/usr/bin/appintentsnltrainingprocessor --infoplist-path /Users/wangrenzhu/work/LeafClinicWalkthrough/.build/xcode-derived-leaf-20260708224721/Build/Products/Debug-iphonesimulator/LeafClinicWalkthrough.app/Info.plist --temp-dir-path /Users/wangrenzhu/work/LeafClinicWalkthrough/.build/xcode-derived-leaf-20260708224721/Build/Intermediates.noindex/LeafClinicWalkthrough.build/Debug-iphonesimulator/LeafClinicWalkthrough.build/ssu --bundle-id com.appfactory.leafclinicwalkthrough --product-path /Users/wangrenzhu/work/LeafClinicWalkthrough/.build/xcode-derived-leaf-20260708224721/Build/Products/Debug-iphonesimulator/LeafClinicWalkthrough.app --extracted-metadata-path /Users/wangrenzhu/work/LeafClinicWalkthrough/.build/xcode-derived-leaf-20260708224721/Build/Products/Debug-iphonesimulator/LeafClinicWalkthrough.app/Metadata.appintents --metadata-file-list /Users/wangrenzhu/work/LeafClinicWalkthrough/.build/xcode-derived-leaf-20260708224721/Build/Intermediates.noindex/LeafClinicWalkthrough.build/Debug-iphonesimulator/LeafClinicWalkthrough.build/LeafClinicWalkthrough.DependencyMetadataFileList --source-file /Users/wangrenzhu/work/LeafClinicWalkthrough/.build/xcode-derived-leaf-20260708224721/Build/Products/Debug-iphonesimulator/LeafClinicWalkthrough.app/Info.plist --archive-ssu-assets
2026-07-08 22:47:35.310 appintentsnltrainingprocessor[85323:268741116] Parsing options for appintentsnltrainingprocessor
2026-07-08 22:47:35.311 appintentsnltrainingprocessor[85323:268741116] Starting AppIntents SSU YAML Generation
2026-07-08 22:47:35.314 appintentsnltrainingprocessor[85323:268741116] No AppShortcuts found - Skipping.

RegisterExecutionPolicyException /Users/wangrenzhu/work/LeafClinicWalkthrough/.build/xcode-derived-leaf-20260708224721/Build/Products/Debug-iphonesimulator/LeafClinicWalkthrough.app (in target 'LeafClinicWalkthrough' from project 'LeafClinicWalkthrough')
    cd /Users/wangrenzhu/work/LeafClinicWalkthrough
    builtin-RegisterExecutionPolicyException /Users/wangrenzhu/work/LeafClinicWalkthrough/.build/xcode-derived-leaf-20260708224721/Build/Products/Debug-iphonesimulator/LeafClinicWalkthrough.app

Validate /Users/wangrenzhu/work/LeafClinicWalkthrough/.build/xcode-derived-leaf-20260708224721/Build/Products/Debug-iphonesimulator/LeafClinicWalkthrough.app (in target 'LeafClinicWalkthrough' from project 'LeafClinicWalkthrough')
    cd /Users/wangrenzhu/work/LeafClinicWalkthrough
    builtin-validationUtility /Users/wangrenzhu/work/LeafClinicWalkthrough/.build/xcode-derived-leaf-20260708224721/Build/Products/Debug-iphonesimulator/LeafClinicWalkthrough.app -shallow-bundle -infoplist-subpath Info.plist

Touch /Users/wangrenzhu/work/LeafClinicWalkthrough/.build/xcode-derived-leaf-20260708224721/Build/Products/Debug-iphonesimulator/LeafClinicWalkthrough.app (in target 'LeafClinicWalkthrough' from project 'LeafClinicWalkthrough')
    cd /Users/wangrenzhu/work/LeafClinicWalkthrough
    /usr/bin/touch -c /Users/wangrenzhu/work/LeafClinicWalkthrough/.build/xcode-derived-leaf-20260708224721/Build/Products/Debug-iphonesimulator/LeafClinicWalkthrough.app

** BUILD SUCCEEDED **

